2025-05-24T07:53:13.588Z - info: [ui] [AppStore] loading 0 repositories from store
2025-05-24T07:53:14.168Z - info: [ui] [Welcome] no sign in step found. ignoring...
2025-05-24T07:53:14.353Z - info: [ui] Opt in reported.
2025-05-24T07:53:14.391Z - info: [ui] launching: 3.4.13-linux1 (Linux 6.14.6-arch1-1)
2025-05-24T07:53:14.391Z - info: [ui] execPath: '/opt/github-desktop/github-desktop'
2025-05-24T07:53:14.391Z - info: [ui] [Welcome] no sign in step found. ignoring...
2025-05-24T07:53:14.595Z - info: [ui] [Welcome] no sign in step found. ignoring...
2025-05-24T07:53:14.653Z - info: [ui] [Welcome] no sign in step found. ignoring...
2025-05-24T07:53:14.860Z - info: [ui] [Welcome] no sign in step found. ignoring...
2025-05-24T07:53:15.106Z - info: [ui] [Welcome] no sign in step found. ignoring...
2025-05-24T07:53:15.217Z - info: [ui] [Welcome] no sign in step found. ignoring...
2025-05-24T07:53:19.238Z - info: [ui] [Welcome] advancing to step: SignInToDotComWithBrowser
2025-05-24T07:53:19.246Z - info: [ui] [SignInStore] initializing OAuth flow
2025-05-24T07:53:19.279Z - info: [main] opening in browser: https://github.com/login/oauth/authorize?client_id=3a723b10ac5575cc5bb9&scope=repo%20user%20workflow&state=ea73c721-6605-4028-a7a4-2c570a6ae854
2025-05-24T07:53:19.285Z - info: [ui] [Welcome] current sign in state not found. ignoring...
2025-05-24T07:53:23.162Z - info: [ui] [Welcome] kind Authentication is the same as Authentication. ignoring...
2025-05-24T07:53:53.034Z - info: [ui] [Welcome] kind Authentication is the same as Authentication. ignoring...
2025-05-24T07:56:41.016Z - info: [ui] [Welcome] kind Authentication is the same as Authentication. ignoring...
2025-05-24T07:56:43.129Z - info: [ui] [Welcome] kind Authentication is the same as Authentication. ignoring...
2025-05-24T07:56:55.492Z - info: [ui] [Welcome] kind Authentication is the same as Authentication. ignoring...
2025-05-24T07:56:55.986Z - info: [ui] [Welcome] kind Authentication is the same as Authentication. ignoring...
2025-05-24T07:56:56.058Z - info: [ui] [Welcome] kind Authentication is the same as Authentication. ignoring...
2025-05-24T07:56:57.188Z - info: [ui] [Welcome] kind Authentication is the same as Authentication. ignoring...
2025-05-24T07:56:58.540Z - info: [ui] [Welcome] advancing to step: Start
2025-05-24T07:57:00.356Z - info: [ui] [Welcome] advancing to step: SignInToDotComWithBrowser
2025-05-24T07:57:00.370Z - info: [ui] [SignInStore] initializing OAuth flow
2025-05-24T07:57:00.371Z - info: [main] opening in browser: https://github.com/login/oauth/authorize?client_id=3a723b10ac5575cc5bb9&scope=repo%20user%20workflow&state=243bf965-f816-4497-a4a7-e286af8dbb36
2025-05-24T07:57:00.371Z - info: [ui] [SignInStore] OAuth error but session has changed: Error: cancelled
2025-05-24T07:57:00.371Z - info: [ui] [Welcome] kind Authentication is the same as Authentication. ignoring...
2025-05-24T07:57:01.652Z - info: [ui] [Welcome] kind Authentication is the same as Authentication. ignoring...
2025-05-24T07:57:29.860Z - info: [main] Received possible protocol arguments: 3
2025-05-24T07:57:29.863Z - info: [main] Processing protocol url
2025-05-24T07:57:31.055Z - info: [ui] [Welcome] kind Authentication is the same as Authentication. ignoring...
2025-05-24T07:57:31.191Z - info: [ui] [Welcome] kind Authentication is the same as Authentication. ignoring...
2025-05-24T07:57:31.432Z - info: [ui] [SignInStore] account resolved
2025-05-24T07:57:31.444Z - info: [ui] [AppStore] adding account sh0rkie (Sh0rkie) to store
2025-05-24T07:57:31.853Z - info: [ui] [Welcome] advancing to step: ConfigureGit
2025-05-24T07:57:32.123Z - info: [ui] [Welcome] no sign in step found. ignoring...
2025-05-24T07:57:32.227Z - info: [ui] [Welcome] no sign in step found. ignoring...
2025-05-24T07:57:32.336Z - info: [ui] [Welcome] no sign in step found. ignoring...
2025-05-24T07:57:32.226Z - info: [main] Received possible protocol arguments: 2
2025-05-24T07:57:32.384Z - info: [main] Processing protocol url
2025-05-24T07:57:32.871Z - info: [ui] [Welcome] no sign in step found. ignoring...
2025-05-24T07:57:33.803Z - info: [ui] [Welcome] no sign in step found. ignoring...
2025-05-24T07:57:34.019Z - info: [ui] Subscribed 'sh0rkie' to Alive channel
2025-05-24T08:06:30.293Z - info: [ui] [AppStore] loading 0 repositories from store
2025-05-24T08:06:30.310Z - info: [ui] [AppStore] found account: sh0rkie (Sh0rkie)
2025-05-24T08:06:31.655Z - info: [ui] Subscribed 'sh0rkie' to Alive channel
2025-05-24T08:06:33.220Z - info: [ui] launching: 3.4.13-linux1 (Linux 6.14.6-arch1-1)
2025-05-24T08:06:33.232Z - info: [ui] execPath: '/opt/github-desktop/github-desktop'
2025-05-24T08:06:34.355Z - info: [ui] Stats reported.
2025-05-24T08:16:22.788Z - info: [ui] Executing clone: git -c init.defaultBranch=main clone --recursive --progress -- https://github.com/sh0rkie/dotfiles.git /home/miles/Documents/GitHub/dotfiles (took 580.525s)
2025-05-24T08:16:22.837Z - info: [ui] [AppStore] adding repository at /home/miles/Documents/GitHub/dotfiles to store
2025-05-24T08:16:25.565Z - info: [ui] Executing getBranchesDifferingFromUpstream: git for-each-ref --format=%00%(refname)%00%(objectname)%00%(upstream)%00%(symref)%00%(HEAD)%00 refs/heads refs/remotes (took 1.364s)
2025-05-24T08:16:25.601Z - info: [ui] Executing getRemotes: git remote -v (took 1.476s)
2025-05-24T08:16:26.333Z - info: [ui] Executing getStatus: git --no-optional-locks status --untracked-files=all --branch --porcelain=2 -z (took 2.203s)
2025-05-24T08:16:26.584Z - info: [ui] Executing getStatus: git --no-optional-locks status --untracked-files=all --branch --porcelain=2 -z (took 1.005s)
2025-05-24T08:16:28.204Z - info: [ui] [BranchPruner] No branches to prune.
