2025-04-29 12:04:08.421 [info] [main] Log level: Info
2025-04-29 12:04:08.421 [info] [main] Validating found git in: "git"
2025-04-29 12:04:08.421 [info] [main] Using git "2.49.0" from "git"
2025-04-29 12:04:08.421 [info] [Model][doInitialScan] Initial repository scan started
2025-04-29 12:04:08.421 [info] > git rev-parse --show-toplevel [13ms]
2025-04-29 12:04:08.421 [info] fatal: not a git repository (or any parent up to mount point /)
Stopping at filesystem boundary (GIT_DISCOVERY_ACROSS_FILESYSTEM not set).
2025-04-29 12:04:08.438 [info] > git rev-parse --show-toplevel [1ms]
2025-04-29 12:04:08.438 [info] fatal: not a git repository (or any parent up to mount point /)
Stopping at filesystem boundary (GIT_DISCOVERY_ACROSS_FILESYSTEM not set).
2025-04-29 12:04:08.451 [info] > git rev-parse --show-toplevel [3ms]
2025-04-29 12:04:08.451 [info] fatal: not a git repository (or any parent up to mount point /)
Stopping at filesystem boundary (GIT_DISCOVERY_ACROSS_FILESYSTEM not set).
2025-04-29 12:04:08.460 [info] > git rev-parse --show-toplevel [2ms]
2025-04-29 12:04:08.460 [info] fatal: not a git repository (or any parent up to mount point /)
Stopping at filesystem boundary (GIT_DISCOVERY_ACROSS_FILESYSTEM not set).
2025-04-29 12:04:08.466 [info] > git rev-parse --show-toplevel [1ms]
2025-04-29 12:04:08.466 [info] fatal: not a git repository (or any parent up to mount point /)
Stopping at filesystem boundary (GIT_DISCOVERY_ACROSS_FILESYSTEM not set).
2025-04-29 12:04:08.472 [info] > git rev-parse --show-toplevel [2ms]
2025-04-29 12:04:08.472 [info] fatal: not a git repository (or any parent up to mount point /)
Stopping at filesystem boundary (GIT_DISCOVERY_ACROSS_FILESYSTEM not set).
2025-04-29 12:04:08.479 [info] > git rev-parse --show-toplevel [2ms]
2025-04-29 12:04:08.479 [info] fatal: not a git repository (or any parent up to mount point /)
Stopping at filesystem boundary (GIT_DISCOVERY_ACROSS_FILESYSTEM not set).
2025-04-29 12:04:08.485 [info] > git rev-parse --show-toplevel [1ms]
2025-04-29 12:04:08.485 [info] fatal: not a git repository (or any parent up to mount point /)
Stopping at filesystem boundary (GIT_DISCOVERY_ACROSS_FILESYSTEM not set).
2025-04-29 12:04:08.492 [info] > git rev-parse --show-toplevel [2ms]
2025-04-29 12:04:08.492 [info] fatal: not a git repository (or any parent up to mount point /)
Stopping at filesystem boundary (GIT_DISCOVERY_ACROSS_FILESYSTEM not set).
2025-04-29 12:04:08.503 [info] > git rev-parse --show-toplevel [6ms]
2025-04-29 12:04:08.503 [info] fatal: not a git repository (or any parent up to mount point /)
Stopping at filesystem boundary (GIT_DISCOVERY_ACROSS_FILESYSTEM not set).
2025-04-29 12:04:08.512 [info] > git rev-parse --show-toplevel [3ms]
2025-04-29 12:04:08.512 [info] fatal: not a git repository (or any parent up to mount point /)
Stopping at filesystem boundary (GIT_DISCOVERY_ACROSS_FILESYSTEM not set).
2025-04-29 12:04:08.521 [info] > git rev-parse --show-toplevel [2ms]
2025-04-29 12:04:08.521 [info] fatal: not a git repository (or any parent up to mount point /)
Stopping at filesystem boundary (GIT_DISCOVERY_ACROSS_FILESYSTEM not set).
2025-04-29 12:04:08.531 [info] > git rev-parse --show-toplevel [1ms]
2025-04-29 12:04:08.531 [info] fatal: not a git repository (or any parent up to mount point /)
Stopping at filesystem boundary (GIT_DISCOVERY_ACROSS_FILESYSTEM not set).
2025-04-29 12:04:08.542 [info] > git rev-parse --show-toplevel [3ms]
2025-04-29 12:04:08.542 [info] fatal: not a git repository (or any parent up to mount point /)
Stopping at filesystem boundary (GIT_DISCOVERY_ACROSS_FILESYSTEM not set).
2025-04-29 12:04:08.573 [info] > git rev-parse --show-toplevel [19ms]
2025-04-29 12:04:08.573 [info] fatal: not a git repository (or any parent up to mount point /)
Stopping at filesystem boundary (GIT_DISCOVERY_ACROSS_FILESYSTEM not set).
2025-04-29 12:04:08.593 [info] > git rev-parse --show-toplevel [4ms]
2025-04-29 12:04:08.593 [info] fatal: not a git repository (or any parent up to mount point /)
Stopping at filesystem boundary (GIT_DISCOVERY_ACROSS_FILESYSTEM not set).
2025-04-29 12:04:08.605 [info] > git rev-parse --show-toplevel [1ms]
2025-04-29 12:04:08.605 [info] fatal: not a git repository (or any parent up to mount point /)
Stopping at filesystem boundary (GIT_DISCOVERY_ACROSS_FILESYSTEM not set).
2025-04-29 12:04:08.619 [info] > git rev-parse --show-toplevel [2ms]
2025-04-29 12:04:08.619 [info] fatal: not a git repository (or any parent up to mount point /)
Stopping at filesystem boundary (GIT_DISCOVERY_ACROSS_FILESYSTEM not set).
2025-04-29 12:04:08.627 [info] > git rev-parse --show-toplevel [2ms]
2025-04-29 12:04:08.627 [info] fatal: not a git repository (or any parent up to mount point /)
Stopping at filesystem boundary (GIT_DISCOVERY_ACROSS_FILESYSTEM not set).
2025-04-29 12:04:08.633 [info] > git rev-parse --show-toplevel [1ms]
2025-04-29 12:04:08.633 [info] fatal: not a git repository (or any parent up to mount point /)
Stopping at filesystem boundary (GIT_DISCOVERY_ACROSS_FILESYSTEM not set).
2025-04-29 12:04:08.640 [info] > git rev-parse --show-toplevel [2ms]
2025-04-29 12:04:08.640 [info] fatal: not a git repository (or any parent up to mount point /)
Stopping at filesystem boundary (GIT_DISCOVERY_ACROSS_FILESYSTEM not set).
2025-04-29 12:04:08.641 [info] [Model][doInitialScan] Initial repository scan completed - repositories (0), closed repositories (0), parent repositories (0), unsafe repositories (0)
2025-04-29 12:04:10.498 [info] > git rev-parse --show-toplevel [2ms]
2025-04-29 12:04:10.498 [info] fatal: not a git repository (or any parent up to mount point /)
Stopping at filesystem boundary (GIT_DISCOVERY_ACROSS_FILESYSTEM not set).
2025-04-29 12:04:13.255 [info] > git rev-parse --show-toplevel [6ms]
2025-04-29 12:04:13.256 [info] fatal: not a git repository (or any parent up to mount point /)
Stopping at filesystem boundary (GIT_DISCOVERY_ACROSS_FILESYSTEM not set).
2025-04-29 12:04:17.639 [info] > git rev-parse --show-toplevel [8ms]
2025-04-29 12:04:17.639 [info] fatal: not a git repository (or any parent up to mount point /)
Stopping at filesystem boundary (GIT_DISCOVERY_ACROSS_FILESYSTEM not set).
2025-04-29 12:06:17.887 [info] > git init -b main [22ms]
2025-04-29 12:06:17.903 [info] > git rev-parse --show-toplevel [4ms]
2025-04-29 12:06:17.929 [info] > git rev-parse --git-dir --git-common-dir [4ms]
2025-04-29 12:06:18.012 [info] [Model][openRepository] Opened repository: /home/miles/.config
2025-04-29 12:06:18.094 [info] > git config --get commit.template [31ms]
2025-04-29 12:06:18.138 [info] [Git][getRemotes] No remotes found in the git config file
2025-04-29 12:06:18.142 [info] > git for-each-ref --format=%(refname)%00%(upstream:short)%00%(objectname)%00%(upstream:track)%00%(upstream:remotename)%00%(upstream:remoteref) refs/heads/main refs/remotes/main [9ms]
2025-04-29 12:06:18.145 [warning] [Git][getBranch] No such branch: main
2025-04-29 12:06:18.275 [info] > git status -z -uall [94ms]
2025-04-29 12:06:18.387 [info] > git for-each-ref --sort -committerdate --format %(refname)%00%(objectname)%00%(*objectname) [128ms]
2025-04-29 12:06:20.638 [info] > git for-each-ref --format=%(refname)%00%(upstream:short)%00%(objectname)%00%(upstream:track)%00%(upstream:remotename)%00%(upstream:remoteref) refs/heads/main refs/remotes/main [2070ms]
2025-04-29 12:06:20.639 [warning] [Git][getBranch] No such branch: main
2025-04-29 12:06:20.658 [error] [GitHistoryProvider][resolveHEADMergeBase] Failed to resolve merge base for main: Error: No such branch: main.
2025-04-29 12:06:20.839 [info] > git config --get commit.template [209ms]
2025-04-29 12:06:20.871 [info] [Git][getRemotes] No remotes found in the git config file
2025-04-29 12:06:20.876 [info] > git for-each-ref --format=%(refname)%00%(upstream:short)%00%(objectname)%00%(upstream:track)%00%(upstream:remotename)%00%(upstream:remoteref) refs/heads/main refs/remotes/main [5ms]
2025-04-29 12:06:20.876 [warning] [Git][getBranch] No such branch: main
2025-04-29 12:06:20.961 [info] > git status -z -uall [65ms]
2025-04-29 12:06:20.962 [info] > git for-each-ref --sort -committerdate --format %(refname)%00%(objectname)%00%(*objectname) [13ms]
2025-04-29 12:06:23.266 [info] > git check-ignore -v -z --stdin [91ms]
2025-04-29 12:06:23.290 [info] > git log --format=%H%n%aN%n%aE%n%at%n%ct%n%P%n%D%n%B -z --shortstat --diff-merges=first-parent -n50 --skip=0 --topo-order --decorate=full --stdin [72ms]
2025-04-29 12:06:23.290 [info] fatal: bad revision 'refs/heads/main'
2025-04-29 12:06:23.296 [error] [GitHistoryProvider][provideHistoryItems] Failed to get history items with options '{"historyItemRefs":["refs/heads/main"],"limit":50,"skip":0}': Failed to execute git {
  "exitCode": 128,
  "gitCommand": "log",
  "stdout": "",
  "stderr": "fatal: bad revision 'refs/heads/main'\n"
}
2025-04-29 12:06:23.741 [info] > git check-ignore -v -z --stdin [11ms]
2025-04-29 12:06:24.293 [info] [Git][getRemotes] No remotes found in the git config file
2025-04-29 12:06:24.294 [info] > git config --get commit.template [19ms]
2025-04-29 12:06:24.299 [info] > git for-each-ref --format=%(refname)%00%(upstream:short)%00%(objectname)%00%(upstream:track)%00%(upstream:remotename)%00%(upstream:remoteref) refs/heads/main refs/remotes/main [8ms]
2025-04-29 12:06:24.301 [warning] [Git][getBranch] No such branch: main
2025-04-29 12:06:24.364 [info] > git for-each-ref --sort -committerdate --format %(refname)%00%(objectname)%00%(*objectname) [9ms]
2025-04-29 12:06:24.381 [info] > git status -z -uall [55ms]
2025-04-29 12:06:26.511 [info] > git check-ignore -v -z --stdin [8ms]
2025-04-29 12:06:27.939 [info] > git check-ignore -v -z --stdin [8ms]
2025-04-29 12:06:29.495 [info] [Git][getRemotes] No remotes found in the git config file
2025-04-29 12:06:29.496 [info] > git config --get commit.template [19ms]
2025-04-29 12:06:29.497 [info] > git for-each-ref --format=%(refname)%00%(upstream:short)%00%(objectname)%00%(upstream:track)%00%(upstream:remotename)%00%(upstream:remoteref) refs/heads/main refs/remotes/main [2ms]
2025-04-29 12:06:29.498 [warning] [Git][getBranch] No such branch: main
2025-04-29 12:06:29.563 [info] > git status -z -uall [42ms]
2025-04-29 12:06:29.563 [info] > git for-each-ref --sort -committerdate --format %(refname)%00%(objectname)%00%(*objectname) [16ms]
2025-04-29 12:06:31.976 [info] > git check-ignore -v -z --stdin [10ms]
2025-04-29 12:06:32.889 [info] > git check-ignore -v -z --stdin [2ms]
2025-04-29 12:06:33.926 [info] > git check-ignore -v -z --stdin [1ms]
2025-04-29 12:06:34.723 [info] [Git][getRemotes] No remotes found in the git config file
2025-04-29 12:06:34.727 [info] > git config --get commit.template [45ms]
2025-04-29 12:06:34.731 [info] > git for-each-ref --format=%(refname)%00%(upstream:short)%00%(objectname)%00%(upstream:track)%00%(upstream:remotename)%00%(upstream:remoteref) refs/heads/main refs/remotes/main [8ms]
2025-04-29 12:06:34.731 [warning] [Git][getBranch] No such branch: main
2025-04-29 12:06:34.789 [info] > git for-each-ref --sort -committerdate --format %(refname)%00%(objectname)%00%(*objectname) [5ms]
2025-04-29 12:06:34.817 [info] > git status -z -uall [61ms]
2025-04-29 12:06:39.943 [info] > git config --get commit.template [15ms]
2025-04-29 12:06:39.945 [info] [Git][getRemotes] No remotes found in the git config file
2025-04-29 12:06:39.949 [info] > git for-each-ref --format=%(refname)%00%(upstream:short)%00%(objectname)%00%(upstream:track)%00%(upstream:remotename)%00%(upstream:remoteref) refs/heads/main refs/remotes/main [14ms]
2025-04-29 12:06:39.950 [warning] [Git][getBranch] No such branch: main
2025-04-29 12:06:40.014 [info] > git for-each-ref --sort -committerdate --format %(refname)%00%(objectname)%00%(*objectname) [7ms]
2025-04-29 12:06:40.021 [info] > git status -z -uall [47ms]
2025-04-29 12:06:45.147 [info] [Git][getRemotes] No remotes found in the git config file
2025-04-29 12:06:45.149 [info] > git config --get commit.template [15ms]
2025-04-29 12:06:45.150 [info] > git for-each-ref --format=%(refname)%00%(upstream:short)%00%(objectname)%00%(upstream:track)%00%(upstream:remotename)%00%(upstream:remoteref) refs/heads/main refs/remotes/main [4ms]
2025-04-29 12:06:45.150 [warning] [Git][getBranch] No such branch: main
2025-04-29 12:06:45.212 [info] > git status -z -uall [42ms]
2025-04-29 12:06:45.228 [info] > git for-each-ref --sort -committerdate --format %(refname)%00%(objectname)%00%(*objectname) [27ms]
2025-04-29 12:07:41.277 [info] > git config --get commit.template [16ms]
2025-04-29 12:07:41.315 [info] [Git][getRemotes] No remotes found in the git config file
2025-04-29 12:07:41.324 [info] > git for-each-ref --format=%(refname)%00%(upstream:short)%00%(objectname)%00%(upstream:track)%00%(upstream:remotename)%00%(upstream:remoteref) refs/heads/main refs/remotes/main [9ms]
2025-04-29 12:07:41.326 [warning] [Git][getBranch] No such branch: main
2025-04-29 12:07:41.389 [info] > git for-each-ref --sort -committerdate --format %(refname)%00%(objectname)%00%(*objectname) [12ms]
2025-04-29 12:07:41.407 [info] > git status -z -uall [57ms]
2025-04-29 12:10:37.416 [info] [Git][getRemotes] No remotes found in the git config file
2025-04-29 12:10:37.419 [info] > git config --get commit.template [34ms]
2025-04-29 12:10:37.422 [info] > git for-each-ref --format=%(refname)%00%(upstream:short)%00%(objectname)%00%(upstream:track)%00%(upstream:remotename)%00%(upstream:remoteref) refs/heads/main refs/remotes/main [13ms]
2025-04-29 12:10:37.422 [warning] [Git][getBranch] No such branch: main
2025-04-29 12:10:37.494 [info] > git status -z -uall [48ms]
2025-04-29 12:10:37.527 [info] > git for-each-ref --sort -committerdate --format %(refname)%00%(objectname)%00%(*objectname) [64ms]
