2025-04-29 12:16:26.615 [info] Extension host with pid 2726 started
2025-04-29 12:16:26.615 [info] Skipping acquiring lock for /home/miles/.config/Code - OSS/User/workspaceStorage/8e1a783865b393bf8d5ac06d24750e87.
2025-04-29 12:16:27.392 [info] ExtensionService#_doActivateExtension vscode.emmet, startup: false, activationEvent: 'onLanguage'
2025-04-29 12:16:27.975 [info] ExtensionService#_doActivateExtension vscode.git-base, startup: true, activationEvent: '*', root cause: vscode.git
2025-04-29 12:16:28.032 [info] ExtensionService#_doActivateExtension vscode.git, startup: true, activationEvent: '*'
2025-04-29 12:16:28.347 [info] ExtensionService#_doActivateExtension vscode.github, startup: true, activationEvent: '*'
2025-04-29 12:16:28.828 [info] Eager extensions activated
2025-04-29 12:16:29.040 [info] ExtensionService#_doActivateExtension vscode.debug-auto-launch, startup: false, activationEvent: 'onStartupFinished'
2025-04-29 12:16:29.058 [info] ExtensionService#_doActivateExtension vscode.merge-conflict, startup: false, activationEvent: 'onStartupFinished'
2025-04-29 12:16:30.452 [warning] [Decorations] CAPPING events from decorations provider vscode.git 2671
2025-04-29 12:16:32.463 [warning] [Decorations] CAPPING events from decorations provider vscode.git 2672
2025-04-29 12:16:35.091 [warning] [Decorations] CAPPING events from decorations provider vscode.git 2672
2025-04-29 12:16:40.607 [warning] [Decorations] CAPPING events from decorations provider vscode.git 2672
2025-04-29 12:16:46.374 [warning] [Decorations] CAPPING events from decorations provider vscode.git 2672
2025-04-29 12:16:56.946 [info] ExtensionService#_doActivateExtension vscode.configuration-editing, startup: false, activationEvent: 'onLanguage:jsonc'
2025-04-29 12:16:56.994 [info] ExtensionService#_doActivateExtension vscode.json-language-features, startup: false, activationEvent: 'onLanguage:jsonc'
2025-04-29 12:16:57.594 [info] ExtensionService#_doActivateExtension vscode.typescript-language-features, startup: false, activationEvent: 'onLanguage:jsonc'
2025-04-29 12:17:03.737 [warning] [Decorations] CAPPING events from decorations provider vscode.git 2675
2025-04-29 12:17:05.001 [warning] [Decorations] CAPPING events from decorations provider vscode.git 2675
2025-04-29 12:17:18.849 [warning] [Decorations] CAPPING events from decorations provider vscode.git 2676
2025-04-29 12:17:24.077 [warning] [Decorations] CAPPING events from decorations provider vscode.git 2676
2025-04-29 12:17:29.248 [warning] [Decorations] CAPPING events from decorations provider vscode.git 2676
2025-04-29 12:17:30.729 [warning] [Decorations] CAPPING events from decorations provider vscode.git 2676
2025-04-29 12:18:17.320 [warning] [Decorations] CAPPING events from decorations provider vscode.git 2676
2025-04-29 12:18:19.251 [warning] [Decorations] CAPPING events from decorations provider vscode.git 2677
2025-04-29 12:19:50.380 [warning] [Decorations] CAPPING events from decorations provider vscode.git 2677
2025-04-29 12:19:57.389 [warning] [Decorations] CAPPING events from decorations provider vscode.git 2677
2025-04-29 12:19:58.812 [warning] [Decorations] CAPPING events from decorations provider vscode.git 2677
2025-04-29 12:20:04.095 [warning] [Decorations] CAPPING events from decorations provider vscode.git 2677
2025-04-29 12:20:09.318 [warning] [Decorations] CAPPING events from decorations provider vscode.git 2677
2025-04-29 12:20:14.554 [warning] [Decorations] CAPPING events from decorations provider vscode.git 2677
2025-04-29 12:20:19.853 [warning] [Decorations] CAPPING events from decorations provider vscode.git 2677
2025-04-29 12:20:25.113 [warning] [Decorations] CAPPING events from decorations provider vscode.git 2677
2025-04-29 12:20:30.363 [warning] [Decorations] CAPPING events from decorations provider vscode.git 2677
2025-04-29 12:20:35.595 [warning] [Decorations] CAPPING events from decorations provider vscode.git 2677
2025-04-29 12:20:40.822 [warning] [Decorations] CAPPING events from decorations provider vscode.git 2677
2025-04-29 12:20:46.063 [warning] [Decorations] CAPPING events from decorations provider vscode.git 2677
2025-04-29 12:20:51.294 [warning] [Decorations] CAPPING events from decorations provider vscode.git 2677
2025-04-29 12:20:56.530 [warning] [Decorations] CAPPING events from decorations provider vscode.git 2677
2025-04-29 12:21:01.764 [warning] [Decorations] CAPPING events from decorations provider vscode.git 2677
2025-04-29 12:21:06.993 [warning] [Decorations] CAPPING events from decorations provider vscode.git 2677
2025-04-29 12:21:12.233 [warning] [Decorations] CAPPING events from decorations provider vscode.git 2677
2025-04-29 12:21:17.504 [warning] [Decorations] CAPPING events from decorations provider vscode.git 2677
2025-04-29 12:21:30.087 [warning] [Decorations] CAPPING events from decorations provider vscode.git 2677
2025-04-29 12:21:31.447 [warning] [Decorations] CAPPING events from decorations provider vscode.git 2677
2025-04-29 12:21:36.790 [warning] [Decorations] CAPPING events from decorations provider vscode.git 2677
2025-04-29 12:21:42.027 [warning] [Decorations] CAPPING events from decorations provider vscode.git 2677
2025-04-29 12:21:47.220 [warning] [Decorations] CAPPING events from decorations provider vscode.git 2677
2025-04-29 12:21:49.997 [warning] [Decorations] CAPPING events from decorations provider vscode.git 2677
