2025-05-24 06:50:57 Loading main app package /usr/lib/obsidian/obsidian.asar
2025-05-24 06:50:58 Checking for update using Github
2025-05-24 06:50:58 Success.
2025-05-24 06:50:58 Latest version is 1.8.10
2025-05-24 06:50:58 App is up to date.
2025-05-24 07:00:55 Loading main app package /usr/lib/obsidian/obsidian.asar
2025-05-24 07:00:55 Checking for update using Github
2025-05-24 07:00:56 Success.
2025-05-24 07:00:56 Latest version is 1.8.10
2025-05-24 07:00:56 App is up to date.
2025-05-24 07:12:10 Loading main app package /usr/lib/obsidian/obsidian.asar
2025-05-24 07:12:10 Checking for update using Github
2025-05-24 07:12:11 Success.
2025-05-24 07:12:11 Latest version is 1.8.10
2025-05-24 07:12:11 App is up to date.
2025-05-24 07:24:51 Loading main app package /usr/lib/obsidian/obsidian.asar
2025-05-24 07:24:52 Checking for update using Github
2025-05-24 07:24:53 Success.
2025-05-24 07:24:53 Latest version is 1.8.10
2025-05-24 07:24:53 App is up to date.
2025-05-24 07:27:13 Loading main app package /usr/lib/obsidian/obsidian.asar
2025-05-24 07:27:17 Checking for update using Github
2025-05-24 07:27:18 Success.
2025-05-24 07:27:18 Latest version is 1.8.10
2025-05-24 07:27:18 App is up to date.
2025-05-24 07:29:41 Loading main app package /usr/lib/obsidian/obsidian.asar
2025-05-24 07:29:42 Checking for update using Github
2025-05-24 07:29:43 Success.
2025-05-24 07:29:43 Latest version is 1.8.10
2025-05-24 07:29:43 App is up to date.
