2025-04-26 15:59:54.608 [info] [main] Log level: Info
2025-04-26 15:59:54.608 [info] [main] Validating found git in: "git"
2025-04-26 15:59:54.608 [info] [main] Using git "2.49.0" from "git"
2025-04-26 15:59:54.608 [info] [Model][doInitialScan] Initial repository scan started
2025-04-26 15:59:54.608 [info] > git rev-parse --show-toplevel [199ms]
2025-04-26 15:59:54.608 [info] fatal: not a git repository (or any parent up to mount point /)
Stopping at filesystem boundary (GIT_DISCOVERY_ACROSS_FILESYSTEM not set).
2025-04-26 15:59:54.608 [info] > git rev-parse --show-toplevel [1778ms]
2025-04-26 15:59:54.608 [info] fatal: not a git repository (or any parent up to mount point /)
Stopping at filesystem boundary (GIT_DISCOVERY_ACROSS_FILESYSTEM not set).
2025-04-26 15:59:54.993 [info] > git rev-parse --show-toplevel [5ms]
2025-04-26 15:59:54.993 [info] fatal: not a git repository (or any parent up to mount point /)
Stopping at filesystem boundary (GIT_DISCOVERY_ACROSS_FILESYSTEM not set).
2025-04-26 15:59:55.020 [info] > git rev-parse --show-toplevel [5ms]
2025-04-26 15:59:55.021 [info] fatal: not a git repository (or any parent up to mount point /)
Stopping at filesystem boundary (GIT_DISCOVERY_ACROSS_FILESYSTEM not set).
2025-04-26 15:59:55.038 [info] > git rev-parse --show-toplevel [3ms]
2025-04-26 15:59:55.038 [info] fatal: not a git repository (or any parent up to mount point /)
Stopping at filesystem boundary (GIT_DISCOVERY_ACROSS_FILESYSTEM not set).
2025-04-26 15:59:55.054 [info] > git rev-parse --show-toplevel [5ms]
2025-04-26 15:59:55.054 [info] fatal: not a git repository (or any parent up to mount point /)
Stopping at filesystem boundary (GIT_DISCOVERY_ACROSS_FILESYSTEM not set).
2025-04-26 15:59:55.074 [info] > git rev-parse --show-toplevel [4ms]
2025-04-26 15:59:55.074 [info] fatal: not a git repository (or any parent up to mount point /)
Stopping at filesystem boundary (GIT_DISCOVERY_ACROSS_FILESYSTEM not set).
2025-04-26 15:59:55.090 [info] > git rev-parse --show-toplevel [4ms]
2025-04-26 15:59:55.090 [info] fatal: not a git repository (or any parent up to mount point /)
Stopping at filesystem boundary (GIT_DISCOVERY_ACROSS_FILESYSTEM not set).
2025-04-26 15:59:55.108 [info] > git rev-parse --show-toplevel [3ms]
2025-04-26 15:59:55.108 [info] fatal: not a git repository (or any parent up to mount point /)
Stopping at filesystem boundary (GIT_DISCOVERY_ACROSS_FILESYSTEM not set).
2025-04-26 15:59:55.134 [info] > git rev-parse --show-toplevel [2ms]
2025-04-26 15:59:55.134 [info] fatal: not a git repository (or any parent up to mount point /)
Stopping at filesystem boundary (GIT_DISCOVERY_ACROSS_FILESYSTEM not set).
2025-04-26 15:59:55.158 [info] > git rev-parse --show-toplevel [4ms]
2025-04-26 15:59:55.158 [info] fatal: not a git repository (or any parent up to mount point /)
Stopping at filesystem boundary (GIT_DISCOVERY_ACROSS_FILESYSTEM not set).
2025-04-26 15:59:55.192 [info] > git rev-parse --show-toplevel [9ms]
2025-04-26 15:59:55.192 [info] fatal: not a git repository (or any parent up to mount point /)
Stopping at filesystem boundary (GIT_DISCOVERY_ACROSS_FILESYSTEM not set).
2025-04-26 15:59:55.240 [info] > git rev-parse --show-toplevel [15ms]
2025-04-26 15:59:55.240 [info] fatal: not a git repository (or any parent up to mount point /)
Stopping at filesystem boundary (GIT_DISCOVERY_ACROSS_FILESYSTEM not set).
2025-04-26 15:59:55.283 [info] > git rev-parse --show-toplevel [3ms]
2025-04-26 15:59:55.283 [info] fatal: not a git repository (or any parent up to mount point /)
Stopping at filesystem boundary (GIT_DISCOVERY_ACROSS_FILESYSTEM not set).
2025-04-26 15:59:55.322 [info] > git rev-parse --show-toplevel [10ms]
2025-04-26 15:59:55.322 [info] fatal: not a git repository (or any parent up to mount point /)
Stopping at filesystem boundary (GIT_DISCOVERY_ACROSS_FILESYSTEM not set).
2025-04-26 15:59:55.356 [info] > git rev-parse --show-toplevel [14ms]
2025-04-26 15:59:55.356 [info] fatal: not a git repository (or any parent up to mount point /)
Stopping at filesystem boundary (GIT_DISCOVERY_ACROSS_FILESYSTEM not set).
2025-04-26 15:59:55.379 [info] > git rev-parse --show-toplevel [8ms]
2025-04-26 15:59:55.380 [info] fatal: not a git repository (or any parent up to mount point /)
Stopping at filesystem boundary (GIT_DISCOVERY_ACROSS_FILESYSTEM not set).
2025-04-26 15:59:55.396 [info] > git rev-parse --show-toplevel [3ms]
2025-04-26 15:59:55.396 [info] fatal: not a git repository (or any parent up to mount point /)
Stopping at filesystem boundary (GIT_DISCOVERY_ACROSS_FILESYSTEM not set).
2025-04-26 15:59:55.414 [info] > git rev-parse --show-toplevel [4ms]
2025-04-26 15:59:55.414 [info] fatal: not a git repository (or any parent up to mount point /)
Stopping at filesystem boundary (GIT_DISCOVERY_ACROSS_FILESYSTEM not set).
2025-04-26 15:59:55.428 [info] > git rev-parse --show-toplevel [3ms]
2025-04-26 15:59:55.428 [info] fatal: not a git repository (or any parent up to mount point /)
Stopping at filesystem boundary (GIT_DISCOVERY_ACROSS_FILESYSTEM not set).
2025-04-26 15:59:55.445 [info] > git rev-parse --show-toplevel [2ms]
2025-04-26 15:59:55.445 [info] fatal: not a git repository (or any parent up to mount point /)
Stopping at filesystem boundary (GIT_DISCOVERY_ACROSS_FILESYSTEM not set).
2025-04-26 15:59:55.500 [info] > git rev-parse --show-toplevel [4ms]
2025-04-26 15:59:55.500 [info] fatal: not a git repository (or any parent up to mount point /)
Stopping at filesystem boundary (GIT_DISCOVERY_ACROSS_FILESYSTEM not set).
2025-04-26 15:59:55.527 [info] > git rev-parse --show-toplevel [6ms]
2025-04-26 15:59:55.527 [info] fatal: not a git repository (or any parent up to mount point /)
Stopping at filesystem boundary (GIT_DISCOVERY_ACROSS_FILESYSTEM not set).
2025-04-26 15:59:55.572 [info] > git rev-parse --show-toplevel [5ms]
2025-04-26 15:59:55.572 [info] fatal: not a git repository (or any parent up to mount point /)
Stopping at filesystem boundary (GIT_DISCOVERY_ACROSS_FILESYSTEM not set).
2025-04-26 15:59:55.587 [info] > git rev-parse --show-toplevel [3ms]
2025-04-26 15:59:55.587 [info] fatal: not a git repository (or any parent up to mount point /)
Stopping at filesystem boundary (GIT_DISCOVERY_ACROSS_FILESYSTEM not set).
2025-04-26 15:59:55.605 [info] > git rev-parse --show-toplevel [1ms]
2025-04-26 15:59:55.605 [info] fatal: not a git repository (or any parent up to mount point /)
Stopping at filesystem boundary (GIT_DISCOVERY_ACROSS_FILESYSTEM not set).
2025-04-26 15:59:55.621 [info] > git rev-parse --show-toplevel [2ms]
2025-04-26 15:59:55.622 [info] fatal: not a git repository (or any parent up to mount point /)
Stopping at filesystem boundary (GIT_DISCOVERY_ACROSS_FILESYSTEM not set).
2025-04-26 15:59:55.634 [info] > git rev-parse --show-toplevel [1ms]
2025-04-26 15:59:55.634 [info] fatal: not a git repository (or any parent up to mount point /)
Stopping at filesystem boundary (GIT_DISCOVERY_ACROSS_FILESYSTEM not set).
2025-04-26 15:59:55.643 [info] > git rev-parse --show-toplevel [2ms]
2025-04-26 15:59:55.643 [info] fatal: not a git repository (or any parent up to mount point /)
Stopping at filesystem boundary (GIT_DISCOVERY_ACROSS_FILESYSTEM not set).
2025-04-26 15:59:55.655 [info] > git rev-parse --show-toplevel [2ms]
2025-04-26 15:59:55.655 [info] fatal: not a git repository (or any parent up to mount point /)
Stopping at filesystem boundary (GIT_DISCOVERY_ACROSS_FILESYSTEM not set).
2025-04-26 15:59:55.656 [info] [Model][doInitialScan] Initial repository scan completed - repositories (0), closed repositories (0), parent repositories (0), unsafe repositories (0)
2025-04-26 15:59:57.872 [info] > git rev-parse --show-toplevel [7ms]
2025-04-26 15:59:57.872 [info] fatal: not a git repository (or any parent up to mount point /)
Stopping at filesystem boundary (GIT_DISCOVERY_ACROSS_FILESYSTEM not set).
2025-04-26 16:00:07.936 [info] > git rev-parse --show-toplevel [6ms]
2025-04-26 16:00:07.937 [info] fatal: not a git repository (or any parent up to mount point /)
Stopping at filesystem boundary (GIT_DISCOVERY_ACROSS_FILESYSTEM not set).
2025-04-26 16:00:08.566 [info] > git rev-parse --show-toplevel [4ms]
2025-04-26 16:00:08.570 [info] fatal: not a git repository (or any parent up to mount point /)
Stopping at filesystem boundary (GIT_DISCOVERY_ACROSS_FILESYSTEM not set).
