2025-04-26 13:07:18.406 [info] [main] Log level: Info
2025-04-26 13:07:18.406 [info] [main] Validating found git in: "git"
2025-04-26 13:07:18.406 [info] [main] Using git "2.49.0" from "git"
2025-04-26 13:07:18.406 [info] [Model][doInitialScan] Initial repository scan started
2025-04-26 13:07:18.406 [info] > git rev-parse --show-toplevel [174ms]
2025-04-26 13:07:18.406 [info] fatal: not a git repository (or any parent up to mount point /)
Stopping at filesystem boundary (GIT_DISCOVERY_ACROSS_FILESYSTEM not set).
2025-04-26 13:07:18.406 [info] > git rev-parse --show-toplevel [2218ms]
2025-04-26 13:07:18.406 [info] fatal: not a git repository (or any parent up to mount point /)
Stopping at filesystem boundary (GIT_DISCOVERY_ACROSS_FILESYSTEM not set).
2025-04-26 13:07:19.129 [info] > git rev-parse --show-toplevel [9ms]
2025-04-26 13:07:19.129 [info] fatal: not a git repository (or any parent up to mount point /)
Stopping at filesystem boundary (GIT_DISCOVERY_ACROSS_FILESYSTEM not set).
2025-04-26 13:07:19.212 [info] > git rev-parse --show-toplevel [8ms]
2025-04-26 13:07:19.220 [info] fatal: not a git repository (or any parent up to mount point /)
Stopping at filesystem boundary (GIT_DISCOVERY_ACROSS_FILESYSTEM not set).
2025-04-26 13:07:19.295 [info] > git rev-parse --show-toplevel [22ms]
2025-04-26 13:07:19.295 [info] fatal: not a git repository (or any parent up to mount point /)
Stopping at filesystem boundary (GIT_DISCOVERY_ACROSS_FILESYSTEM not set).
2025-04-26 13:07:19.371 [info] > git rev-parse --show-toplevel [31ms]
2025-04-26 13:07:19.372 [info] fatal: not a git repository (or any parent up to mount point /)
Stopping at filesystem boundary (GIT_DISCOVERY_ACROSS_FILESYSTEM not set).
2025-04-26 13:07:19.439 [info] > git rev-parse --show-toplevel [28ms]
2025-04-26 13:07:19.440 [info] fatal: not a git repository (or any parent up to mount point /)
Stopping at filesystem boundary (GIT_DISCOVERY_ACROSS_FILESYSTEM not set).
2025-04-26 13:07:19.491 [info] > git rev-parse --show-toplevel [14ms]
2025-04-26 13:07:19.492 [info] fatal: not a git repository (or any parent up to mount point /)
Stopping at filesystem boundary (GIT_DISCOVERY_ACROSS_FILESYSTEM not set).
2025-04-26 13:07:19.554 [info] > git rev-parse --show-toplevel [15ms]
2025-04-26 13:07:19.554 [info] fatal: not a git repository (or any parent up to mount point /)
Stopping at filesystem boundary (GIT_DISCOVERY_ACROSS_FILESYSTEM not set).
2025-04-26 13:07:19.607 [info] > git rev-parse --show-toplevel [17ms]
2025-04-26 13:07:19.607 [info] fatal: not a git repository (or any parent up to mount point /)
Stopping at filesystem boundary (GIT_DISCOVERY_ACROSS_FILESYSTEM not set).
2025-04-26 13:07:19.670 [info] > git rev-parse --show-toplevel [18ms]
2025-04-26 13:07:19.678 [info] fatal: not a git repository (or any parent up to mount point /)
Stopping at filesystem boundary (GIT_DISCOVERY_ACROSS_FILESYSTEM not set).
2025-04-26 13:07:19.728 [info] > git rev-parse --show-toplevel [16ms]
2025-04-26 13:07:19.732 [info] fatal: not a git repository (or any parent up to mount point /)
Stopping at filesystem boundary (GIT_DISCOVERY_ACROSS_FILESYSTEM not set).
2025-04-26 13:07:19.797 [info] > git rev-parse --show-toplevel [18ms]
2025-04-26 13:07:19.799 [info] fatal: not a git repository (or any parent up to mount point /)
Stopping at filesystem boundary (GIT_DISCOVERY_ACROSS_FILESYSTEM not set).
2025-04-26 13:07:19.835 [info] > git rev-parse --show-toplevel [2ms]
2025-04-26 13:07:19.835 [info] fatal: not a git repository (or any parent up to mount point /)
Stopping at filesystem boundary (GIT_DISCOVERY_ACROSS_FILESYSTEM not set).
2025-04-26 13:07:19.879 [info] > git rev-parse --show-toplevel [18ms]
2025-04-26 13:07:19.883 [info] fatal: not a git repository (or any parent up to mount point /)
Stopping at filesystem boundary (GIT_DISCOVERY_ACROSS_FILESYSTEM not set).
2025-04-26 13:07:19.933 [info] > git rev-parse --show-toplevel [7ms]
2025-04-26 13:07:19.933 [info] fatal: not a git repository (or any parent up to mount point /)
Stopping at filesystem boundary (GIT_DISCOVERY_ACROSS_FILESYSTEM not set).
2025-04-26 13:07:19.967 [info] > git rev-parse --show-toplevel [2ms]
2025-04-26 13:07:19.967 [info] fatal: not a git repository (or any parent up to mount point /)
Stopping at filesystem boundary (GIT_DISCOVERY_ACROSS_FILESYSTEM not set).
2025-04-26 13:07:19.984 [info] > git rev-parse --show-toplevel [5ms]
2025-04-26 13:07:19.984 [info] fatal: not a git repository (or any parent up to mount point /)
Stopping at filesystem boundary (GIT_DISCOVERY_ACROSS_FILESYSTEM not set).
2025-04-26 13:07:20.001 [info] > git rev-parse --show-toplevel [2ms]
2025-04-26 13:07:20.002 [info] fatal: not a git repository (or any parent up to mount point /)
Stopping at filesystem boundary (GIT_DISCOVERY_ACROSS_FILESYSTEM not set).
2025-04-26 13:07:20.033 [info] > git rev-parse --show-toplevel [12ms]
2025-04-26 13:07:20.035 [info] fatal: not a git repository (or any parent up to mount point /)
Stopping at filesystem boundary (GIT_DISCOVERY_ACROSS_FILESYSTEM not set).
2025-04-26 13:07:20.073 [info] > git rev-parse --show-toplevel [15ms]
2025-04-26 13:07:20.074 [info] fatal: not a git repository (or any parent up to mount point /)
Stopping at filesystem boundary (GIT_DISCOVERY_ACROSS_FILESYSTEM not set).
2025-04-26 13:07:20.129 [info] > git rev-parse --show-toplevel [10ms]
2025-04-26 13:07:20.129 [info] fatal: not a git repository (or any parent up to mount point /)
Stopping at filesystem boundary (GIT_DISCOVERY_ACROSS_FILESYSTEM not set).
2025-04-26 13:07:20.182 [info] > git rev-parse --show-toplevel [9ms]
2025-04-26 13:07:20.188 [info] fatal: not a git repository (or any parent up to mount point /)
Stopping at filesystem boundary (GIT_DISCOVERY_ACROSS_FILESYSTEM not set).
2025-04-26 13:07:20.499 [info] > git rev-parse --show-toplevel [237ms]
2025-04-26 13:07:20.499 [info] fatal: not a git repository (or any parent up to mount point /)
Stopping at filesystem boundary (GIT_DISCOVERY_ACROSS_FILESYSTEM not set).
2025-04-26 13:07:20.508 [info] [Model][doInitialScan] Initial repository scan completed - repositories (0), closed repositories (0), parent repositories (0), unsafe repositories (0)
2025-04-26 13:07:27.420 [info] > git rev-parse --show-toplevel [16ms]
2025-04-26 13:07:27.421 [info] fatal: not a git repository (or any parent up to mount point /)
Stopping at filesystem boundary (GIT_DISCOVERY_ACROSS_FILESYSTEM not set).
2025-04-26 13:07:28.021 [info] > git rev-parse --show-toplevel [17ms]
2025-04-26 13:07:28.021 [info] fatal: not a git repository (or any parent up to mount point /)
Stopping at filesystem boundary (GIT_DISCOVERY_ACROSS_FILESYSTEM not set).
2025-04-26 13:07:30.231 [info] > git rev-parse --show-toplevel [5ms]
2025-04-26 13:07:30.231 [info] fatal: not a git repository (or any parent up to mount point /)
Stopping at filesystem boundary (GIT_DISCOVERY_ACROSS_FILESYSTEM not set).
2025-04-26 13:08:56.221 [info] > git rev-parse --show-toplevel [13ms]
2025-04-26 13:08:56.223 [info] fatal: not a git repository (or any parent up to mount point /)
Stopping at filesystem boundary (GIT_DISCOVERY_ACROSS_FILESYSTEM not set).
2025-04-26 13:09:02.687 [info] > git rev-parse --show-toplevel [13ms]
2025-04-26 13:09:02.688 [info] fatal: not a git repository (or any parent up to mount point /)
Stopping at filesystem boundary (GIT_DISCOVERY_ACROSS_FILESYSTEM not set).
2025-04-26 13:09:04.860 [info] > git rev-parse --show-toplevel [14ms]
2025-04-26 13:09:04.861 [info] fatal: not a git repository (or any parent up to mount point /)
Stopping at filesystem boundary (GIT_DISCOVERY_ACROSS_FILESYSTEM not set).
2025-04-26 13:09:08.573 [info] > git rev-parse --show-toplevel [24ms]
2025-04-26 13:09:08.574 [info] fatal: not a git repository (or any parent up to mount point /)
Stopping at filesystem boundary (GIT_DISCOVERY_ACROSS_FILESYSTEM not set).
2025-04-26 13:09:59.665 [info] > git rev-parse --show-toplevel [16ms]
2025-04-26 13:09:59.666 [info] fatal: not a git repository (or any parent up to mount point /)
Stopping at filesystem boundary (GIT_DISCOVERY_ACROSS_FILESYSTEM not set).
2025-04-26 13:10:27.543 [info] > git rev-parse --show-toplevel [11ms]
2025-04-26 13:10:27.544 [info] fatal: not a git repository (or any parent up to mount point /)
Stopping at filesystem boundary (GIT_DISCOVERY_ACROSS_FILESYSTEM not set).
2025-04-26 13:10:30.634 [info] > git rev-parse --show-toplevel [19ms]
2025-04-26 13:10:30.635 [info] fatal: not a git repository (or any parent up to mount point /)
Stopping at filesystem boundary (GIT_DISCOVERY_ACROSS_FILESYSTEM not set).
2025-04-26 13:10:32.444 [info] > git rev-parse --show-toplevel [16ms]
2025-04-26 13:10:32.445 [info] fatal: not a git repository (or any parent up to mount point /)
Stopping at filesystem boundary (GIT_DISCOVERY_ACROSS_FILESYSTEM not set).
2025-04-26 13:16:37.577 [info] > git rev-parse --show-toplevel [9ms]
2025-04-26 13:16:37.578 [info] fatal: not a git repository (or any parent up to mount point /)
Stopping at filesystem boundary (GIT_DISCOVERY_ACROSS_FILESYSTEM not set).
2025-04-26 13:17:37.421 [info] > git rev-parse --show-toplevel [12ms]
2025-04-26 13:17:37.422 [info] fatal: not a git repository (or any parent up to mount point /)
Stopping at filesystem boundary (GIT_DISCOVERY_ACROSS_FILESYSTEM not set).
2025-04-26 13:18:27.725 [info] > git rev-parse --show-toplevel [35ms]
2025-04-26 13:18:27.728 [info] fatal: not a git repository (or any parent up to mount point /)
Stopping at filesystem boundary (GIT_DISCOVERY_ACROSS_FILESYSTEM not set).
2025-04-26 13:18:29.568 [info] > git rev-parse --show-toplevel [5ms]
2025-04-26 13:18:29.569 [info] fatal: not a git repository (or any parent up to mount point /)
Stopping at filesystem boundary (GIT_DISCOVERY_ACROSS_FILESYSTEM not set).
2025-04-26 13:23:54.466 [info] > git rev-parse --show-toplevel [4ms]
2025-04-26 13:23:54.466 [info] fatal: not a git repository (or any parent up to mount point /)
Stopping at filesystem boundary (GIT_DISCOVERY_ACROSS_FILESYSTEM not set).
2025-04-26 13:24:02.432 [info] > git rev-parse --show-toplevel [5ms]
2025-04-26 13:24:02.432 [info] fatal: not a git repository (or any parent up to mount point /)
Stopping at filesystem boundary (GIT_DISCOVERY_ACROSS_FILESYSTEM not set).
2025-04-26 13:27:45.819 [info] > git rev-parse --show-toplevel [8ms]
2025-04-26 13:27:45.819 [info] fatal: not a git repository (or any parent up to mount point /)
Stopping at filesystem boundary (GIT_DISCOVERY_ACROSS_FILESYSTEM not set).
2025-04-26 13:27:46.968 [info] > git rev-parse --show-toplevel [6ms]
2025-04-26 13:27:46.968 [info] fatal: not a git repository (or any parent up to mount point /)
Stopping at filesystem boundary (GIT_DISCOVERY_ACROSS_FILESYSTEM not set).
2025-04-26 13:27:48.988 [info] > git rev-parse --show-toplevel [8ms]
2025-04-26 13:27:48.988 [info] fatal: not a git repository (or any parent up to mount point /)
Stopping at filesystem boundary (GIT_DISCOVERY_ACROSS_FILESYSTEM not set).
2025-04-26 13:28:03.332 [info] > git rev-parse --show-toplevel [8ms]
2025-04-26 13:28:03.333 [info] fatal: not a git repository (or any parent up to mount point /)
Stopping at filesystem boundary (GIT_DISCOVERY_ACROSS_FILESYSTEM not set).
2025-04-26 13:28:22.592 [info] > git rev-parse --show-toplevel [13ms]
2025-04-26 13:28:22.593 [info] fatal: not a git repository (or any parent up to mount point /)
Stopping at filesystem boundary (GIT_DISCOVERY_ACROSS_FILESYSTEM not set).
2025-04-26 13:28:31.389 [info] > git rev-parse --show-toplevel [6ms]
2025-04-26 13:28:31.390 [info] fatal: not a git repository (or any parent up to mount point /)
Stopping at filesystem boundary (GIT_DISCOVERY_ACROSS_FILESYSTEM not set).
2025-04-26 13:30:03.460 [info] > git rev-parse --show-toplevel [9ms]
2025-04-26 13:30:03.460 [info] fatal: not a git repository (or any parent up to mount point /)
Stopping at filesystem boundary (GIT_DISCOVERY_ACROSS_FILESYSTEM not set).
2025-04-26 13:30:35.021 [info] > git rev-parse --show-toplevel [7ms]
2025-04-26 13:30:35.021 [info] fatal: not a git repository (or any parent up to mount point /)
Stopping at filesystem boundary (GIT_DISCOVERY_ACROSS_FILESYSTEM not set).
2025-04-26 13:33:16.386 [info] > git rev-parse --show-toplevel [12ms]
2025-04-26 13:33:16.386 [info] fatal: not a git repository (or any parent up to mount point /)
Stopping at filesystem boundary (GIT_DISCOVERY_ACROSS_FILESYSTEM not set).
2025-04-26 13:33:42.761 [info] > git rev-parse --show-toplevel [18ms]
2025-04-26 13:33:42.761 [info] fatal: not a git repository (or any parent up to mount point /)
Stopping at filesystem boundary (GIT_DISCOVERY_ACROSS_FILESYSTEM not set).
2025-04-26 13:34:25.424 [info] > git rev-parse --show-toplevel [38ms]
2025-04-26 13:34:25.427 [info] fatal: not a git repository (or any parent up to mount point /)
Stopping at filesystem boundary (GIT_DISCOVERY_ACROSS_FILESYSTEM not set).
2025-04-26 13:34:53.656 [info] > git rev-parse --show-toplevel [8ms]
2025-04-26 13:34:53.656 [info] fatal: not a git repository (or any parent up to mount point /)
Stopping at filesystem boundary (GIT_DISCOVERY_ACROSS_FILESYSTEM not set).
2025-04-26 13:34:57.707 [info] > git rev-parse --show-toplevel [6ms]
2025-04-26 13:34:57.708 [info] fatal: not a git repository (or any parent up to mount point /)
Stopping at filesystem boundary (GIT_DISCOVERY_ACROSS_FILESYSTEM not set).
2025-04-26 13:35:10.286 [info] > git rev-parse --show-toplevel [8ms]
2025-04-26 13:35:10.286 [info] fatal: not a git repository (or any parent up to mount point /)
Stopping at filesystem boundary (GIT_DISCOVERY_ACROSS_FILESYSTEM not set).
2025-04-26 13:35:42.641 [info] > git rev-parse --show-toplevel [4ms]
2025-04-26 13:35:42.641 [info] fatal: not a git repository (or any parent up to mount point /)
Stopping at filesystem boundary (GIT_DISCOVERY_ACROSS_FILESYSTEM not set).
2025-04-26 13:35:44.327 [info] > git rev-parse --show-toplevel [12ms]
2025-04-26 13:35:44.328 [info] fatal: not a git repository (or any parent up to mount point /)
Stopping at filesystem boundary (GIT_DISCOVERY_ACROSS_FILESYSTEM not set).
2025-04-26 13:35:48.239 [info] > git rev-parse --show-toplevel [14ms]
2025-04-26 13:35:48.245 [info] fatal: not a git repository (or any parent up to mount point /)
Stopping at filesystem boundary (GIT_DISCOVERY_ACROSS_FILESYSTEM not set).
2025-04-26 13:35:49.114 [info] > git rev-parse --show-toplevel [5ms]
2025-04-26 13:35:49.114 [info] fatal: not a git repository (or any parent up to mount point /)
Stopping at filesystem boundary (GIT_DISCOVERY_ACROSS_FILESYSTEM not set).
2025-04-26 13:39:52.823 [info] > git rev-parse --show-toplevel [11ms]
2025-04-26 13:39:52.825 [info] fatal: not a git repository (or any parent up to mount point /)
Stopping at filesystem boundary (GIT_DISCOVERY_ACROSS_FILESYSTEM not set).
2025-04-26 13:39:56.107 [info] > git rev-parse --show-toplevel [13ms]
2025-04-26 13:39:56.107 [info] fatal: not a git repository (or any parent up to mount point /)
Stopping at filesystem boundary (GIT_DISCOVERY_ACROSS_FILESYSTEM not set).
2025-04-26 13:40:03.114 [info] > git rev-parse --show-toplevel [5ms]
2025-04-26 13:40:03.114 [info] fatal: not a git repository (or any parent up to mount point /)
Stopping at filesystem boundary (GIT_DISCOVERY_ACROSS_FILESYSTEM not set).
2025-04-26 13:40:04.594 [info] > git rev-parse --show-toplevel [17ms]
2025-04-26 13:40:04.594 [info] fatal: not a git repository (or any parent up to mount point /)
Stopping at filesystem boundary (GIT_DISCOVERY_ACROSS_FILESYSTEM not set).
2025-04-26 13:40:30.604 [info] > git rev-parse --show-toplevel [13ms]
2025-04-26 13:40:30.604 [info] fatal: not a git repository (or any parent up to mount point /)
Stopping at filesystem boundary (GIT_DISCOVERY_ACROSS_FILESYSTEM not set).
2025-04-26 13:40:37.087 [info] > git rev-parse --show-toplevel [3ms]
2025-04-26 13:40:37.087 [info] fatal: not a git repository (or any parent up to mount point /)
Stopping at filesystem boundary (GIT_DISCOVERY_ACROSS_FILESYSTEM not set).
2025-04-26 13:42:13.952 [info] > git rev-parse --show-toplevel [7ms]
2025-04-26 13:42:13.952 [info] fatal: not a git repository (or any parent up to mount point /)
Stopping at filesystem boundary (GIT_DISCOVERY_ACROSS_FILESYSTEM not set).
2025-04-26 13:42:15.420 [info] > git rev-parse --show-toplevel [11ms]
2025-04-26 13:42:15.421 [info] fatal: not a git repository (or any parent up to mount point /)
Stopping at filesystem boundary (GIT_DISCOVERY_ACROSS_FILESYSTEM not set).
2025-04-26 13:42:17.946 [info] > git rev-parse --show-toplevel [6ms]
2025-04-26 13:42:17.946 [info] fatal: not a git repository (or any parent up to mount point /)
Stopping at filesystem boundary (GIT_DISCOVERY_ACROSS_FILESYSTEM not set).
2025-04-26 13:43:56.921 [info] > git rev-parse --show-toplevel [11ms]
2025-04-26 13:43:56.921 [info] fatal: not a git repository (or any parent up to mount point /)
Stopping at filesystem boundary (GIT_DISCOVERY_ACROSS_FILESYSTEM not set).
2025-04-26 13:46:38.614 [info] > git rev-parse --show-toplevel [10ms]
2025-04-26 13:46:38.614 [info] fatal: not a git repository (or any parent up to mount point /)
Stopping at filesystem boundary (GIT_DISCOVERY_ACROSS_FILESYSTEM not set).
2025-04-26 13:48:25.393 [info] > git rev-parse --show-toplevel [12ms]
2025-04-26 13:48:25.393 [info] fatal: not a git repository (or any parent up to mount point /)
Stopping at filesystem boundary (GIT_DISCOVERY_ACROSS_FILESYSTEM not set).
2025-04-26 13:48:51.673 [info] > git rev-parse --show-toplevel [8ms]
2025-04-26 13:48:51.673 [info] fatal: not a git repository (or any parent up to mount point /)
Stopping at filesystem boundary (GIT_DISCOVERY_ACROSS_FILESYSTEM not set).
2025-04-26 13:49:18.381 [info] > git rev-parse --show-toplevel [10ms]
2025-04-26 13:49:18.381 [info] fatal: not a git repository (or any parent up to mount point /)
Stopping at filesystem boundary (GIT_DISCOVERY_ACROSS_FILESYSTEM not set).
2025-04-26 13:49:53.236 [info] > git rev-parse --show-toplevel [15ms]
2025-04-26 13:49:53.237 [info] fatal: not a git repository (or any parent up to mount point /)
Stopping at filesystem boundary (GIT_DISCOVERY_ACROSS_FILESYSTEM not set).
2025-04-26 13:50:52.753 [info] > git rev-parse --show-toplevel [11ms]
2025-04-26 13:50:52.753 [info] fatal: not a git repository (or any parent up to mount point /)
Stopping at filesystem boundary (GIT_DISCOVERY_ACROSS_FILESYSTEM not set).
2025-04-26 13:51:18.167 [info] > git rev-parse --show-toplevel [11ms]
2025-04-26 13:51:18.167 [info] fatal: not a git repository (or any parent up to mount point /)
Stopping at filesystem boundary (GIT_DISCOVERY_ACROSS_FILESYSTEM not set).
2025-04-26 13:51:51.306 [info] > git rev-parse --show-toplevel [14ms]
2025-04-26 13:51:51.306 [info] fatal: not a git repository (or any parent up to mount point /)
Stopping at filesystem boundary (GIT_DISCOVERY_ACROSS_FILESYSTEM not set).
2025-04-26 13:51:53.578 [info] > git rev-parse --show-toplevel [5ms]
2025-04-26 13:51:53.579 [info] fatal: not a git repository (or any parent up to mount point /)
Stopping at filesystem boundary (GIT_DISCOVERY_ACROSS_FILESYSTEM not set).
2025-04-26 13:51:54.420 [info] > git rev-parse --show-toplevel [21ms]
2025-04-26 13:51:54.420 [info] fatal: not a git repository (or any parent up to mount point /)
Stopping at filesystem boundary (GIT_DISCOVERY_ACROSS_FILESYSTEM not set).
2025-04-26 13:51:58.148 [info] > git rev-parse --show-toplevel [6ms]
2025-04-26 13:51:58.148 [info] fatal: not a git repository (or any parent up to mount point /)
Stopping at filesystem boundary (GIT_DISCOVERY_ACROSS_FILESYSTEM not set).
2025-04-26 13:54:41.137 [info] > git rev-parse --show-toplevel [6ms]
2025-04-26 13:54:41.137 [info] fatal: not a git repository (or any parent up to mount point /)
Stopping at filesystem boundary (GIT_DISCOVERY_ACROSS_FILESYSTEM not set).
2025-04-26 13:54:48.137 [info] > git rev-parse --show-toplevel [16ms]
2025-04-26 13:54:48.138 [info] fatal: not a git repository (or any parent up to mount point /)
Stopping at filesystem boundary (GIT_DISCOVERY_ACROSS_FILESYSTEM not set).
2025-04-26 13:59:54.592 [info] > git rev-parse --show-toplevel [13ms]
2025-04-26 13:59:54.592 [info] fatal: not a git repository (or any parent up to mount point /)
Stopping at filesystem boundary (GIT_DISCOVERY_ACROSS_FILESYSTEM not set).
2025-04-26 14:04:45.195 [info] > git rev-parse --show-toplevel [12ms]
2025-04-26 14:04:45.195 [info] fatal: not a git repository (or any parent up to mount point /)
Stopping at filesystem boundary (GIT_DISCOVERY_ACROSS_FILESYSTEM not set).
2025-04-26 14:05:43.107 [info] > git rev-parse --show-toplevel [9ms]
2025-04-26 14:05:43.107 [info] fatal: not a git repository (or any parent up to mount point /)
Stopping at filesystem boundary (GIT_DISCOVERY_ACROSS_FILESYSTEM not set).
2025-04-26 14:06:04.794 [info] > git rev-parse --show-toplevel [11ms]
2025-04-26 14:06:04.794 [info] fatal: not a git repository (or any parent up to mount point /)
Stopping at filesystem boundary (GIT_DISCOVERY_ACROSS_FILESYSTEM not set).
2025-04-26 14:06:45.885 [info] > git rev-parse --show-toplevel [4ms]
2025-04-26 14:06:45.885 [info] fatal: not a git repository (or any parent up to mount point /)
Stopping at filesystem boundary (GIT_DISCOVERY_ACROSS_FILESYSTEM not set).
2025-04-26 14:42:08.404 [info] > git rev-parse --show-toplevel [7ms]
2025-04-26 14:42:08.404 [info] fatal: not a git repository (or any parent up to mount point /)
Stopping at filesystem boundary (GIT_DISCOVERY_ACROSS_FILESYSTEM not set).
2025-04-26 14:42:37.917 [info] > git rev-parse --show-toplevel [10ms]
2025-04-26 14:42:37.917 [info] fatal: not a git repository (or any parent up to mount point /)
Stopping at filesystem boundary (GIT_DISCOVERY_ACROSS_FILESYSTEM not set).
2025-04-26 14:43:03.186 [info] > git rev-parse --show-toplevel [5ms]
2025-04-26 14:43:03.186 [info] fatal: not a git repository (or any parent up to mount point /)
Stopping at filesystem boundary (GIT_DISCOVERY_ACROSS_FILESYSTEM not set).
2025-04-26 14:50:03.942 [info] > git rev-parse --show-toplevel [8ms]
2025-04-26 14:50:03.944 [info] fatal: not a git repository (or any parent up to mount point /)
Stopping at filesystem boundary (GIT_DISCOVERY_ACROSS_FILESYSTEM not set).
2025-04-26 15:34:40.890 [info] > git rev-parse --show-toplevel [10ms]
2025-04-26 15:34:40.892 [info] fatal: not a git repository (or any parent up to mount point /)
Stopping at filesystem boundary (GIT_DISCOVERY_ACROSS_FILESYSTEM not set).
2025-04-26 15:35:04.580 [info] > git rev-parse --show-toplevel [11ms]
2025-04-26 15:35:04.580 [info] fatal: not a git repository (or any parent up to mount point /)
Stopping at filesystem boundary (GIT_DISCOVERY_ACROSS_FILESYSTEM not set).
2025-04-26 15:35:34.193 [info] > git rev-parse --show-toplevel [21ms]
2025-04-26 15:35:34.193 [info] fatal: not a git repository (or any parent up to mount point /)
Stopping at filesystem boundary (GIT_DISCOVERY_ACROSS_FILESYSTEM not set).
2025-04-26 15:38:01.474 [info] > git rev-parse --show-toplevel [3ms]
2025-04-26 15:38:01.474 [info] fatal: not a git repository (or any parent up to mount point /)
Stopping at filesystem boundary (GIT_DISCOVERY_ACROSS_FILESYSTEM not set).
2025-04-26 15:38:04.182 [info] > git rev-parse --show-toplevel [17ms]
2025-04-26 15:38:04.182 [info] fatal: not a git repository (or any parent up to mount point /)
Stopping at filesystem boundary (GIT_DISCOVERY_ACROSS_FILESYSTEM not set).
2025-04-26 15:41:50.181 [info] > git rev-parse --show-toplevel [20ms]
2025-04-26 15:41:50.181 [info] fatal: not a git repository (or any parent up to mount point /)
Stopping at filesystem boundary (GIT_DISCOVERY_ACROSS_FILESYSTEM not set).
2025-04-26 15:41:50.209 [info] > git rev-parse --show-toplevel [9ms]
2025-04-26 15:41:50.209 [info] fatal: not a git repository (or any parent up to mount point /)
Stopping at filesystem boundary (GIT_DISCOVERY_ACROSS_FILESYSTEM not set).
2025-04-26 15:41:54.406 [info] > git rev-parse --show-toplevel [11ms]
2025-04-26 15:41:54.406 [info] fatal: not a git repository (or any parent up to mount point /)
Stopping at filesystem boundary (GIT_DISCOVERY_ACROSS_FILESYSTEM not set).
2025-04-26 15:41:54.551 [info] > git rev-parse --show-toplevel [7ms]
2025-04-26 15:41:54.551 [info] fatal: not a git repository (or any parent up to mount point /)
Stopping at filesystem boundary (GIT_DISCOVERY_ACROSS_FILESYSTEM not set).
2025-04-26 15:46:37.671 [info] > git rev-parse --show-toplevel [17ms]
2025-04-26 15:46:37.671 [info] fatal: not a git repository (or any parent up to mount point /)
Stopping at filesystem boundary (GIT_DISCOVERY_ACROSS_FILESYSTEM not set).
2025-04-26 15:46:41.903 [info] > git rev-parse --show-toplevel [15ms]
2025-04-26 15:46:41.903 [info] fatal: not a git repository (or any parent up to mount point /)
Stopping at filesystem boundary (GIT_DISCOVERY_ACROSS_FILESYSTEM not set).
2025-04-26 15:51:24.933 [info] > git rev-parse --show-toplevel [13ms]
2025-04-26 15:51:24.934 [info] fatal: not a git repository (or any parent up to mount point /)
Stopping at filesystem boundary (GIT_DISCOVERY_ACROSS_FILESYSTEM not set).
2025-04-26 15:51:32.697 [info] > git rev-parse --show-toplevel [4ms]
2025-04-26 15:51:32.697 [info] fatal: not a git repository (or any parent up to mount point /)
Stopping at filesystem boundary (GIT_DISCOVERY_ACROSS_FILESYSTEM not set).
2025-04-26 15:52:43.510 [info] > git rev-parse --show-toplevel [7ms]
2025-04-26 15:52:43.510 [info] fatal: not a git repository (or any parent up to mount point /)
Stopping at filesystem boundary (GIT_DISCOVERY_ACROSS_FILESYSTEM not set).
2025-04-26 15:52:47.530 [info] > git rev-parse --show-toplevel [5ms]
2025-04-26 15:52:47.530 [info] fatal: not a git repository (or any parent up to mount point /)
Stopping at filesystem boundary (GIT_DISCOVERY_ACROSS_FILESYSTEM not set).
2025-04-26 15:55:57.011 [info] > git rev-parse --show-toplevel [18ms]
2025-04-26 15:55:57.011 [info] fatal: not a git repository (or any parent up to mount point /)
Stopping at filesystem boundary (GIT_DISCOVERY_ACROSS_FILESYSTEM not set).
2025-04-26 15:57:09.390 [info] > git rev-parse --show-toplevel [6ms]
2025-04-26 15:57:09.391 [info] fatal: not a git repository (or any parent up to mount point /)
Stopping at filesystem boundary (GIT_DISCOVERY_ACROSS_FILESYSTEM not set).
2025-04-26 15:57:11.967 [info] > git rev-parse --show-toplevel [4ms]
2025-04-26 15:57:11.967 [info] fatal: not a git repository (or any parent up to mount point /)
Stopping at filesystem boundary (GIT_DISCOVERY_ACROSS_FILESYSTEM not set).
2025-04-26 15:57:26.160 [info] > git rev-parse --show-toplevel [5ms]
2025-04-26 15:57:26.161 [info] fatal: not a git repository (or any parent up to mount point /)
Stopping at filesystem boundary (GIT_DISCOVERY_ACROSS_FILESYSTEM not set).
2025-04-26 15:57:42.163 [info] > git rev-parse --show-toplevel [9ms]
2025-04-26 15:57:42.164 [info] fatal: not a git repository (or any parent up to mount point /)
Stopping at filesystem boundary (GIT_DISCOVERY_ACROSS_FILESYSTEM not set).
