4/26/2025, 8:35:26 PM GMT+3 0: 

----------------------------------------------
4/26/2025, 8:35:26 PM GMT+3 1: Discord starting: {"releaseChannel":"stable","version":"0.0.92"}, modulepath: /home/miles/.config/discord/0.0.92/modules
4/26/2025, 8:35:26 PM GMT+3 2: ✅ webContents.created web1 "index.html"
4/26/2025, 8:35:26 PM GMT+3 3: ✅ window.created win1 "discord"
4/26/2025, 8:35:26 PM GMT+3 4: ✅ webContents.did-finish-load web1
4/26/2025, 8:35:48 PM GMT+3 5: ✅ webContents.created web2 ""
4/26/2025, 8:35:48 PM GMT+3 6: ✅ window.created win2 "Discord"
4/26/2025, 9:32:30 PM GMT+3 7: window.close win1
4/26/2025, 9:32:30 PM GMT+3 8: webContents.destroyed web1
4/26/2025, 9:32:30 PM GMT+3 9: window.closed win1
4/26/2025, 9:32:35 PM GMT+3 0: 

----------------------------------------------
4/26/2025, 9:32:35 PM GMT+3 1: Discord starting: {"releaseChannel":"stable","version":"0.0.92"}, modulepath: /home/miles/.config/discord/0.0.92/modules
4/26/2025, 9:32:38 PM GMT+3 10: window.close win2
4/26/2025, 9:32:41 PM GMT+3 11: before-quit
4/26/2025, 9:32:45 PM GMT+3 0: 

----------------------------------------------
4/26/2025, 9:32:45 PM GMT+3 1: Discord starting: {"releaseChannel":"stable","version":"0.0.92"}, modulepath: /home/miles/.config/discord/0.0.92/modules
4/26/2025, 9:32:45 PM GMT+3 2: ✅ webContents.created web1 "index.html"
4/26/2025, 9:32:45 PM GMT+3 3: ✅ window.created win1 "discord"
4/26/2025, 9:32:46 PM GMT+3 4: ✅ webContents.did-finish-load web1
4/26/2025, 9:33:55 PM GMT+3 5: ✅ webContents.created web2 ""
4/26/2025, 9:33:56 PM GMT+3 6: ✅ window.created win2 "Discord"
4/26/2025, 9:34:08 PM GMT+3 7: ❌ webContents.did-fail-load web2" -3 
4/26/2025, 9:34:11 PM GMT+3 8: ✅ webContents.did-finish-load web2
4/26/2025, 9:34:11 PM GMT+3 9: window.close win1
4/26/2025, 9:34:12 PM GMT+3 10: webContents.destroyed web1
4/26/2025, 9:34:12 PM GMT+3 11: window.closed win1
4/26/2025, 9:36:52 PM GMT+3 12: window.close win2
4/26/2025, 11:24:55 PM GMT+3 13: before-quit
4/26/2025, 11:25:27 PM GMT+3 0: 

----------------------------------------------
4/26/2025, 11:25:27 PM GMT+3 1: Discord starting: {"releaseChannel":"stable","version":"0.0.92"}, modulepath: /home/miles/.config/discord/0.0.92/modules
4/26/2025, 11:25:27 PM GMT+3 2: ✅ webContents.created web1 ""
4/26/2025, 11:25:27 PM GMT+3 3: ✅ window.created win1 "discord"
4/26/2025, 11:25:29 PM GMT+3 4: ✅ webContents.did-finish-load web1
4/26/2025, 11:25:32 PM GMT+3 5: ✅ webContents.created web2 ""
4/26/2025, 11:25:32 PM GMT+3 6: ✅ window.created win2 "Discord"
4/26/2025, 11:25:57 PM GMT+3 7: ✅ webContents.did-finish-load web2
4/26/2025, 11:25:57 PM GMT+3 8: window.close win1
4/26/2025, 11:25:58 PM GMT+3 9: webContents.destroyed web1
4/26/2025, 11:25:58 PM GMT+3 10: window.closed win1
4/26/2025, 11:33:44 PM GMT+3 11: before-quit
4/26/2025, 11:34:11 PM GMT+3 0: 

----------------------------------------------
4/26/2025, 11:34:11 PM GMT+3 1: Discord starting: {"releaseChannel":"stable","version":"0.0.92"}, modulepath: /home/miles/.config/discord/0.0.92/modules
4/26/2025, 11:34:11 PM GMT+3 2: ✅ webContents.created web1 ""
4/26/2025, 11:34:11 PM GMT+3 3: ✅ window.created win1 "discord"
4/26/2025, 11:34:14 PM GMT+3 4: ✅ webContents.did-finish-load web1
4/26/2025, 11:34:25 PM GMT+3 5: ✅ webContents.created web2 ""
4/26/2025, 11:34:25 PM GMT+3 6: ✅ window.created win2 "Discord"
4/26/2025, 11:34:38 PM GMT+3 7: ✅ webContents.did-finish-load web2
4/26/2025, 11:34:39 PM GMT+3 8: window.close win1
4/26/2025, 11:34:39 PM GMT+3 9: webContents.destroyed web1
4/26/2025, 11:34:39 PM GMT+3 10: window.closed win1
4/26/2025, 11:38:53 PM GMT+3 11: before-quit
4/26/2025, 11:39:22 PM GMT+3 0: 

----------------------------------------------
4/26/2025, 11:39:22 PM GMT+3 1: Discord starting: {"releaseChannel":"stable","version":"0.0.92"}, modulepath: /home/miles/.config/discord/0.0.92/modules
4/26/2025, 11:39:22 PM GMT+3 2: ✅ webContents.created web1 ""
4/26/2025, 11:39:22 PM GMT+3 3: ✅ window.created win1 "discord"
4/26/2025, 11:39:24 PM GMT+3 4: ✅ webContents.did-finish-load web1
4/26/2025, 11:39:26 PM GMT+3 5: ✅ webContents.created web2 ""
4/26/2025, 11:39:26 PM GMT+3 6: ✅ window.created win2 "Discord"
4/26/2025, 11:39:54 PM GMT+3 7: ✅ webContents.did-finish-load web2
4/26/2025, 11:39:55 PM GMT+3 8: window.close win1
4/26/2025, 11:39:55 PM GMT+3 9: webContents.destroyed web1
4/26/2025, 11:39:55 PM GMT+3 10: window.closed win1
