[5:49:22 PM] [INFO] Discord Rich Presence for VS Code activated.
[5:49:22 PM] [INFO] Registered Discord Rich Presence commands
[5:49:22 PM] [ERROR] Encountered following error while trying to login: RPC_COULD_NOT_CONNECT: Could not connect
    at /home/miles/.vscode-oss/extensions/leonardssh.vscord-5.2.13-universal/node_modules/.pnpm/@xhayper+discord-rpc@1.1.2/node_modules/@xhayper/discord-rpc/dist/transport/IPC.js:111:20
    at processTicksAndRejections (node:internal/process/task_queues:95:5)
[5:49:23 PM] [INFO] [002] Destroyed Discord RPC client
[8:33:40 PM] [INFO] Reconnecting to Discord Gateway...
[8:33:40 PM] [INFO] [004] Debug: Logging in with client ID "782685898163617802"
[8:33:40 PM] [INFO] [004] Debug: Login - isConnected false isReady 782685898163617802
[8:33:40 PM] [INFO] [004] Debug: Login - [object Object]
[9:37:29 PM] [INFO] Reconnecting to Discord Gateway...
[9:37:29 PM] [INFO] [004] Debug: Logging in with client ID "782685898163617802"
[9:37:29 PM] [INFO] [004] Debug: Login - isConnected false isReady 782685898163617802
[9:37:29 PM] [INFO] [004] Debug: Login - [object Object]
[9:37:30 PM] [INFO] Successfully connected to Discord
[9:37:30 PM] [INFO] [004] Debug: Enabling Discord Rich Presence
[9:37:30 PM] [INFO] [004] Debug: Logging in with client ID "782685898163617802"
[9:37:30 PM] [INFO] [004] Debug: Login - isConnected true isReady 782685898163617802
[9:37:30 PM] [INFO] [004] Debug: Login - [object Object]
[9:37:30 PM] [INFO] [004] Debug: Client Should be logged in
[9:37:30 PM] [INFO] [004] Debug: Enable - [object Object]
[9:37:30 PM] [INFO] [004] Debug: Enabled - isConnected true isReady 782685898163617802
[9:37:30 PM] [INFO] [004] Debug: Enabling Discord Rich Presence
[9:37:30 PM] [INFO] [004] Debug: Logging in with client ID "782685898163617802"
[9:37:30 PM] [INFO] [004] Debug: Login - isConnected true isReady 782685898163617802
[9:37:30 PM] [INFO] [004] Debug: Login - [object Object]
[9:37:30 PM] [INFO] [004] Debug: Client Should be logged in
[9:37:30 PM] [INFO] [004] Debug: Enable - [object Object]
[9:37:30 PM] [INFO] [004] Debug: Enabled - isConnected true isReady 782685898163617802
[11:15:44 PM] [INFO] Discord Rich Presence for VS Code deactivated.
[11:15:44 PM] [INFO] [004] Destroyed Discord RPC client
