5/24/2025, 9:50:59 AM GMT+3 [Modules] Modules initializing
5/24/2025, 9:50:59 AM GMT+3 [Modules] Distribution: remote
5/24/2025, 9:50:59 AM GMT+3 [Modules] Host updates: enabled
5/24/2025, 9:50:59 AM GMT+3 [Modules] Module updates: enabled
5/24/2025, 9:50:59 AM GMT+3 [Modules] Module install path: /home/miles/.config/discord/0.0.95/modules
5/24/2025, 9:50:59 AM GMT+3 [Modules] Module installed file path: /home/miles/.config/discord/0.0.95/modules/installed.json
5/24/2025, 9:50:59 AM GMT+3 [Modules] Module download path: /home/miles/.config/discord/0.0.95/modules/pending
5/24/2025, 9:51:00 AM GMT+3 [Modules] Bootstrapping...
5/24/2025, 9:51:00 AM GMT+3 [Modules] Installing discord_desktop_core@0 from /opt/discord/resources/bootstrap/discord_desktop_core.zip
5/24/2025, 9:51:00 AM GMT+3 [Modules] Failed installing discord_desktop_core@0: Error: ENOENT: no such file or directory, open '/opt/discord/resources/bootstrap/discord_desktop_core.zip'
5/24/2025, 9:51:00 AM GMT+3 [Modules] Installing discord_erlpack@0 from /opt/discord/resources/bootstrap/discord_erlpack.zip
5/24/2025, 9:51:00 AM GMT+3 [Modules] Failed installing discord_erlpack@0: Error: ENOENT: no such file or directory, open '/opt/discord/resources/bootstrap/discord_erlpack.zip'
5/24/2025, 9:51:00 AM GMT+3 [Modules] Installing discord_spellcheck@0 from /opt/discord/resources/bootstrap/discord_spellcheck.zip
5/24/2025, 9:51:00 AM GMT+3 [Modules] Failed installing discord_spellcheck@0: Error: ENOENT: no such file or directory, open '/opt/discord/resources/bootstrap/discord_spellcheck.zip'
5/24/2025, 9:51:00 AM GMT+3 [Modules] Installing discord_utils@0 from /opt/discord/resources/bootstrap/discord_utils.zip
5/24/2025, 9:51:00 AM GMT+3 [Modules] Failed installing discord_utils@0: Error: ENOENT: no such file or directory, open '/opt/discord/resources/bootstrap/discord_utils.zip'
5/24/2025, 9:51:00 AM GMT+3 [Modules] Installing discord_voice@0 from /opt/discord/resources/bootstrap/discord_voice.zip
5/24/2025, 9:51:00 AM GMT+3 [Modules] Failed installing discord_voice@0: Error: ENOENT: no such file or directory, open '/opt/discord/resources/bootstrap/discord_voice.zip'
5/24/2025, 9:51:00 AM GMT+3 [Modules] Installing discord_zstd@0 from /opt/discord/resources/bootstrap/discord_zstd.zip
5/24/2025, 9:51:00 AM GMT+3 [Modules] Failed installing discord_zstd@0: Error: ENOENT: no such file or directory, open '/opt/discord/resources/bootstrap/discord_zstd.zip'
5/24/2025, 9:51:00 AM GMT+3 [Modules] Finished module installations. [success: 0] [failure: 6]
5/24/2025, 9:51:00 AM GMT+3 [Modules] Checking for host updates.
5/24/2025, 9:51:00 AM GMT+3 [Modules] Host is up to date.
5/24/2025, 9:51:00 AM GMT+3 [Modules] Checking for module updates at https://discord.com/api/modules/stable/versions.json
5/24/2025, 9:51:00 AM GMT+3 [Modules] Module update available: discord_desktop_core@1 [installed: 0]
5/24/2025, 9:51:00 AM GMT+3 [Modules] Module update available: discord_erlpack@1 [installed: 0]
5/24/2025, 9:51:00 AM GMT+3 [Modules] Module update available: discord_spellcheck@1 [installed: 0]
5/24/2025, 9:51:00 AM GMT+3 [Modules] Module update available: discord_utils@1 [installed: 0]
5/24/2025, 9:51:00 AM GMT+3 [Modules] Module update available: discord_voice@1 [installed: 0]
5/24/2025, 9:51:00 AM GMT+3 [Modules] Module update available: discord_zstd@1 [installed: 0]
5/24/2025, 9:51:00 AM GMT+3 [Modules] Fetching discord_desktop_core@1 from https://discord.com/api/modules/stable/discord_desktop_core/1
5/24/2025, 9:51:00 AM GMT+3 [Modules] Streaming discord_desktop_core@1 to /home/miles/.config/discord/0.0.95/modules/pending/discord_desktop_core-1.zip
5/24/2025, 9:51:06 AM GMT+3 [Modules] Streaming discord_desktop_core@1 to /home/miles/.config/discord/0.0.95/modules/pending/discord_desktop_core-1.zip: 1%
5/24/2025, 9:51:06 AM GMT+3 [Modules] Streaming discord_desktop_core@1 to /home/miles/.config/discord/0.0.95/modules/pending/discord_desktop_core-1.zip: 2%
5/24/2025, 9:51:06 AM GMT+3 [Modules] Streaming discord_desktop_core@1 to /home/miles/.config/discord/0.0.95/modules/pending/discord_desktop_core-1.zip: 3%
5/24/2025, 9:51:07 AM GMT+3 [Modules] Streaming discord_desktop_core@1 to /home/miles/.config/discord/0.0.95/modules/pending/discord_desktop_core-1.zip: 4%
5/24/2025, 9:51:07 AM GMT+3 [Modules] Streaming discord_desktop_core@1 to /home/miles/.config/discord/0.0.95/modules/pending/discord_desktop_core-1.zip: 5%
5/24/2025, 9:51:07 AM GMT+3 [Modules] Streaming discord_desktop_core@1 to /home/miles/.config/discord/0.0.95/modules/pending/discord_desktop_core-1.zip: 6%
5/24/2025, 9:51:07 AM GMT+3 [Modules] Streaming discord_desktop_core@1 to /home/miles/.config/discord/0.0.95/modules/pending/discord_desktop_core-1.zip: 7%
5/24/2025, 9:51:07 AM GMT+3 [Modules] Streaming discord_desktop_core@1 to /home/miles/.config/discord/0.0.95/modules/pending/discord_desktop_core-1.zip: 8%
5/24/2025, 9:51:07 AM GMT+3 [Modules] Streaming discord_desktop_core@1 to /home/miles/.config/discord/0.0.95/modules/pending/discord_desktop_core-1.zip: 9%
5/24/2025, 9:51:07 AM GMT+3 [Modules] Streaming discord_desktop_core@1 to /home/miles/.config/discord/0.0.95/modules/pending/discord_desktop_core-1.zip: 10%
5/24/2025, 9:51:07 AM GMT+3 [Modules] Streaming discord_desktop_core@1 to /home/miles/.config/discord/0.0.95/modules/pending/discord_desktop_core-1.zip: 11%
5/24/2025, 9:51:07 AM GMT+3 [Modules] Streaming discord_desktop_core@1 to /home/miles/.config/discord/0.0.95/modules/pending/discord_desktop_core-1.zip: 12%
5/24/2025, 9:51:07 AM GMT+3 [Modules] Streaming discord_desktop_core@1 to /home/miles/.config/discord/0.0.95/modules/pending/discord_desktop_core-1.zip: 13%
5/24/2025, 9:51:07 AM GMT+3 [Modules] Streaming discord_desktop_core@1 to /home/miles/.config/discord/0.0.95/modules/pending/discord_desktop_core-1.zip: 14%
5/24/2025, 9:51:07 AM GMT+3 [Modules] Streaming discord_desktop_core@1 to /home/miles/.config/discord/0.0.95/modules/pending/discord_desktop_core-1.zip: 15%
5/24/2025, 9:51:07 AM GMT+3 [Modules] Streaming discord_desktop_core@1 to /home/miles/.config/discord/0.0.95/modules/pending/discord_desktop_core-1.zip: 16%
5/24/2025, 9:51:07 AM GMT+3 [Modules] Streaming discord_desktop_core@1 to /home/miles/.config/discord/0.0.95/modules/pending/discord_desktop_core-1.zip: 17%
5/24/2025, 9:51:07 AM GMT+3 [Modules] Streaming discord_desktop_core@1 to /home/miles/.config/discord/0.0.95/modules/pending/discord_desktop_core-1.zip: 19%
5/24/2025, 9:51:07 AM GMT+3 [Modules] Streaming discord_desktop_core@1 to /home/miles/.config/discord/0.0.95/modules/pending/discord_desktop_core-1.zip: 20%
5/24/2025, 9:51:07 AM GMT+3 [Modules] Streaming discord_desktop_core@1 to /home/miles/.config/discord/0.0.95/modules/pending/discord_desktop_core-1.zip: 21%
5/24/2025, 9:51:07 AM GMT+3 [Modules] Streaming discord_desktop_core@1 to /home/miles/.config/discord/0.0.95/modules/pending/discord_desktop_core-1.zip: 22%
5/24/2025, 9:51:07 AM GMT+3 [Modules] Streaming discord_desktop_core@1 to /home/miles/.config/discord/0.0.95/modules/pending/discord_desktop_core-1.zip: 23%
5/24/2025, 9:51:07 AM GMT+3 [Modules] Streaming discord_desktop_core@1 to /home/miles/.config/discord/0.0.95/modules/pending/discord_desktop_core-1.zip: 24%
5/24/2025, 9:51:07 AM GMT+3 [Modules] Streaming discord_desktop_core@1 to /home/miles/.config/discord/0.0.95/modules/pending/discord_desktop_core-1.zip: 26%
5/24/2025, 9:51:07 AM GMT+3 [Modules] Streaming discord_desktop_core@1 to /home/miles/.config/discord/0.0.95/modules/pending/discord_desktop_core-1.zip: 27%
5/24/2025, 9:51:07 AM GMT+3 [Modules] Streaming discord_desktop_core@1 to /home/miles/.config/discord/0.0.95/modules/pending/discord_desktop_core-1.zip: 28%
5/24/2025, 9:51:07 AM GMT+3 [Modules] Streaming discord_desktop_core@1 to /home/miles/.config/discord/0.0.95/modules/pending/discord_desktop_core-1.zip: 29%
5/24/2025, 9:51:07 AM GMT+3 [Modules] Streaming discord_desktop_core@1 to /home/miles/.config/discord/0.0.95/modules/pending/discord_desktop_core-1.zip: 30%
5/24/2025, 9:51:07 AM GMT+3 [Modules] Streaming discord_desktop_core@1 to /home/miles/.config/discord/0.0.95/modules/pending/discord_desktop_core-1.zip: 31%
5/24/2025, 9:51:07 AM GMT+3 [Modules] Streaming discord_desktop_core@1 to /home/miles/.config/discord/0.0.95/modules/pending/discord_desktop_core-1.zip: 33%
5/24/2025, 9:51:07 AM GMT+3 [Modules] Streaming discord_desktop_core@1 to /home/miles/.config/discord/0.0.95/modules/pending/discord_desktop_core-1.zip: 35%
5/24/2025, 9:51:07 AM GMT+3 [Modules] Streaming discord_desktop_core@1 to /home/miles/.config/discord/0.0.95/modules/pending/discord_desktop_core-1.zip: 37%
5/24/2025, 9:51:07 AM GMT+3 [Modules] Streaming discord_desktop_core@1 to /home/miles/.config/discord/0.0.95/modules/pending/discord_desktop_core-1.zip: 38%
5/24/2025, 9:51:07 AM GMT+3 [Modules] Streaming discord_desktop_core@1 to /home/miles/.config/discord/0.0.95/modules/pending/discord_desktop_core-1.zip: 39%
5/24/2025, 9:51:07 AM GMT+3 [Modules] Streaming discord_desktop_core@1 to /home/miles/.config/discord/0.0.95/modules/pending/discord_desktop_core-1.zip: 41%
5/24/2025, 9:51:07 AM GMT+3 [Modules] Streaming discord_desktop_core@1 to /home/miles/.config/discord/0.0.95/modules/pending/discord_desktop_core-1.zip: 43%
5/24/2025, 9:51:07 AM GMT+3 [Modules] Streaming discord_desktop_core@1 to /home/miles/.config/discord/0.0.95/modules/pending/discord_desktop_core-1.zip: 44%
5/24/2025, 9:51:07 AM GMT+3 [Modules] Streaming discord_desktop_core@1 to /home/miles/.config/discord/0.0.95/modules/pending/discord_desktop_core-1.zip: 46%
5/24/2025, 9:51:07 AM GMT+3 [Modules] Streaming discord_desktop_core@1 to /home/miles/.config/discord/0.0.95/modules/pending/discord_desktop_core-1.zip: 47%
5/24/2025, 9:51:07 AM GMT+3 [Modules] Streaming discord_desktop_core@1 to /home/miles/.config/discord/0.0.95/modules/pending/discord_desktop_core-1.zip: 50%
5/24/2025, 9:51:07 AM GMT+3 [Modules] Streaming discord_desktop_core@1 to /home/miles/.config/discord/0.0.95/modules/pending/discord_desktop_core-1.zip: 53%
5/24/2025, 9:51:07 AM GMT+3 [Modules] Streaming discord_desktop_core@1 to /home/miles/.config/discord/0.0.95/modules/pending/discord_desktop_core-1.zip: 56%
5/24/2025, 9:51:07 AM GMT+3 [Modules] Streaming discord_desktop_core@1 to /home/miles/.config/discord/0.0.95/modules/pending/discord_desktop_core-1.zip: 59%
5/24/2025, 9:51:07 AM GMT+3 [Modules] Streaming discord_desktop_core@1 to /home/miles/.config/discord/0.0.95/modules/pending/discord_desktop_core-1.zip: 60%
5/24/2025, 9:51:07 AM GMT+3 [Modules] Streaming discord_desktop_core@1 to /home/miles/.config/discord/0.0.95/modules/pending/discord_desktop_core-1.zip: 63%
5/24/2025, 9:51:07 AM GMT+3 [Modules] Streaming discord_desktop_core@1 to /home/miles/.config/discord/0.0.95/modules/pending/discord_desktop_core-1.zip: 64%
5/24/2025, 9:51:07 AM GMT+3 [Modules] Streaming discord_desktop_core@1 to /home/miles/.config/discord/0.0.95/modules/pending/discord_desktop_core-1.zip: 65%
5/24/2025, 9:51:07 AM GMT+3 [Modules] Streaming discord_desktop_core@1 to /home/miles/.config/discord/0.0.95/modules/pending/discord_desktop_core-1.zip: 67%
5/24/2025, 9:51:07 AM GMT+3 [Modules] Streaming discord_desktop_core@1 to /home/miles/.config/discord/0.0.95/modules/pending/discord_desktop_core-1.zip: 70%
5/24/2025, 9:51:07 AM GMT+3 [Modules] Streaming discord_desktop_core@1 to /home/miles/.config/discord/0.0.95/modules/pending/discord_desktop_core-1.zip: 73%
5/24/2025, 9:51:07 AM GMT+3 [Modules] Streaming discord_desktop_core@1 to /home/miles/.config/discord/0.0.95/modules/pending/discord_desktop_core-1.zip: 74%
5/24/2025, 9:51:07 AM GMT+3 [Modules] Streaming discord_desktop_core@1 to /home/miles/.config/discord/0.0.95/modules/pending/discord_desktop_core-1.zip: 75%
5/24/2025, 9:51:07 AM GMT+3 [Modules] Streaming discord_desktop_core@1 to /home/miles/.config/discord/0.0.95/modules/pending/discord_desktop_core-1.zip: 78%
5/24/2025, 9:51:07 AM GMT+3 [Modules] Streaming discord_desktop_core@1 to /home/miles/.config/discord/0.0.95/modules/pending/discord_desktop_core-1.zip: 79%
5/24/2025, 9:51:07 AM GMT+3 [Modules] Streaming discord_desktop_core@1 to /home/miles/.config/discord/0.0.95/modules/pending/discord_desktop_core-1.zip: 82%
5/24/2025, 9:51:07 AM GMT+3 [Modules] Streaming discord_desktop_core@1 to /home/miles/.config/discord/0.0.95/modules/pending/discord_desktop_core-1.zip: 85%
5/24/2025, 9:51:07 AM GMT+3 [Modules] Streaming discord_desktop_core@1 to /home/miles/.config/discord/0.0.95/modules/pending/discord_desktop_core-1.zip: 88%
5/24/2025, 9:51:07 AM GMT+3 [Modules] Streaming discord_desktop_core@1 to /home/miles/.config/discord/0.0.95/modules/pending/discord_desktop_core-1.zip: 90%
5/24/2025, 9:51:07 AM GMT+3 [Modules] Streaming discord_desktop_core@1 to /home/miles/.config/discord/0.0.95/modules/pending/discord_desktop_core-1.zip: 97%
5/24/2025, 9:51:07 AM GMT+3 [Modules] Streaming discord_desktop_core@1 to /home/miles/.config/discord/0.0.95/modules/pending/discord_desktop_core-1.zip: 98%
5/24/2025, 9:51:08 AM GMT+3 [Modules] Streaming discord_desktop_core@1 to /home/miles/.config/discord/0.0.95/modules/pending/discord_desktop_core-1.zip: 100%
5/24/2025, 9:51:08 AM GMT+3 [Modules] Fetching discord_erlpack@1 from https://discord.com/api/modules/stable/discord_erlpack/1
5/24/2025, 9:51:08 AM GMT+3 [Modules] Streaming discord_erlpack@1 to /home/miles/.config/discord/0.0.95/modules/pending/discord_erlpack-1.zip
5/24/2025, 9:51:08 AM GMT+3 [Modules] Streaming discord_erlpack@1 to /home/miles/.config/discord/0.0.95/modules/pending/discord_erlpack-1.zip: 2%
5/24/2025, 9:51:08 AM GMT+3 [Modules] Streaming discord_erlpack@1 to /home/miles/.config/discord/0.0.95/modules/pending/discord_erlpack-1.zip: 3%
5/24/2025, 9:51:08 AM GMT+3 [Modules] Streaming discord_erlpack@1 to /home/miles/.config/discord/0.0.95/modules/pending/discord_erlpack-1.zip: 4%
5/24/2025, 9:51:08 AM GMT+3 [Modules] Streaming discord_erlpack@1 to /home/miles/.config/discord/0.0.95/modules/pending/discord_erlpack-1.zip: 5%
5/24/2025, 9:51:08 AM GMT+3 [Modules] Streaming discord_erlpack@1 to /home/miles/.config/discord/0.0.95/modules/pending/discord_erlpack-1.zip: 8%
5/24/2025, 9:51:08 AM GMT+3 [Modules] Streaming discord_erlpack@1 to /home/miles/.config/discord/0.0.95/modules/pending/discord_erlpack-1.zip: 11%
5/24/2025, 9:51:08 AM GMT+3 [Modules] Streaming discord_erlpack@1 to /home/miles/.config/discord/0.0.95/modules/pending/discord_erlpack-1.zip: 15%
5/24/2025, 9:51:08 AM GMT+3 [Modules] Streaming discord_erlpack@1 to /home/miles/.config/discord/0.0.95/modules/pending/discord_erlpack-1.zip: 19%
5/24/2025, 9:51:08 AM GMT+3 [Modules] Streaming discord_erlpack@1 to /home/miles/.config/discord/0.0.95/modules/pending/discord_erlpack-1.zip: 21%
5/24/2025, 9:51:08 AM GMT+3 [Modules] Streaming discord_erlpack@1 to /home/miles/.config/discord/0.0.95/modules/pending/discord_erlpack-1.zip: 24%
5/24/2025, 9:51:08 AM GMT+3 [Modules] Streaming discord_erlpack@1 to /home/miles/.config/discord/0.0.95/modules/pending/discord_erlpack-1.zip: 27%
5/24/2025, 9:51:08 AM GMT+3 [Modules] Streaming discord_erlpack@1 to /home/miles/.config/discord/0.0.95/modules/pending/discord_erlpack-1.zip: 33%
5/24/2025, 9:51:08 AM GMT+3 [Modules] Streaming discord_erlpack@1 to /home/miles/.config/discord/0.0.95/modules/pending/discord_erlpack-1.zip: 39%
5/24/2025, 9:51:08 AM GMT+3 [Modules] Streaming discord_erlpack@1 to /home/miles/.config/discord/0.0.95/modules/pending/discord_erlpack-1.zip: 51%
5/24/2025, 9:51:08 AM GMT+3 [Modules] Streaming discord_erlpack@1 to /home/miles/.config/discord/0.0.95/modules/pending/discord_erlpack-1.zip: 69%
5/24/2025, 9:51:08 AM GMT+3 [Modules] Streaming discord_erlpack@1 to /home/miles/.config/discord/0.0.95/modules/pending/discord_erlpack-1.zip: 71%
5/24/2025, 9:51:08 AM GMT+3 [Modules] Streaming discord_erlpack@1 to /home/miles/.config/discord/0.0.95/modules/pending/discord_erlpack-1.zip: 74%
5/24/2025, 9:51:08 AM GMT+3 [Modules] Streaming discord_erlpack@1 to /home/miles/.config/discord/0.0.95/modules/pending/discord_erlpack-1.zip: 76%
5/24/2025, 9:51:08 AM GMT+3 [Modules] Streaming discord_erlpack@1 to /home/miles/.config/discord/0.0.95/modules/pending/discord_erlpack-1.zip: 79%
5/24/2025, 9:51:08 AM GMT+3 [Modules] Streaming discord_erlpack@1 to /home/miles/.config/discord/0.0.95/modules/pending/discord_erlpack-1.zip: 80%
5/24/2025, 9:51:08 AM GMT+3 [Modules] Streaming discord_erlpack@1 to /home/miles/.config/discord/0.0.95/modules/pending/discord_erlpack-1.zip: 82%
5/24/2025, 9:51:08 AM GMT+3 [Modules] Streaming discord_erlpack@1 to /home/miles/.config/discord/0.0.95/modules/pending/discord_erlpack-1.zip: 87%
5/24/2025, 9:51:08 AM GMT+3 [Modules] Streaming discord_erlpack@1 to /home/miles/.config/discord/0.0.95/modules/pending/discord_erlpack-1.zip: 89%
5/24/2025, 9:51:09 AM GMT+3 [Modules] Streaming discord_erlpack@1 to /home/miles/.config/discord/0.0.95/modules/pending/discord_erlpack-1.zip: 90%
5/24/2025, 9:51:09 AM GMT+3 [Modules] Streaming discord_erlpack@1 to /home/miles/.config/discord/0.0.95/modules/pending/discord_erlpack-1.zip: 93%
5/24/2025, 9:51:09 AM GMT+3 [Modules] Streaming discord_erlpack@1 to /home/miles/.config/discord/0.0.95/modules/pending/discord_erlpack-1.zip: 94%
5/24/2025, 9:51:09 AM GMT+3 [Modules] Streaming discord_erlpack@1 to /home/miles/.config/discord/0.0.95/modules/pending/discord_erlpack-1.zip: 100%
5/24/2025, 9:51:09 AM GMT+3 [Modules] Fetching discord_spellcheck@1 from https://discord.com/api/modules/stable/discord_spellcheck/1
5/24/2025, 9:51:09 AM GMT+3 [Modules] Streaming discord_spellcheck@1 to /home/miles/.config/discord/0.0.95/modules/pending/discord_spellcheck-1.zip
5/24/2025, 9:51:09 AM GMT+3 [Modules] Streaming discord_spellcheck@1 to /home/miles/.config/discord/0.0.95/modules/pending/discord_spellcheck-1.zip: 1%
5/24/2025, 9:51:09 AM GMT+3 [Modules] Streaming discord_spellcheck@1 to /home/miles/.config/discord/0.0.95/modules/pending/discord_spellcheck-1.zip: 2%
5/24/2025, 9:51:09 AM GMT+3 [Modules] Streaming discord_spellcheck@1 to /home/miles/.config/discord/0.0.95/modules/pending/discord_spellcheck-1.zip: 3%
5/24/2025, 9:51:09 AM GMT+3 [Modules] Streaming discord_spellcheck@1 to /home/miles/.config/discord/0.0.95/modules/pending/discord_spellcheck-1.zip: 4%
5/24/2025, 9:51:09 AM GMT+3 [Modules] Streaming discord_spellcheck@1 to /home/miles/.config/discord/0.0.95/modules/pending/discord_spellcheck-1.zip: 5%
5/24/2025, 9:51:09 AM GMT+3 [Modules] Streaming discord_spellcheck@1 to /home/miles/.config/discord/0.0.95/modules/pending/discord_spellcheck-1.zip: 6%
5/24/2025, 9:51:09 AM GMT+3 [Modules] Streaming discord_spellcheck@1 to /home/miles/.config/discord/0.0.95/modules/pending/discord_spellcheck-1.zip: 7%
5/24/2025, 9:51:09 AM GMT+3 [Modules] Streaming discord_spellcheck@1 to /home/miles/.config/discord/0.0.95/modules/pending/discord_spellcheck-1.zip: 8%
5/24/2025, 9:51:09 AM GMT+3 [Modules] Streaming discord_spellcheck@1 to /home/miles/.config/discord/0.0.95/modules/pending/discord_spellcheck-1.zip: 9%
5/24/2025, 9:51:09 AM GMT+3 [Modules] Streaming discord_spellcheck@1 to /home/miles/.config/discord/0.0.95/modules/pending/discord_spellcheck-1.zip: 10%
5/24/2025, 9:51:09 AM GMT+3 [Modules] Streaming discord_spellcheck@1 to /home/miles/.config/discord/0.0.95/modules/pending/discord_spellcheck-1.zip: 11%
5/24/2025, 9:51:09 AM GMT+3 [Modules] Streaming discord_spellcheck@1 to /home/miles/.config/discord/0.0.95/modules/pending/discord_spellcheck-1.zip: 12%
5/24/2025, 9:51:10 AM GMT+3 [Modules] Streaming discord_spellcheck@1 to /home/miles/.config/discord/0.0.95/modules/pending/discord_spellcheck-1.zip: 13%
5/24/2025, 9:51:10 AM GMT+3 [Modules] Streaming discord_spellcheck@1 to /home/miles/.config/discord/0.0.95/modules/pending/discord_spellcheck-1.zip: 14%
5/24/2025, 9:51:10 AM GMT+3 [Modules] Streaming discord_spellcheck@1 to /home/miles/.config/discord/0.0.95/modules/pending/discord_spellcheck-1.zip: 15%
5/24/2025, 9:51:10 AM GMT+3 [Modules] Streaming discord_spellcheck@1 to /home/miles/.config/discord/0.0.95/modules/pending/discord_spellcheck-1.zip: 16%
5/24/2025, 9:51:10 AM GMT+3 [Modules] Streaming discord_spellcheck@1 to /home/miles/.config/discord/0.0.95/modules/pending/discord_spellcheck-1.zip: 17%
5/24/2025, 9:51:10 AM GMT+3 [Modules] Streaming discord_spellcheck@1 to /home/miles/.config/discord/0.0.95/modules/pending/discord_spellcheck-1.zip: 18%
5/24/2025, 9:51:10 AM GMT+3 [Modules] Streaming discord_spellcheck@1 to /home/miles/.config/discord/0.0.95/modules/pending/discord_spellcheck-1.zip: 19%
5/24/2025, 9:51:10 AM GMT+3 [Modules] Streaming discord_spellcheck@1 to /home/miles/.config/discord/0.0.95/modules/pending/discord_spellcheck-1.zip: 20%
5/24/2025, 9:51:10 AM GMT+3 [Modules] Streaming discord_spellcheck@1 to /home/miles/.config/discord/0.0.95/modules/pending/discord_spellcheck-1.zip: 22%
5/24/2025, 9:51:10 AM GMT+3 [Modules] Streaming discord_spellcheck@1 to /home/miles/.config/discord/0.0.95/modules/pending/discord_spellcheck-1.zip: 23%
5/24/2025, 9:51:10 AM GMT+3 [Modules] Streaming discord_spellcheck@1 to /home/miles/.config/discord/0.0.95/modules/pending/discord_spellcheck-1.zip: 24%
5/24/2025, 9:51:10 AM GMT+3 [Modules] Streaming discord_spellcheck@1 to /home/miles/.config/discord/0.0.95/modules/pending/discord_spellcheck-1.zip: 25%
5/24/2025, 9:51:10 AM GMT+3 [Modules] Streaming discord_spellcheck@1 to /home/miles/.config/discord/0.0.95/modules/pending/discord_spellcheck-1.zip: 26%
5/24/2025, 9:51:10 AM GMT+3 [Modules] Streaming discord_spellcheck@1 to /home/miles/.config/discord/0.0.95/modules/pending/discord_spellcheck-1.zip: 27%
5/24/2025, 9:51:10 AM GMT+3 [Modules] Streaming discord_spellcheck@1 to /home/miles/.config/discord/0.0.95/modules/pending/discord_spellcheck-1.zip: 28%
5/24/2025, 9:51:10 AM GMT+3 [Modules] Streaming discord_spellcheck@1 to /home/miles/.config/discord/0.0.95/modules/pending/discord_spellcheck-1.zip: 29%
5/24/2025, 9:51:10 AM GMT+3 [Modules] Streaming discord_spellcheck@1 to /home/miles/.config/discord/0.0.95/modules/pending/discord_spellcheck-1.zip: 31%
5/24/2025, 9:51:10 AM GMT+3 [Modules] Streaming discord_spellcheck@1 to /home/miles/.config/discord/0.0.95/modules/pending/discord_spellcheck-1.zip: 32%
5/24/2025, 9:51:10 AM GMT+3 [Modules] Streaming discord_spellcheck@1 to /home/miles/.config/discord/0.0.95/modules/pending/discord_spellcheck-1.zip: 33%
5/24/2025, 9:51:10 AM GMT+3 [Modules] Streaming discord_spellcheck@1 to /home/miles/.config/discord/0.0.95/modules/pending/discord_spellcheck-1.zip: 34%
5/24/2025, 9:51:10 AM GMT+3 [Modules] Streaming discord_spellcheck@1 to /home/miles/.config/discord/0.0.95/modules/pending/discord_spellcheck-1.zip: 35%
5/24/2025, 9:51:10 AM GMT+3 [Modules] Streaming discord_spellcheck@1 to /home/miles/.config/discord/0.0.95/modules/pending/discord_spellcheck-1.zip: 37%
5/24/2025, 9:51:10 AM GMT+3 [Modules] Streaming discord_spellcheck@1 to /home/miles/.config/discord/0.0.95/modules/pending/discord_spellcheck-1.zip: 39%
5/24/2025, 9:51:10 AM GMT+3 [Modules] Streaming discord_spellcheck@1 to /home/miles/.config/discord/0.0.95/modules/pending/discord_spellcheck-1.zip: 40%
5/24/2025, 9:51:10 AM GMT+3 [Modules] Streaming discord_spellcheck@1 to /home/miles/.config/discord/0.0.95/modules/pending/discord_spellcheck-1.zip: 41%
5/24/2025, 9:51:10 AM GMT+3 [Modules] Streaming discord_spellcheck@1 to /home/miles/.config/discord/0.0.95/modules/pending/discord_spellcheck-1.zip: 42%
5/24/2025, 9:51:10 AM GMT+3 [Modules] Streaming discord_spellcheck@1 to /home/miles/.config/discord/0.0.95/modules/pending/discord_spellcheck-1.zip: 45%
5/24/2025, 9:51:10 AM GMT+3 [Modules] Streaming discord_spellcheck@1 to /home/miles/.config/discord/0.0.95/modules/pending/discord_spellcheck-1.zip: 46%
5/24/2025, 9:51:10 AM GMT+3 [Modules] Streaming discord_spellcheck@1 to /home/miles/.config/discord/0.0.95/modules/pending/discord_spellcheck-1.zip: 47%
5/24/2025, 9:51:10 AM GMT+3 [Modules] Streaming discord_spellcheck@1 to /home/miles/.config/discord/0.0.95/modules/pending/discord_spellcheck-1.zip: 48%
5/24/2025, 9:51:10 AM GMT+3 [Modules] Streaming discord_spellcheck@1 to /home/miles/.config/discord/0.0.95/modules/pending/discord_spellcheck-1.zip: 49%
5/24/2025, 9:51:10 AM GMT+3 [Modules] Streaming discord_spellcheck@1 to /home/miles/.config/discord/0.0.95/modules/pending/discord_spellcheck-1.zip: 50%
5/24/2025, 9:51:10 AM GMT+3 [Modules] Streaming discord_spellcheck@1 to /home/miles/.config/discord/0.0.95/modules/pending/discord_spellcheck-1.zip: 51%
5/24/2025, 9:51:10 AM GMT+3 [Modules] Streaming discord_spellcheck@1 to /home/miles/.config/discord/0.0.95/modules/pending/discord_spellcheck-1.zip: 52%
5/24/2025, 9:51:10 AM GMT+3 [Modules] Streaming discord_spellcheck@1 to /home/miles/.config/discord/0.0.95/modules/pending/discord_spellcheck-1.zip: 53%
5/24/2025, 9:51:10 AM GMT+3 [Modules] Streaming discord_spellcheck@1 to /home/miles/.config/discord/0.0.95/modules/pending/discord_spellcheck-1.zip: 54%
5/24/2025, 9:51:10 AM GMT+3 [Modules] Streaming discord_spellcheck@1 to /home/miles/.config/discord/0.0.95/modules/pending/discord_spellcheck-1.zip: 55%
5/24/2025, 9:51:10 AM GMT+3 [Modules] Streaming discord_spellcheck@1 to /home/miles/.config/discord/0.0.95/modules/pending/discord_spellcheck-1.zip: 56%
5/24/2025, 9:51:10 AM GMT+3 [Modules] Streaming discord_spellcheck@1 to /home/miles/.config/discord/0.0.95/modules/pending/discord_spellcheck-1.zip: 57%
5/24/2025, 9:51:10 AM GMT+3 [Modules] Streaming discord_spellcheck@1 to /home/miles/.config/discord/0.0.95/modules/pending/discord_spellcheck-1.zip: 58%
5/24/2025, 9:51:10 AM GMT+3 [Modules] Streaming discord_spellcheck@1 to /home/miles/.config/discord/0.0.95/modules/pending/discord_spellcheck-1.zip: 59%
5/24/2025, 9:51:10 AM GMT+3 [Modules] Streaming discord_spellcheck@1 to /home/miles/.config/discord/0.0.95/modules/pending/discord_spellcheck-1.zip: 60%
5/24/2025, 9:51:10 AM GMT+3 [Modules] Streaming discord_spellcheck@1 to /home/miles/.config/discord/0.0.95/modules/pending/discord_spellcheck-1.zip: 61%
5/24/2025, 9:51:11 AM GMT+3 [Modules] Streaming discord_spellcheck@1 to /home/miles/.config/discord/0.0.95/modules/pending/discord_spellcheck-1.zip: 62%
5/24/2025, 9:51:11 AM GMT+3 [Modules] Streaming discord_spellcheck@1 to /home/miles/.config/discord/0.0.95/modules/pending/discord_spellcheck-1.zip: 63%
5/24/2025, 9:51:11 AM GMT+3 [Modules] Streaming discord_spellcheck@1 to /home/miles/.config/discord/0.0.95/modules/pending/discord_spellcheck-1.zip: 64%
5/24/2025, 9:51:11 AM GMT+3 [Modules] Streaming discord_spellcheck@1 to /home/miles/.config/discord/0.0.95/modules/pending/discord_spellcheck-1.zip: 65%
5/24/2025, 9:51:11 AM GMT+3 [Modules] Streaming discord_spellcheck@1 to /home/miles/.config/discord/0.0.95/modules/pending/discord_spellcheck-1.zip: 66%
5/24/2025, 9:51:11 AM GMT+3 [Modules] Streaming discord_spellcheck@1 to /home/miles/.config/discord/0.0.95/modules/pending/discord_spellcheck-1.zip: 67%
5/24/2025, 9:51:11 AM GMT+3 [Modules] Streaming discord_spellcheck@1 to /home/miles/.config/discord/0.0.95/modules/pending/discord_spellcheck-1.zip: 69%
5/24/2025, 9:51:11 AM GMT+3 [Modules] Streaming discord_spellcheck@1 to /home/miles/.config/discord/0.0.95/modules/pending/discord_spellcheck-1.zip: 70%
5/24/2025, 9:51:11 AM GMT+3 [Modules] Streaming discord_spellcheck@1 to /home/miles/.config/discord/0.0.95/modules/pending/discord_spellcheck-1.zip: 71%
5/24/2025, 9:51:11 AM GMT+3 [Modules] Streaming discord_spellcheck@1 to /home/miles/.config/discord/0.0.95/modules/pending/discord_spellcheck-1.zip: 72%
5/24/2025, 9:51:11 AM GMT+3 [Modules] Streaming discord_spellcheck@1 to /home/miles/.config/discord/0.0.95/modules/pending/discord_spellcheck-1.zip: 73%
5/24/2025, 9:51:11 AM GMT+3 [Modules] Streaming discord_spellcheck@1 to /home/miles/.config/discord/0.0.95/modules/pending/discord_spellcheck-1.zip: 74%
5/24/2025, 9:51:11 AM GMT+3 [Modules] Streaming discord_spellcheck@1 to /home/miles/.config/discord/0.0.95/modules/pending/discord_spellcheck-1.zip: 75%
5/24/2025, 9:51:11 AM GMT+3 [Modules] Streaming discord_spellcheck@1 to /home/miles/.config/discord/0.0.95/modules/pending/discord_spellcheck-1.zip: 78%
5/24/2025, 9:51:11 AM GMT+3 [Modules] Streaming discord_spellcheck@1 to /home/miles/.config/discord/0.0.95/modules/pending/discord_spellcheck-1.zip: 79%
5/24/2025, 9:51:11 AM GMT+3 [Modules] Streaming discord_spellcheck@1 to /home/miles/.config/discord/0.0.95/modules/pending/discord_spellcheck-1.zip: 81%
5/24/2025, 9:51:11 AM GMT+3 [Modules] Streaming discord_spellcheck@1 to /home/miles/.config/discord/0.0.95/modules/pending/discord_spellcheck-1.zip: 82%
5/24/2025, 9:51:11 AM GMT+3 [Modules] Streaming discord_spellcheck@1 to /home/miles/.config/discord/0.0.95/modules/pending/discord_spellcheck-1.zip: 83%
5/24/2025, 9:51:11 AM GMT+3 [Modules] Streaming discord_spellcheck@1 to /home/miles/.config/discord/0.0.95/modules/pending/discord_spellcheck-1.zip: 84%
5/24/2025, 9:51:11 AM GMT+3 [Modules] Streaming discord_spellcheck@1 to /home/miles/.config/discord/0.0.95/modules/pending/discord_spellcheck-1.zip: 85%
5/24/2025, 9:51:11 AM GMT+3 [Modules] Streaming discord_spellcheck@1 to /home/miles/.config/discord/0.0.95/modules/pending/discord_spellcheck-1.zip: 86%
5/24/2025, 9:51:11 AM GMT+3 [Modules] Streaming discord_spellcheck@1 to /home/miles/.config/discord/0.0.95/modules/pending/discord_spellcheck-1.zip: 87%
5/24/2025, 9:51:11 AM GMT+3 [Modules] Streaming discord_spellcheck@1 to /home/miles/.config/discord/0.0.95/modules/pending/discord_spellcheck-1.zip: 88%
5/24/2025, 9:51:11 AM GMT+3 [Modules] Streaming discord_spellcheck@1 to /home/miles/.config/discord/0.0.95/modules/pending/discord_spellcheck-1.zip: 89%
5/24/2025, 9:51:11 AM GMT+3 [Modules] Streaming discord_spellcheck@1 to /home/miles/.config/discord/0.0.95/modules/pending/discord_spellcheck-1.zip: 90%
5/24/2025, 9:51:11 AM GMT+3 [Modules] Streaming discord_spellcheck@1 to /home/miles/.config/discord/0.0.95/modules/pending/discord_spellcheck-1.zip: 91%
5/24/2025, 9:51:11 AM GMT+3 [Modules] Streaming discord_spellcheck@1 to /home/miles/.config/discord/0.0.95/modules/pending/discord_spellcheck-1.zip: 92%
5/24/2025, 9:51:11 AM GMT+3 [Modules] Streaming discord_spellcheck@1 to /home/miles/.config/discord/0.0.95/modules/pending/discord_spellcheck-1.zip: 93%
5/24/2025, 9:51:11 AM GMT+3 [Modules] Streaming discord_spellcheck@1 to /home/miles/.config/discord/0.0.95/modules/pending/discord_spellcheck-1.zip: 94%
5/24/2025, 9:51:11 AM GMT+3 [Modules] Streaming discord_spellcheck@1 to /home/miles/.config/discord/0.0.95/modules/pending/discord_spellcheck-1.zip: 95%
5/24/2025, 9:51:11 AM GMT+3 [Modules] Streaming discord_spellcheck@1 to /home/miles/.config/discord/0.0.95/modules/pending/discord_spellcheck-1.zip: 98%
5/24/2025, 9:51:11 AM GMT+3 [Modules] Streaming discord_spellcheck@1 to /home/miles/.config/discord/0.0.95/modules/pending/discord_spellcheck-1.zip: 100%
5/24/2025, 9:51:11 AM GMT+3 [Modules] Fetching discord_utils@1 from https://discord.com/api/modules/stable/discord_utils/1
5/24/2025, 9:51:11 AM GMT+3 [Modules] Streaming discord_utils@1 to /home/miles/.config/discord/0.0.95/modules/pending/discord_utils-1.zip
5/24/2025, 9:51:12 AM GMT+3 [Modules] Streaming discord_utils@1 to /home/miles/.config/discord/0.0.95/modules/pending/discord_utils-1.zip: 1%
5/24/2025, 9:51:12 AM GMT+3 [Modules] Streaming discord_utils@1 to /home/miles/.config/discord/0.0.95/modules/pending/discord_utils-1.zip: 3%
5/24/2025, 9:51:12 AM GMT+3 [Modules] Streaming discord_utils@1 to /home/miles/.config/discord/0.0.95/modules/pending/discord_utils-1.zip: 4%
5/24/2025, 9:51:12 AM GMT+3 [Modules] Streaming discord_utils@1 to /home/miles/.config/discord/0.0.95/modules/pending/discord_utils-1.zip: 5%
5/24/2025, 9:51:12 AM GMT+3 [Modules] Streaming discord_utils@1 to /home/miles/.config/discord/0.0.95/modules/pending/discord_utils-1.zip: 6%
5/24/2025, 9:51:12 AM GMT+3 [Modules] Streaming discord_utils@1 to /home/miles/.config/discord/0.0.95/modules/pending/discord_utils-1.zip: 7%
5/24/2025, 9:51:12 AM GMT+3 [Modules] Streaming discord_utils@1 to /home/miles/.config/discord/0.0.95/modules/pending/discord_utils-1.zip: 8%
5/24/2025, 9:51:12 AM GMT+3 [Modules] Streaming discord_utils@1 to /home/miles/.config/discord/0.0.95/modules/pending/discord_utils-1.zip: 9%
5/24/2025, 9:51:12 AM GMT+3 [Modules] Streaming discord_utils@1 to /home/miles/.config/discord/0.0.95/modules/pending/discord_utils-1.zip: 10%
5/24/2025, 9:51:12 AM GMT+3 [Modules] Streaming discord_utils@1 to /home/miles/.config/discord/0.0.95/modules/pending/discord_utils-1.zip: 11%
5/24/2025, 9:51:12 AM GMT+3 [Modules] Streaming discord_utils@1 to /home/miles/.config/discord/0.0.95/modules/pending/discord_utils-1.zip: 12%
5/24/2025, 9:51:12 AM GMT+3 [Modules] Streaming discord_utils@1 to /home/miles/.config/discord/0.0.95/modules/pending/discord_utils-1.zip: 13%
5/24/2025, 9:51:12 AM GMT+3 [Modules] Streaming discord_utils@1 to /home/miles/.config/discord/0.0.95/modules/pending/discord_utils-1.zip: 14%
5/24/2025, 9:51:12 AM GMT+3 [Modules] Streaming discord_utils@1 to /home/miles/.config/discord/0.0.95/modules/pending/discord_utils-1.zip: 15%
5/24/2025, 9:51:12 AM GMT+3 [Modules] Streaming discord_utils@1 to /home/miles/.config/discord/0.0.95/modules/pending/discord_utils-1.zip: 16%
5/24/2025, 9:51:12 AM GMT+3 [Modules] Streaming discord_utils@1 to /home/miles/.config/discord/0.0.95/modules/pending/discord_utils-1.zip: 17%
5/24/2025, 9:51:12 AM GMT+3 [Modules] Streaming discord_utils@1 to /home/miles/.config/discord/0.0.95/modules/pending/discord_utils-1.zip: 18%
5/24/2025, 9:51:12 AM GMT+3 [Modules] Streaming discord_utils@1 to /home/miles/.config/discord/0.0.95/modules/pending/discord_utils-1.zip: 19%
5/24/2025, 9:51:12 AM GMT+3 [Modules] Streaming discord_utils@1 to /home/miles/.config/discord/0.0.95/modules/pending/discord_utils-1.zip: 20%
5/24/2025, 9:51:12 AM GMT+3 [Modules] Streaming discord_utils@1 to /home/miles/.config/discord/0.0.95/modules/pending/discord_utils-1.zip: 21%
5/24/2025, 9:51:12 AM GMT+3 [Modules] Streaming discord_utils@1 to /home/miles/.config/discord/0.0.95/modules/pending/discord_utils-1.zip: 22%
5/24/2025, 9:51:12 AM GMT+3 [Modules] Streaming discord_utils@1 to /home/miles/.config/discord/0.0.95/modules/pending/discord_utils-1.zip: 23%
5/24/2025, 9:51:12 AM GMT+3 [Modules] Streaming discord_utils@1 to /home/miles/.config/discord/0.0.95/modules/pending/discord_utils-1.zip: 24%
5/24/2025, 9:51:12 AM GMT+3 [Modules] Streaming discord_utils@1 to /home/miles/.config/discord/0.0.95/modules/pending/discord_utils-1.zip: 25%
5/24/2025, 9:51:12 AM GMT+3 [Modules] Streaming discord_utils@1 to /home/miles/.config/discord/0.0.95/modules/pending/discord_utils-1.zip: 26%
5/24/2025, 9:51:12 AM GMT+3 [Modules] Streaming discord_utils@1 to /home/miles/.config/discord/0.0.95/modules/pending/discord_utils-1.zip: 27%
5/24/2025, 9:51:12 AM GMT+3 [Modules] Streaming discord_utils@1 to /home/miles/.config/discord/0.0.95/modules/pending/discord_utils-1.zip: 28%
5/24/2025, 9:51:12 AM GMT+3 [Modules] Streaming discord_utils@1 to /home/miles/.config/discord/0.0.95/modules/pending/discord_utils-1.zip: 29%
5/24/2025, 9:51:12 AM GMT+3 [Modules] Streaming discord_utils@1 to /home/miles/.config/discord/0.0.95/modules/pending/discord_utils-1.zip: 30%
5/24/2025, 9:51:12 AM GMT+3 [Modules] Streaming discord_utils@1 to /home/miles/.config/discord/0.0.95/modules/pending/discord_utils-1.zip: 31%
5/24/2025, 9:51:12 AM GMT+3 [Modules] Streaming discord_utils@1 to /home/miles/.config/discord/0.0.95/modules/pending/discord_utils-1.zip: 32%
5/24/2025, 9:51:12 AM GMT+3 [Modules] Streaming discord_utils@1 to /home/miles/.config/discord/0.0.95/modules/pending/discord_utils-1.zip: 33%
5/24/2025, 9:51:12 AM GMT+3 [Modules] Streaming discord_utils@1 to /home/miles/.config/discord/0.0.95/modules/pending/discord_utils-1.zip: 34%
5/24/2025, 9:51:12 AM GMT+3 [Modules] Streaming discord_utils@1 to /home/miles/.config/discord/0.0.95/modules/pending/discord_utils-1.zip: 35%
5/24/2025, 9:51:12 AM GMT+3 [Modules] Streaming discord_utils@1 to /home/miles/.config/discord/0.0.95/modules/pending/discord_utils-1.zip: 36%
5/24/2025, 9:51:12 AM GMT+3 [Modules] Streaming discord_utils@1 to /home/miles/.config/discord/0.0.95/modules/pending/discord_utils-1.zip: 37%
5/24/2025, 9:51:12 AM GMT+3 [Modules] Streaming discord_utils@1 to /home/miles/.config/discord/0.0.95/modules/pending/discord_utils-1.zip: 38%
5/24/2025, 9:51:12 AM GMT+3 [Modules] Streaming discord_utils@1 to /home/miles/.config/discord/0.0.95/modules/pending/discord_utils-1.zip: 39%
5/24/2025, 9:51:12 AM GMT+3 [Modules] Streaming discord_utils@1 to /home/miles/.config/discord/0.0.95/modules/pending/discord_utils-1.zip: 40%
5/24/2025, 9:51:12 AM GMT+3 [Modules] Streaming discord_utils@1 to /home/miles/.config/discord/0.0.95/modules/pending/discord_utils-1.zip: 41%
5/24/2025, 9:51:12 AM GMT+3 [Modules] Streaming discord_utils@1 to /home/miles/.config/discord/0.0.95/modules/pending/discord_utils-1.zip: 42%
5/24/2025, 9:51:12 AM GMT+3 [Modules] Streaming discord_utils@1 to /home/miles/.config/discord/0.0.95/modules/pending/discord_utils-1.zip: 43%
5/24/2025, 9:51:12 AM GMT+3 [Modules] Streaming discord_utils@1 to /home/miles/.config/discord/0.0.95/modules/pending/discord_utils-1.zip: 44%
5/24/2025, 9:51:12 AM GMT+3 [Modules] Streaming discord_utils@1 to /home/miles/.config/discord/0.0.95/modules/pending/discord_utils-1.zip: 45%
5/24/2025, 9:51:12 AM GMT+3 [Modules] Streaming discord_utils@1 to /home/miles/.config/discord/0.0.95/modules/pending/discord_utils-1.zip: 46%
5/24/2025, 9:51:12 AM GMT+3 [Modules] Streaming discord_utils@1 to /home/miles/.config/discord/0.0.95/modules/pending/discord_utils-1.zip: 48%
5/24/2025, 9:51:12 AM GMT+3 [Modules] Streaming discord_utils@1 to /home/miles/.config/discord/0.0.95/modules/pending/discord_utils-1.zip: 49%
5/24/2025, 9:51:12 AM GMT+3 [Modules] Streaming discord_utils@1 to /home/miles/.config/discord/0.0.95/modules/pending/discord_utils-1.zip: 50%
5/24/2025, 9:51:12 AM GMT+3 [Modules] Streaming discord_utils@1 to /home/miles/.config/discord/0.0.95/modules/pending/discord_utils-1.zip: 51%
5/24/2025, 9:51:12 AM GMT+3 [Modules] Streaming discord_utils@1 to /home/miles/.config/discord/0.0.95/modules/pending/discord_utils-1.zip: 54%
5/24/2025, 9:51:12 AM GMT+3 [Modules] Streaming discord_utils@1 to /home/miles/.config/discord/0.0.95/modules/pending/discord_utils-1.zip: 56%
5/24/2025, 9:51:12 AM GMT+3 [Modules] Streaming discord_utils@1 to /home/miles/.config/discord/0.0.95/modules/pending/discord_utils-1.zip: 59%
5/24/2025, 9:51:12 AM GMT+3 [Modules] Streaming discord_utils@1 to /home/miles/.config/discord/0.0.95/modules/pending/discord_utils-1.zip: 60%
5/24/2025, 9:51:12 AM GMT+3 [Modules] Streaming discord_utils@1 to /home/miles/.config/discord/0.0.95/modules/pending/discord_utils-1.zip: 61%
5/24/2025, 9:51:12 AM GMT+3 [Modules] Streaming discord_utils@1 to /home/miles/.config/discord/0.0.95/modules/pending/discord_utils-1.zip: 63%
5/24/2025, 9:51:12 AM GMT+3 [Modules] Streaming discord_utils@1 to /home/miles/.config/discord/0.0.95/modules/pending/discord_utils-1.zip: 64%
5/24/2025, 9:51:12 AM GMT+3 [Modules] Streaming discord_utils@1 to /home/miles/.config/discord/0.0.95/modules/pending/discord_utils-1.zip: 65%
5/24/2025, 9:51:12 AM GMT+3 [Modules] Streaming discord_utils@1 to /home/miles/.config/discord/0.0.95/modules/pending/discord_utils-1.zip: 67%
5/24/2025, 9:51:12 AM GMT+3 [Modules] Streaming discord_utils@1 to /home/miles/.config/discord/0.0.95/modules/pending/discord_utils-1.zip: 69%
5/24/2025, 9:51:12 AM GMT+3 [Modules] Streaming discord_utils@1 to /home/miles/.config/discord/0.0.95/modules/pending/discord_utils-1.zip: 70%
5/24/2025, 9:51:12 AM GMT+3 [Modules] Streaming discord_utils@1 to /home/miles/.config/discord/0.0.95/modules/pending/discord_utils-1.zip: 71%
5/24/2025, 9:51:12 AM GMT+3 [Modules] Streaming discord_utils@1 to /home/miles/.config/discord/0.0.95/modules/pending/discord_utils-1.zip: 72%
5/24/2025, 9:51:12 AM GMT+3 [Modules] Streaming discord_utils@1 to /home/miles/.config/discord/0.0.95/modules/pending/discord_utils-1.zip: 74%
5/24/2025, 9:51:12 AM GMT+3 [Modules] Streaming discord_utils@1 to /home/miles/.config/discord/0.0.95/modules/pending/discord_utils-1.zip: 76%
5/24/2025, 9:51:12 AM GMT+3 [Modules] Streaming discord_utils@1 to /home/miles/.config/discord/0.0.95/modules/pending/discord_utils-1.zip: 78%
5/24/2025, 9:51:12 AM GMT+3 [Modules] Streaming discord_utils@1 to /home/miles/.config/discord/0.0.95/modules/pending/discord_utils-1.zip: 80%
5/24/2025, 9:51:12 AM GMT+3 [Modules] Streaming discord_utils@1 to /home/miles/.config/discord/0.0.95/modules/pending/discord_utils-1.zip: 82%
5/24/2025, 9:51:12 AM GMT+3 [Modules] Streaming discord_utils@1 to /home/miles/.config/discord/0.0.95/modules/pending/discord_utils-1.zip: 85%
5/24/2025, 9:51:12 AM GMT+3 [Modules] Streaming discord_utils@1 to /home/miles/.config/discord/0.0.95/modules/pending/discord_utils-1.zip: 89%
5/24/2025, 9:51:12 AM GMT+3 [Modules] Streaming discord_utils@1 to /home/miles/.config/discord/0.0.95/modules/pending/discord_utils-1.zip: 92%
5/24/2025, 9:51:12 AM GMT+3 [Modules] Streaming discord_utils@1 to /home/miles/.config/discord/0.0.95/modules/pending/discord_utils-1.zip: 95%
5/24/2025, 9:51:12 AM GMT+3 [Modules] Streaming discord_utils@1 to /home/miles/.config/discord/0.0.95/modules/pending/discord_utils-1.zip: 100%
5/24/2025, 9:51:12 AM GMT+3 [Modules] Fetching discord_voice@1 from https://discord.com/api/modules/stable/discord_voice/1
5/24/2025, 9:51:12 AM GMT+3 [Modules] Streaming discord_voice@1 to /home/miles/.config/discord/0.0.95/modules/pending/discord_voice-1.zip
5/24/2025, 9:51:13 AM GMT+3 [Modules] Streaming discord_voice@1 to /home/miles/.config/discord/0.0.95/modules/pending/discord_voice-1.zip: 1%
5/24/2025, 9:51:13 AM GMT+3 [Modules] Streaming discord_voice@1 to /home/miles/.config/discord/0.0.95/modules/pending/discord_voice-1.zip: 2%
5/24/2025, 9:51:13 AM GMT+3 [Modules] Streaming discord_voice@1 to /home/miles/.config/discord/0.0.95/modules/pending/discord_voice-1.zip: 3%
5/24/2025, 9:51:13 AM GMT+3 [Modules] Streaming discord_voice@1 to /home/miles/.config/discord/0.0.95/modules/pending/discord_voice-1.zip: 4%
5/24/2025, 9:51:13 AM GMT+3 [Modules] Streaming discord_voice@1 to /home/miles/.config/discord/0.0.95/modules/pending/discord_voice-1.zip: 5%
5/24/2025, 9:51:13 AM GMT+3 [Modules] Streaming discord_voice@1 to /home/miles/.config/discord/0.0.95/modules/pending/discord_voice-1.zip: 6%
5/24/2025, 9:51:13 AM GMT+3 [Modules] Streaming discord_voice@1 to /home/miles/.config/discord/0.0.95/modules/pending/discord_voice-1.zip: 7%
5/24/2025, 9:51:13 AM GMT+3 [Modules] Streaming discord_voice@1 to /home/miles/.config/discord/0.0.95/modules/pending/discord_voice-1.zip: 8%
5/24/2025, 9:51:13 AM GMT+3 [Modules] Streaming discord_voice@1 to /home/miles/.config/discord/0.0.95/modules/pending/discord_voice-1.zip: 9%
5/24/2025, 9:51:13 AM GMT+3 [Modules] Streaming discord_voice@1 to /home/miles/.config/discord/0.0.95/modules/pending/discord_voice-1.zip: 10%
5/24/2025, 9:51:13 AM GMT+3 [Modules] Streaming discord_voice@1 to /home/miles/.config/discord/0.0.95/modules/pending/discord_voice-1.zip: 11%
5/24/2025, 9:51:13 AM GMT+3 [Modules] Streaming discord_voice@1 to /home/miles/.config/discord/0.0.95/modules/pending/discord_voice-1.zip: 12%
5/24/2025, 9:51:14 AM GMT+3 [Modules] Streaming discord_voice@1 to /home/miles/.config/discord/0.0.95/modules/pending/discord_voice-1.zip: 13%
5/24/2025, 9:51:14 AM GMT+3 [Modules] Streaming discord_voice@1 to /home/miles/.config/discord/0.0.95/modules/pending/discord_voice-1.zip: 14%
5/24/2025, 9:51:14 AM GMT+3 [Modules] Streaming discord_voice@1 to /home/miles/.config/discord/0.0.95/modules/pending/discord_voice-1.zip: 15%
5/24/2025, 9:51:14 AM GMT+3 [Modules] Streaming discord_voice@1 to /home/miles/.config/discord/0.0.95/modules/pending/discord_voice-1.zip: 16%
5/24/2025, 9:51:14 AM GMT+3 [Modules] Streaming discord_voice@1 to /home/miles/.config/discord/0.0.95/modules/pending/discord_voice-1.zip: 17%
5/24/2025, 9:51:14 AM GMT+3 [Modules] Streaming discord_voice@1 to /home/miles/.config/discord/0.0.95/modules/pending/discord_voice-1.zip: 18%
5/24/2025, 9:51:14 AM GMT+3 [Modules] Streaming discord_voice@1 to /home/miles/.config/discord/0.0.95/modules/pending/discord_voice-1.zip: 19%
5/24/2025, 9:51:14 AM GMT+3 [Modules] Streaming discord_voice@1 to /home/miles/.config/discord/0.0.95/modules/pending/discord_voice-1.zip: 20%
5/24/2025, 9:51:14 AM GMT+3 [Modules] Streaming discord_voice@1 to /home/miles/.config/discord/0.0.95/modules/pending/discord_voice-1.zip: 21%
5/24/2025, 9:51:14 AM GMT+3 [Modules] Streaming discord_voice@1 to /home/miles/.config/discord/0.0.95/modules/pending/discord_voice-1.zip: 22%
5/24/2025, 9:51:14 AM GMT+3 [Modules] Streaming discord_voice@1 to /home/miles/.config/discord/0.0.95/modules/pending/discord_voice-1.zip: 23%
5/24/2025, 9:51:14 AM GMT+3 [Modules] Streaming discord_voice@1 to /home/miles/.config/discord/0.0.95/modules/pending/discord_voice-1.zip: 24%
5/24/2025, 9:51:14 AM GMT+3 [Modules] Streaming discord_voice@1 to /home/miles/.config/discord/0.0.95/modules/pending/discord_voice-1.zip: 25%
5/24/2025, 9:51:14 AM GMT+3 [Modules] Streaming discord_voice@1 to /home/miles/.config/discord/0.0.95/modules/pending/discord_voice-1.zip: 26%
5/24/2025, 9:51:14 AM GMT+3 [Modules] Streaming discord_voice@1 to /home/miles/.config/discord/0.0.95/modules/pending/discord_voice-1.zip: 27%
5/24/2025, 9:51:14 AM GMT+3 [Modules] Streaming discord_voice@1 to /home/miles/.config/discord/0.0.95/modules/pending/discord_voice-1.zip: 28%
5/24/2025, 9:51:14 AM GMT+3 [Modules] Streaming discord_voice@1 to /home/miles/.config/discord/0.0.95/modules/pending/discord_voice-1.zip: 29%
5/24/2025, 9:51:14 AM GMT+3 [Modules] Streaming discord_voice@1 to /home/miles/.config/discord/0.0.95/modules/pending/discord_voice-1.zip: 30%
5/24/2025, 9:51:14 AM GMT+3 [Modules] Streaming discord_voice@1 to /home/miles/.config/discord/0.0.95/modules/pending/discord_voice-1.zip: 32%
5/24/2025, 9:51:14 AM GMT+3 [Modules] Streaming discord_voice@1 to /home/miles/.config/discord/0.0.95/modules/pending/discord_voice-1.zip: 33%
5/24/2025, 9:51:15 AM GMT+3 [Modules] Streaming discord_voice@1 to /home/miles/.config/discord/0.0.95/modules/pending/discord_voice-1.zip: 34%
5/24/2025, 9:51:16 AM GMT+3 [Modules] Streaming discord_voice@1 to /home/miles/.config/discord/0.0.95/modules/pending/discord_voice-1.zip: 35%
5/24/2025, 9:51:16 AM GMT+3 [Modules] Streaming discord_voice@1 to /home/miles/.config/discord/0.0.95/modules/pending/discord_voice-1.zip: 36%
5/24/2025, 9:51:16 AM GMT+3 [Modules] Streaming discord_voice@1 to /home/miles/.config/discord/0.0.95/modules/pending/discord_voice-1.zip: 37%
5/24/2025, 9:51:16 AM GMT+3 [Modules] Streaming discord_voice@1 to /home/miles/.config/discord/0.0.95/modules/pending/discord_voice-1.zip: 38%
5/24/2025, 9:51:16 AM GMT+3 [Modules] Streaming discord_voice@1 to /home/miles/.config/discord/0.0.95/modules/pending/discord_voice-1.zip: 39%
5/24/2025, 9:51:16 AM GMT+3 [Modules] Streaming discord_voice@1 to /home/miles/.config/discord/0.0.95/modules/pending/discord_voice-1.zip: 40%
5/24/2025, 9:51:16 AM GMT+3 [Modules] Streaming discord_voice@1 to /home/miles/.config/discord/0.0.95/modules/pending/discord_voice-1.zip: 41%
5/24/2025, 9:51:16 AM GMT+3 [Modules] Streaming discord_voice@1 to /home/miles/.config/discord/0.0.95/modules/pending/discord_voice-1.zip: 42%
5/24/2025, 9:51:16 AM GMT+3 [Modules] Streaming discord_voice@1 to /home/miles/.config/discord/0.0.95/modules/pending/discord_voice-1.zip: 43%
5/24/2025, 9:51:16 AM GMT+3 [Modules] Streaming discord_voice@1 to /home/miles/.config/discord/0.0.95/modules/pending/discord_voice-1.zip: 44%
5/24/2025, 9:51:16 AM GMT+3 [Modules] Streaming discord_voice@1 to /home/miles/.config/discord/0.0.95/modules/pending/discord_voice-1.zip: 45%
5/24/2025, 9:51:16 AM GMT+3 [Modules] Streaming discord_voice@1 to /home/miles/.config/discord/0.0.95/modules/pending/discord_voice-1.zip: 46%
5/24/2025, 9:51:16 AM GMT+3 [Modules] Streaming discord_voice@1 to /home/miles/.config/discord/0.0.95/modules/pending/discord_voice-1.zip: 47%
5/24/2025, 9:51:16 AM GMT+3 [Modules] Streaming discord_voice@1 to /home/miles/.config/discord/0.0.95/modules/pending/discord_voice-1.zip: 48%
5/24/2025, 9:51:16 AM GMT+3 [Modules] Streaming discord_voice@1 to /home/miles/.config/discord/0.0.95/modules/pending/discord_voice-1.zip: 49%
5/24/2025, 9:51:16 AM GMT+3 [Modules] Streaming discord_voice@1 to /home/miles/.config/discord/0.0.95/modules/pending/discord_voice-1.zip: 50%
5/24/2025, 9:51:16 AM GMT+3 [Modules] Streaming discord_voice@1 to /home/miles/.config/discord/0.0.95/modules/pending/discord_voice-1.zip: 51%
5/24/2025, 9:51:16 AM GMT+3 [Modules] Streaming discord_voice@1 to /home/miles/.config/discord/0.0.95/modules/pending/discord_voice-1.zip: 52%
5/24/2025, 9:51:16 AM GMT+3 [Modules] Streaming discord_voice@1 to /home/miles/.config/discord/0.0.95/modules/pending/discord_voice-1.zip: 53%
5/24/2025, 9:51:16 AM GMT+3 [Modules] Streaming discord_voice@1 to /home/miles/.config/discord/0.0.95/modules/pending/discord_voice-1.zip: 54%
5/24/2025, 9:51:16 AM GMT+3 [Modules] Streaming discord_voice@1 to /home/miles/.config/discord/0.0.95/modules/pending/discord_voice-1.zip: 55%
5/24/2025, 9:51:16 AM GMT+3 [Modules] Streaming discord_voice@1 to /home/miles/.config/discord/0.0.95/modules/pending/discord_voice-1.zip: 56%
5/24/2025, 9:51:16 AM GMT+3 [Modules] Streaming discord_voice@1 to /home/miles/.config/discord/0.0.95/modules/pending/discord_voice-1.zip: 57%
5/24/2025, 9:51:16 AM GMT+3 [Modules] Streaming discord_voice@1 to /home/miles/.config/discord/0.0.95/modules/pending/discord_voice-1.zip: 58%
5/24/2025, 9:51:16 AM GMT+3 [Modules] Streaming discord_voice@1 to /home/miles/.config/discord/0.0.95/modules/pending/discord_voice-1.zip: 59%
5/24/2025, 9:51:16 AM GMT+3 [Modules] Streaming discord_voice@1 to /home/miles/.config/discord/0.0.95/modules/pending/discord_voice-1.zip: 60%
5/24/2025, 9:51:16 AM GMT+3 [Modules] Streaming discord_voice@1 to /home/miles/.config/discord/0.0.95/modules/pending/discord_voice-1.zip: 61%
5/24/2025, 9:51:16 AM GMT+3 [Modules] Streaming discord_voice@1 to /home/miles/.config/discord/0.0.95/modules/pending/discord_voice-1.zip: 62%
5/24/2025, 9:51:16 AM GMT+3 [Modules] Streaming discord_voice@1 to /home/miles/.config/discord/0.0.95/modules/pending/discord_voice-1.zip: 63%
5/24/2025, 9:51:16 AM GMT+3 [Modules] Streaming discord_voice@1 to /home/miles/.config/discord/0.0.95/modules/pending/discord_voice-1.zip: 64%
5/24/2025, 9:51:17 AM GMT+3 [Modules] Streaming discord_voice@1 to /home/miles/.config/discord/0.0.95/modules/pending/discord_voice-1.zip: 65%
5/24/2025, 9:51:17 AM GMT+3 [Modules] Streaming discord_voice@1 to /home/miles/.config/discord/0.0.95/modules/pending/discord_voice-1.zip: 66%
5/24/2025, 9:51:18 AM GMT+3 [Modules] Streaming discord_voice@1 to /home/miles/.config/discord/0.0.95/modules/pending/discord_voice-1.zip: 67%
5/24/2025, 9:51:18 AM GMT+3 [Modules] Streaming discord_voice@1 to /home/miles/.config/discord/0.0.95/modules/pending/discord_voice-1.zip: 68%
5/24/2025, 9:51:18 AM GMT+3 [Modules] Streaming discord_voice@1 to /home/miles/.config/discord/0.0.95/modules/pending/discord_voice-1.zip: 69%
5/24/2025, 9:51:18 AM GMT+3 [Modules] Streaming discord_voice@1 to /home/miles/.config/discord/0.0.95/modules/pending/discord_voice-1.zip: 70%
5/24/2025, 9:51:18 AM GMT+3 [Modules] Streaming discord_voice@1 to /home/miles/.config/discord/0.0.95/modules/pending/discord_voice-1.zip: 71%
5/24/2025, 9:51:18 AM GMT+3 [Modules] Streaming discord_voice@1 to /home/miles/.config/discord/0.0.95/modules/pending/discord_voice-1.zip: 72%
5/24/2025, 9:51:18 AM GMT+3 [Modules] Streaming discord_voice@1 to /home/miles/.config/discord/0.0.95/modules/pending/discord_voice-1.zip: 73%
5/24/2025, 9:51:18 AM GMT+3 [Modules] Streaming discord_voice@1 to /home/miles/.config/discord/0.0.95/modules/pending/discord_voice-1.zip: 74%
5/24/2025, 9:51:19 AM GMT+3 [Modules] Streaming discord_voice@1 to /home/miles/.config/discord/0.0.95/modules/pending/discord_voice-1.zip: 75%
5/24/2025, 9:51:20 AM GMT+3 [Modules] Streaming discord_voice@1 to /home/miles/.config/discord/0.0.95/modules/pending/discord_voice-1.zip: 76%
5/24/2025, 9:51:20 AM GMT+3 [Modules] Streaming discord_voice@1 to /home/miles/.config/discord/0.0.95/modules/pending/discord_voice-1.zip: 77%
5/24/2025, 9:51:21 AM GMT+3 [Modules] Streaming discord_voice@1 to /home/miles/.config/discord/0.0.95/modules/pending/discord_voice-1.zip: 78%
5/24/2025, 9:51:21 AM GMT+3 [Modules] Streaming discord_voice@1 to /home/miles/.config/discord/0.0.95/modules/pending/discord_voice-1.zip: 79%
5/24/2025, 9:51:21 AM GMT+3 [Modules] Streaming discord_voice@1 to /home/miles/.config/discord/0.0.95/modules/pending/discord_voice-1.zip: 80%
5/24/2025, 9:51:22 AM GMT+3 [Modules] Streaming discord_voice@1 to /home/miles/.config/discord/0.0.95/modules/pending/discord_voice-1.zip: 81%
5/24/2025, 9:51:22 AM GMT+3 [Modules] Streaming discord_voice@1 to /home/miles/.config/discord/0.0.95/modules/pending/discord_voice-1.zip: 82%
5/24/2025, 9:51:22 AM GMT+3 [Modules] Streaming discord_voice@1 to /home/miles/.config/discord/0.0.95/modules/pending/discord_voice-1.zip: 83%
5/24/2025, 9:51:22 AM GMT+3 [Modules] Streaming discord_voice@1 to /home/miles/.config/discord/0.0.95/modules/pending/discord_voice-1.zip: 84%
5/24/2025, 9:51:23 AM GMT+3 [Modules] Streaming discord_voice@1 to /home/miles/.config/discord/0.0.95/modules/pending/discord_voice-1.zip: 85%
5/24/2025, 9:51:23 AM GMT+3 [Modules] Streaming discord_voice@1 to /home/miles/.config/discord/0.0.95/modules/pending/discord_voice-1.zip: 86%
5/24/2025, 9:51:23 AM GMT+3 [Modules] Streaming discord_voice@1 to /home/miles/.config/discord/0.0.95/modules/pending/discord_voice-1.zip: 87%
5/24/2025, 9:51:23 AM GMT+3 [Modules] Streaming discord_voice@1 to /home/miles/.config/discord/0.0.95/modules/pending/discord_voice-1.zip: 88%
5/24/2025, 9:51:23 AM GMT+3 [Modules] Streaming discord_voice@1 to /home/miles/.config/discord/0.0.95/modules/pending/discord_voice-1.zip: 89%
5/24/2025, 9:51:24 AM GMT+3 [Modules] Streaming discord_voice@1 to /home/miles/.config/discord/0.0.95/modules/pending/discord_voice-1.zip: 90%
5/24/2025, 9:51:24 AM GMT+3 [Modules] Streaming discord_voice@1 to /home/miles/.config/discord/0.0.95/modules/pending/discord_voice-1.zip: 91%
5/24/2025, 9:51:24 AM GMT+3 [Modules] Streaming discord_voice@1 to /home/miles/.config/discord/0.0.95/modules/pending/discord_voice-1.zip: 92%
5/24/2025, 9:51:24 AM GMT+3 [Modules] Streaming discord_voice@1 to /home/miles/.config/discord/0.0.95/modules/pending/discord_voice-1.zip: 93%
5/24/2025, 9:51:24 AM GMT+3 [Modules] Streaming discord_voice@1 to /home/miles/.config/discord/0.0.95/modules/pending/discord_voice-1.zip: 94%
5/24/2025, 9:51:24 AM GMT+3 [Modules] Streaming discord_voice@1 to /home/miles/.config/discord/0.0.95/modules/pending/discord_voice-1.zip: 95%
5/24/2025, 9:51:24 AM GMT+3 [Modules] Streaming discord_voice@1 to /home/miles/.config/discord/0.0.95/modules/pending/discord_voice-1.zip: 96%
5/24/2025, 9:51:24 AM GMT+3 [Modules] Streaming discord_voice@1 to /home/miles/.config/discord/0.0.95/modules/pending/discord_voice-1.zip: 97%
5/24/2025, 9:51:25 AM GMT+3 [Modules] Streaming discord_voice@1 to /home/miles/.config/discord/0.0.95/modules/pending/discord_voice-1.zip: 98%
5/24/2025, 9:51:25 AM GMT+3 [Modules] Streaming discord_voice@1 to /home/miles/.config/discord/0.0.95/modules/pending/discord_voice-1.zip: 99%
5/24/2025, 9:51:25 AM GMT+3 [Modules] Streaming discord_voice@1 to /home/miles/.config/discord/0.0.95/modules/pending/discord_voice-1.zip: 100%
5/24/2025, 9:51:25 AM GMT+3 [Modules] Fetching discord_zstd@1 from https://discord.com/api/modules/stable/discord_zstd/1
5/24/2025, 9:51:25 AM GMT+3 [Modules] Streaming discord_zstd@1 to /home/miles/.config/discord/0.0.95/modules/pending/discord_zstd-1.zip
5/24/2025, 9:51:25 AM GMT+3 [Modules] Streaming discord_zstd@1 to /home/miles/.config/discord/0.0.95/modules/pending/discord_zstd-1.zip: 4%
5/24/2025, 9:51:25 AM GMT+3 [Modules] Streaming discord_zstd@1 to /home/miles/.config/discord/0.0.95/modules/pending/discord_zstd-1.zip: 7%
5/24/2025, 9:51:25 AM GMT+3 [Modules] Streaming discord_zstd@1 to /home/miles/.config/discord/0.0.95/modules/pending/discord_zstd-1.zip: 14%
5/24/2025, 9:51:25 AM GMT+3 [Modules] Streaming discord_zstd@1 to /home/miles/.config/discord/0.0.95/modules/pending/discord_zstd-1.zip: 16%
5/24/2025, 9:51:25 AM GMT+3 [Modules] Streaming discord_zstd@1 to /home/miles/.config/discord/0.0.95/modules/pending/discord_zstd-1.zip: 17%
5/24/2025, 9:51:25 AM GMT+3 [Modules] Streaming discord_zstd@1 to /home/miles/.config/discord/0.0.95/modules/pending/discord_zstd-1.zip: 21%
5/24/2025, 9:51:25 AM GMT+3 [Modules] Streaming discord_zstd@1 to /home/miles/.config/discord/0.0.95/modules/pending/discord_zstd-1.zip: 27%
5/24/2025, 9:51:25 AM GMT+3 [Modules] Streaming discord_zstd@1 to /home/miles/.config/discord/0.0.95/modules/pending/discord_zstd-1.zip: 28%
5/24/2025, 9:51:25 AM GMT+3 [Modules] Streaming discord_zstd@1 to /home/miles/.config/discord/0.0.95/modules/pending/discord_zstd-1.zip: 30%
5/24/2025, 9:51:25 AM GMT+3 [Modules] Streaming discord_zstd@1 to /home/miles/.config/discord/0.0.95/modules/pending/discord_zstd-1.zip: 31%
5/24/2025, 9:51:25 AM GMT+3 [Modules] Streaming discord_zstd@1 to /home/miles/.config/discord/0.0.95/modules/pending/discord_zstd-1.zip: 34%
5/24/2025, 9:51:25 AM GMT+3 [Modules] Streaming discord_zstd@1 to /home/miles/.config/discord/0.0.95/modules/pending/discord_zstd-1.zip: 39%
5/24/2025, 9:51:25 AM GMT+3 [Modules] Streaming discord_zstd@1 to /home/miles/.config/discord/0.0.95/modules/pending/discord_zstd-1.zip: 48%
5/24/2025, 9:51:25 AM GMT+3 [Modules] Streaming discord_zstd@1 to /home/miles/.config/discord/0.0.95/modules/pending/discord_zstd-1.zip: 50%
5/24/2025, 9:51:25 AM GMT+3 [Modules] Streaming discord_zstd@1 to /home/miles/.config/discord/0.0.95/modules/pending/discord_zstd-1.zip: 51%
5/24/2025, 9:51:25 AM GMT+3 [Modules] Streaming discord_zstd@1 to /home/miles/.config/discord/0.0.95/modules/pending/discord_zstd-1.zip: 68%
5/24/2025, 9:51:25 AM GMT+3 [Modules] Streaming discord_zstd@1 to /home/miles/.config/discord/0.0.95/modules/pending/discord_zstd-1.zip: 70%
5/24/2025, 9:51:25 AM GMT+3 [Modules] Streaming discord_zstd@1 to /home/miles/.config/discord/0.0.95/modules/pending/discord_zstd-1.zip: 75%
5/24/2025, 9:51:25 AM GMT+3 [Modules] Streaming discord_zstd@1 to /home/miles/.config/discord/0.0.95/modules/pending/discord_zstd-1.zip: 76%
5/24/2025, 9:51:25 AM GMT+3 [Modules] Streaming discord_zstd@1 to /home/miles/.config/discord/0.0.95/modules/pending/discord_zstd-1.zip: 78%
5/24/2025, 9:51:25 AM GMT+3 [Modules] Streaming discord_zstd@1 to /home/miles/.config/discord/0.0.95/modules/pending/discord_zstd-1.zip: 80%
5/24/2025, 9:51:25 AM GMT+3 [Modules] Streaming discord_zstd@1 to /home/miles/.config/discord/0.0.95/modules/pending/discord_zstd-1.zip: 81%
5/24/2025, 9:51:25 AM GMT+3 [Modules] Streaming discord_zstd@1 to /home/miles/.config/discord/0.0.95/modules/pending/discord_zstd-1.zip: 85%
5/24/2025, 9:51:25 AM GMT+3 [Modules] Streaming discord_zstd@1 to /home/miles/.config/discord/0.0.95/modules/pending/discord_zstd-1.zip: 87%
5/24/2025, 9:51:25 AM GMT+3 [Modules] Streaming discord_zstd@1 to /home/miles/.config/discord/0.0.95/modules/pending/discord_zstd-1.zip: 93%
5/24/2025, 9:51:25 AM GMT+3 [Modules] Streaming discord_zstd@1 to /home/miles/.config/discord/0.0.95/modules/pending/discord_zstd-1.zip: 97%
5/24/2025, 9:51:25 AM GMT+3 [Modules] Streaming discord_zstd@1 to /home/miles/.config/discord/0.0.95/modules/pending/discord_zstd-1.zip: 98%
5/24/2025, 9:51:25 AM GMT+3 [Modules] Streaming discord_zstd@1 to /home/miles/.config/discord/0.0.95/modules/pending/discord_zstd-1.zip: 99%
5/24/2025, 9:51:25 AM GMT+3 [Modules] Streaming discord_zstd@1 to /home/miles/.config/discord/0.0.95/modules/pending/discord_zstd-1.zip: 100%
5/24/2025, 9:51:25 AM GMT+3 [Modules] Finished module downloads. [success: 6] [failure: 0]
5/24/2025, 9:51:25 AM GMT+3 [Modules] Installing updates...
5/24/2025, 9:51:25 AM GMT+3 [Modules] Installing discord_desktop_core@1 from /home/miles/.config/discord/0.0.95/modules/pending/discord_desktop_core-1.zip
5/24/2025, 9:51:26 AM GMT+3 [Modules] Installing discord_erlpack@1 from /home/miles/.config/discord/0.0.95/modules/pending/discord_erlpack-1.zip
5/24/2025, 9:51:26 AM GMT+3 [Modules] Installing discord_spellcheck@1 from /home/miles/.config/discord/0.0.95/modules/pending/discord_spellcheck-1.zip
5/24/2025, 9:51:31 AM GMT+3 [Modules] Installing discord_utils@1 from /home/miles/.config/discord/0.0.95/modules/pending/discord_utils-1.zip
5/24/2025, 9:51:32 AM GMT+3 [Modules] Installing discord_voice@1 from /home/miles/.config/discord/0.0.95/modules/pending/discord_voice-1.zip
5/24/2025, 9:51:34 AM GMT+3 [Modules] Installing discord_zstd@1 from /home/miles/.config/discord/0.0.95/modules/pending/discord_zstd-1.zip
5/24/2025, 9:51:34 AM GMT+3 [Modules] Finished module installations. [success: 6] [failure: 0]
5/24/2025, 9:51:34 AM GMT+3 [Modules] Checking for host updates.
5/24/2025, 9:51:34 AM GMT+3 [Modules] Host is up to date.
5/24/2025, 9:51:34 AM GMT+3 [Modules] Checking for module updates at https://discord.com/api/modules/stable/versions.json
5/24/2025, 9:51:34 AM GMT+3 [Modules] No module updates available.
5/24/2025, 9:51:42 AM GMT+3 [Modules] Starting to install discord_krisp...
5/24/2025, 9:51:42 AM GMT+3 [Modules] Fetching discord_krisp@1 from https://discord.com/api/modules/stable/discord_krisp/1
5/24/2025, 9:51:42 AM GMT+3 [Modules] Streaming discord_krisp@1 to /home/miles/.config/discord/0.0.95/modules/pending/discord_krisp-1.zip
5/24/2025, 9:51:42 AM GMT+3 [Modules] Starting to install discord_game_utils...
5/24/2025, 9:51:43 AM GMT+3 [Modules] Streaming discord_krisp@1 to /home/miles/.config/discord/0.0.95/modules/pending/discord_krisp-1.zip: 1%
5/24/2025, 9:51:43 AM GMT+3 [Modules] Streaming discord_krisp@1 to /home/miles/.config/discord/0.0.95/modules/pending/discord_krisp-1.zip: 2%
5/24/2025, 9:51:43 AM GMT+3 [Modules] Streaming discord_krisp@1 to /home/miles/.config/discord/0.0.95/modules/pending/discord_krisp-1.zip: 3%
5/24/2025, 9:51:43 AM GMT+3 [Modules] Streaming discord_krisp@1 to /home/miles/.config/discord/0.0.95/modules/pending/discord_krisp-1.zip: 4%
5/24/2025, 9:51:43 AM GMT+3 [Modules] Streaming discord_krisp@1 to /home/miles/.config/discord/0.0.95/modules/pending/discord_krisp-1.zip: 5%
5/24/2025, 9:51:43 AM GMT+3 [Modules] Streaming discord_krisp@1 to /home/miles/.config/discord/0.0.95/modules/pending/discord_krisp-1.zip: 6%
5/24/2025, 9:51:43 AM GMT+3 [Modules] Streaming discord_krisp@1 to /home/miles/.config/discord/0.0.95/modules/pending/discord_krisp-1.zip: 7%
5/24/2025, 9:51:43 AM GMT+3 [Modules] Streaming discord_krisp@1 to /home/miles/.config/discord/0.0.95/modules/pending/discord_krisp-1.zip: 8%
5/24/2025, 9:51:43 AM GMT+3 [Modules] Streaming discord_krisp@1 to /home/miles/.config/discord/0.0.95/modules/pending/discord_krisp-1.zip: 9%
5/24/2025, 9:51:43 AM GMT+3 [Modules] Streaming discord_krisp@1 to /home/miles/.config/discord/0.0.95/modules/pending/discord_krisp-1.zip: 10%
5/24/2025, 9:51:44 AM GMT+3 [Modules] Streaming discord_krisp@1 to /home/miles/.config/discord/0.0.95/modules/pending/discord_krisp-1.zip: 11%
5/24/2025, 9:51:44 AM GMT+3 [Modules] Streaming discord_krisp@1 to /home/miles/.config/discord/0.0.95/modules/pending/discord_krisp-1.zip: 12%
5/24/2025, 9:51:44 AM GMT+3 [Modules] Streaming discord_krisp@1 to /home/miles/.config/discord/0.0.95/modules/pending/discord_krisp-1.zip: 13%
5/24/2025, 9:51:44 AM GMT+3 [Modules] Streaming discord_krisp@1 to /home/miles/.config/discord/0.0.95/modules/pending/discord_krisp-1.zip: 14%
5/24/2025, 9:51:44 AM GMT+3 [Modules] Streaming discord_krisp@1 to /home/miles/.config/discord/0.0.95/modules/pending/discord_krisp-1.zip: 15%
5/24/2025, 9:51:44 AM GMT+3 [Modules] Streaming discord_krisp@1 to /home/miles/.config/discord/0.0.95/modules/pending/discord_krisp-1.zip: 16%
5/24/2025, 9:51:44 AM GMT+3 [Modules] Streaming discord_krisp@1 to /home/miles/.config/discord/0.0.95/modules/pending/discord_krisp-1.zip: 17%
5/24/2025, 9:51:44 AM GMT+3 [Modules] Streaming discord_krisp@1 to /home/miles/.config/discord/0.0.95/modules/pending/discord_krisp-1.zip: 18%
5/24/2025, 9:51:44 AM GMT+3 [Modules] Streaming discord_krisp@1 to /home/miles/.config/discord/0.0.95/modules/pending/discord_krisp-1.zip: 19%
5/24/2025, 9:51:44 AM GMT+3 [Modules] Streaming discord_krisp@1 to /home/miles/.config/discord/0.0.95/modules/pending/discord_krisp-1.zip: 20%
5/24/2025, 9:51:44 AM GMT+3 [Modules] Streaming discord_krisp@1 to /home/miles/.config/discord/0.0.95/modules/pending/discord_krisp-1.zip: 21%
5/24/2025, 9:51:44 AM GMT+3 [Modules] Streaming discord_krisp@1 to /home/miles/.config/discord/0.0.95/modules/pending/discord_krisp-1.zip: 22%
5/24/2025, 9:51:44 AM GMT+3 [Modules] Streaming discord_krisp@1 to /home/miles/.config/discord/0.0.95/modules/pending/discord_krisp-1.zip: 23%
5/24/2025, 9:51:44 AM GMT+3 [Modules] Streaming discord_krisp@1 to /home/miles/.config/discord/0.0.95/modules/pending/discord_krisp-1.zip: 24%
5/24/2025, 9:51:44 AM GMT+3 [Modules] Streaming discord_krisp@1 to /home/miles/.config/discord/0.0.95/modules/pending/discord_krisp-1.zip: 25%
5/24/2025, 9:51:44 AM GMT+3 [Modules] Streaming discord_krisp@1 to /home/miles/.config/discord/0.0.95/modules/pending/discord_krisp-1.zip: 26%
5/24/2025, 9:51:45 AM GMT+3 [Modules] Streaming discord_krisp@1 to /home/miles/.config/discord/0.0.95/modules/pending/discord_krisp-1.zip: 27%
5/24/2025, 9:51:45 AM GMT+3 [Modules] Streaming discord_krisp@1 to /home/miles/.config/discord/0.0.95/modules/pending/discord_krisp-1.zip: 28%
5/24/2025, 9:51:45 AM GMT+3 [Modules] Streaming discord_krisp@1 to /home/miles/.config/discord/0.0.95/modules/pending/discord_krisp-1.zip: 29%
5/24/2025, 9:51:45 AM GMT+3 [Modules] Streaming discord_krisp@1 to /home/miles/.config/discord/0.0.95/modules/pending/discord_krisp-1.zip: 30%
5/24/2025, 9:51:45 AM GMT+3 [Modules] Streaming discord_krisp@1 to /home/miles/.config/discord/0.0.95/modules/pending/discord_krisp-1.zip: 31%
5/24/2025, 9:51:45 AM GMT+3 [Modules] Streaming discord_krisp@1 to /home/miles/.config/discord/0.0.95/modules/pending/discord_krisp-1.zip: 32%
5/24/2025, 9:51:45 AM GMT+3 [Modules] Streaming discord_krisp@1 to /home/miles/.config/discord/0.0.95/modules/pending/discord_krisp-1.zip: 33%
5/24/2025, 9:51:45 AM GMT+3 [Modules] Streaming discord_krisp@1 to /home/miles/.config/discord/0.0.95/modules/pending/discord_krisp-1.zip: 34%
5/24/2025, 9:51:45 AM GMT+3 [Modules] Streaming discord_krisp@1 to /home/miles/.config/discord/0.0.95/modules/pending/discord_krisp-1.zip: 35%
5/24/2025, 9:51:45 AM GMT+3 [Modules] Streaming discord_krisp@1 to /home/miles/.config/discord/0.0.95/modules/pending/discord_krisp-1.zip: 36%
5/24/2025, 9:51:45 AM GMT+3 [Modules] Streaming discord_krisp@1 to /home/miles/.config/discord/0.0.95/modules/pending/discord_krisp-1.zip: 37%
5/24/2025, 9:51:45 AM GMT+3 [Modules] Streaming discord_krisp@1 to /home/miles/.config/discord/0.0.95/modules/pending/discord_krisp-1.zip: 38%
5/24/2025, 9:51:46 AM GMT+3 [Modules] Streaming discord_krisp@1 to /home/miles/.config/discord/0.0.95/modules/pending/discord_krisp-1.zip: 39%
5/24/2025, 9:51:46 AM GMT+3 [Modules] Streaming discord_krisp@1 to /home/miles/.config/discord/0.0.95/modules/pending/discord_krisp-1.zip: 40%
5/24/2025, 9:51:46 AM GMT+3 [Modules] Streaming discord_krisp@1 to /home/miles/.config/discord/0.0.95/modules/pending/discord_krisp-1.zip: 41%
5/24/2025, 9:51:46 AM GMT+3 [Modules] Streaming discord_krisp@1 to /home/miles/.config/discord/0.0.95/modules/pending/discord_krisp-1.zip: 42%
5/24/2025, 9:51:46 AM GMT+3 [Modules] Streaming discord_krisp@1 to /home/miles/.config/discord/0.0.95/modules/pending/discord_krisp-1.zip: 43%
5/24/2025, 9:51:46 AM GMT+3 [Modules] Streaming discord_krisp@1 to /home/miles/.config/discord/0.0.95/modules/pending/discord_krisp-1.zip: 44%
5/24/2025, 9:51:46 AM GMT+3 [Modules] Streaming discord_krisp@1 to /home/miles/.config/discord/0.0.95/modules/pending/discord_krisp-1.zip: 45%
5/24/2025, 9:51:46 AM GMT+3 [Modules] Streaming discord_krisp@1 to /home/miles/.config/discord/0.0.95/modules/pending/discord_krisp-1.zip: 46%
5/24/2025, 9:51:46 AM GMT+3 [Modules] Streaming discord_krisp@1 to /home/miles/.config/discord/0.0.95/modules/pending/discord_krisp-1.zip: 47%
5/24/2025, 9:51:46 AM GMT+3 [Modules] Streaming discord_krisp@1 to /home/miles/.config/discord/0.0.95/modules/pending/discord_krisp-1.zip: 48%
5/24/2025, 9:51:46 AM GMT+3 [Modules] Streaming discord_krisp@1 to /home/miles/.config/discord/0.0.95/modules/pending/discord_krisp-1.zip: 49%
5/24/2025, 9:51:46 AM GMT+3 [Modules] Streaming discord_krisp@1 to /home/miles/.config/discord/0.0.95/modules/pending/discord_krisp-1.zip: 50%
5/24/2025, 9:51:46 AM GMT+3 [Modules] Streaming discord_krisp@1 to /home/miles/.config/discord/0.0.95/modules/pending/discord_krisp-1.zip: 51%
5/24/2025, 9:51:46 AM GMT+3 [Modules] Streaming discord_krisp@1 to /home/miles/.config/discord/0.0.95/modules/pending/discord_krisp-1.zip: 52%
5/24/2025, 9:51:46 AM GMT+3 [Modules] Streaming discord_krisp@1 to /home/miles/.config/discord/0.0.95/modules/pending/discord_krisp-1.zip: 53%
5/24/2025, 9:51:46 AM GMT+3 [Modules] Streaming discord_krisp@1 to /home/miles/.config/discord/0.0.95/modules/pending/discord_krisp-1.zip: 54%
5/24/2025, 9:51:47 AM GMT+3 [Modules] Streaming discord_krisp@1 to /home/miles/.config/discord/0.0.95/modules/pending/discord_krisp-1.zip: 55%
5/24/2025, 9:51:47 AM GMT+3 [Modules] Streaming discord_krisp@1 to /home/miles/.config/discord/0.0.95/modules/pending/discord_krisp-1.zip: 56%
5/24/2025, 9:51:47 AM GMT+3 [Modules] Streaming discord_krisp@1 to /home/miles/.config/discord/0.0.95/modules/pending/discord_krisp-1.zip: 57%
5/24/2025, 9:51:47 AM GMT+3 [Modules] Streaming discord_krisp@1 to /home/miles/.config/discord/0.0.95/modules/pending/discord_krisp-1.zip: 58%
5/24/2025, 9:51:47 AM GMT+3 [Modules] Streaming discord_krisp@1 to /home/miles/.config/discord/0.0.95/modules/pending/discord_krisp-1.zip: 59%
5/24/2025, 9:51:47 AM GMT+3 [Modules] Streaming discord_krisp@1 to /home/miles/.config/discord/0.0.95/modules/pending/discord_krisp-1.zip: 60%
5/24/2025, 9:51:47 AM GMT+3 [Modules] Streaming discord_krisp@1 to /home/miles/.config/discord/0.0.95/modules/pending/discord_krisp-1.zip: 61%
5/24/2025, 9:51:47 AM GMT+3 [Modules] Streaming discord_krisp@1 to /home/miles/.config/discord/0.0.95/modules/pending/discord_krisp-1.zip: 62%
5/24/2025, 9:51:47 AM GMT+3 [Modules] Streaming discord_krisp@1 to /home/miles/.config/discord/0.0.95/modules/pending/discord_krisp-1.zip: 63%
5/24/2025, 9:51:47 AM GMT+3 [Modules] Streaming discord_krisp@1 to /home/miles/.config/discord/0.0.95/modules/pending/discord_krisp-1.zip: 64%
5/24/2025, 9:51:47 AM GMT+3 [Modules] Streaming discord_krisp@1 to /home/miles/.config/discord/0.0.95/modules/pending/discord_krisp-1.zip: 65%
5/24/2025, 9:51:47 AM GMT+3 [Modules] Streaming discord_krisp@1 to /home/miles/.config/discord/0.0.95/modules/pending/discord_krisp-1.zip: 66%
5/24/2025, 9:51:47 AM GMT+3 [Modules] Streaming discord_krisp@1 to /home/miles/.config/discord/0.0.95/modules/pending/discord_krisp-1.zip: 67%
5/24/2025, 9:51:47 AM GMT+3 [Modules] Streaming discord_krisp@1 to /home/miles/.config/discord/0.0.95/modules/pending/discord_krisp-1.zip: 68%
5/24/2025, 9:51:47 AM GMT+3 [Modules] Streaming discord_krisp@1 to /home/miles/.config/discord/0.0.95/modules/pending/discord_krisp-1.zip: 69%
5/24/2025, 9:51:48 AM GMT+3 [Modules] Streaming discord_krisp@1 to /home/miles/.config/discord/0.0.95/modules/pending/discord_krisp-1.zip: 70%
5/24/2025, 9:51:48 AM GMT+3 [Modules] Streaming discord_krisp@1 to /home/miles/.config/discord/0.0.95/modules/pending/discord_krisp-1.zip: 71%
5/24/2025, 9:51:48 AM GMT+3 [Modules] Streaming discord_krisp@1 to /home/miles/.config/discord/0.0.95/modules/pending/discord_krisp-1.zip: 72%
5/24/2025, 9:51:48 AM GMT+3 [Modules] Streaming discord_krisp@1 to /home/miles/.config/discord/0.0.95/modules/pending/discord_krisp-1.zip: 73%
5/24/2025, 9:51:48 AM GMT+3 [Modules] Streaming discord_krisp@1 to /home/miles/.config/discord/0.0.95/modules/pending/discord_krisp-1.zip: 74%
5/24/2025, 9:51:48 AM GMT+3 [Modules] Streaming discord_krisp@1 to /home/miles/.config/discord/0.0.95/modules/pending/discord_krisp-1.zip: 75%
5/24/2025, 9:51:48 AM GMT+3 [Modules] Streaming discord_krisp@1 to /home/miles/.config/discord/0.0.95/modules/pending/discord_krisp-1.zip: 76%
5/24/2025, 9:51:48 AM GMT+3 [Modules] Streaming discord_krisp@1 to /home/miles/.config/discord/0.0.95/modules/pending/discord_krisp-1.zip: 77%
5/24/2025, 9:51:48 AM GMT+3 [Modules] Streaming discord_krisp@1 to /home/miles/.config/discord/0.0.95/modules/pending/discord_krisp-1.zip: 78%
5/24/2025, 9:51:48 AM GMT+3 [Modules] Streaming discord_krisp@1 to /home/miles/.config/discord/0.0.95/modules/pending/discord_krisp-1.zip: 79%
5/24/2025, 9:51:48 AM GMT+3 [Modules] Streaming discord_krisp@1 to /home/miles/.config/discord/0.0.95/modules/pending/discord_krisp-1.zip: 80%
5/24/2025, 9:51:48 AM GMT+3 [Modules] Streaming discord_krisp@1 to /home/miles/.config/discord/0.0.95/modules/pending/discord_krisp-1.zip: 81%
5/24/2025, 9:51:48 AM GMT+3 [Modules] Streaming discord_krisp@1 to /home/miles/.config/discord/0.0.95/modules/pending/discord_krisp-1.zip: 82%
5/24/2025, 9:51:48 AM GMT+3 [Modules] Streaming discord_krisp@1 to /home/miles/.config/discord/0.0.95/modules/pending/discord_krisp-1.zip: 83%
5/24/2025, 9:51:48 AM GMT+3 [Modules] Streaming discord_krisp@1 to /home/miles/.config/discord/0.0.95/modules/pending/discord_krisp-1.zip: 84%
5/24/2025, 9:51:48 AM GMT+3 [Modules] Streaming discord_krisp@1 to /home/miles/.config/discord/0.0.95/modules/pending/discord_krisp-1.zip: 85%
5/24/2025, 9:51:48 AM GMT+3 [Modules] Streaming discord_krisp@1 to /home/miles/.config/discord/0.0.95/modules/pending/discord_krisp-1.zip: 86%
5/24/2025, 9:51:48 AM GMT+3 [Modules] Streaming discord_krisp@1 to /home/miles/.config/discord/0.0.95/modules/pending/discord_krisp-1.zip: 87%
5/24/2025, 9:51:48 AM GMT+3 [Modules] Streaming discord_krisp@1 to /home/miles/.config/discord/0.0.95/modules/pending/discord_krisp-1.zip: 88%
5/24/2025, 9:51:48 AM GMT+3 [Modules] Streaming discord_krisp@1 to /home/miles/.config/discord/0.0.95/modules/pending/discord_krisp-1.zip: 89%
5/24/2025, 9:51:48 AM GMT+3 [Modules] Streaming discord_krisp@1 to /home/miles/.config/discord/0.0.95/modules/pending/discord_krisp-1.zip: 90%
5/24/2025, 9:51:48 AM GMT+3 [Modules] Streaming discord_krisp@1 to /home/miles/.config/discord/0.0.95/modules/pending/discord_krisp-1.zip: 91%
5/24/2025, 9:51:48 AM GMT+3 [Modules] Streaming discord_krisp@1 to /home/miles/.config/discord/0.0.95/modules/pending/discord_krisp-1.zip: 92%
5/24/2025, 9:51:48 AM GMT+3 [Modules] Streaming discord_krisp@1 to /home/miles/.config/discord/0.0.95/modules/pending/discord_krisp-1.zip: 93%
5/24/2025, 9:51:48 AM GMT+3 [Modules] Streaming discord_krisp@1 to /home/miles/.config/discord/0.0.95/modules/pending/discord_krisp-1.zip: 94%
5/24/2025, 9:51:48 AM GMT+3 [Modules] Streaming discord_krisp@1 to /home/miles/.config/discord/0.0.95/modules/pending/discord_krisp-1.zip: 95%
5/24/2025, 9:51:48 AM GMT+3 [Modules] Streaming discord_krisp@1 to /home/miles/.config/discord/0.0.95/modules/pending/discord_krisp-1.zip: 96%
5/24/2025, 9:51:48 AM GMT+3 [Modules] Streaming discord_krisp@1 to /home/miles/.config/discord/0.0.95/modules/pending/discord_krisp-1.zip: 97%
5/24/2025, 9:51:48 AM GMT+3 [Modules] Streaming discord_krisp@1 to /home/miles/.config/discord/0.0.95/modules/pending/discord_krisp-1.zip: 98%
5/24/2025, 9:51:49 AM GMT+3 [Modules] Streaming discord_krisp@1 to /home/miles/.config/discord/0.0.95/modules/pending/discord_krisp-1.zip: 99%
5/24/2025, 9:51:49 AM GMT+3 [Modules] Streaming discord_krisp@1 to /home/miles/.config/discord/0.0.95/modules/pending/discord_krisp-1.zip: 100%
5/24/2025, 9:51:49 AM GMT+3 [Modules] Fetching discord_game_utils@1 from https://discord.com/api/modules/stable/discord_game_utils/1
5/24/2025, 9:51:49 AM GMT+3 [Modules] Streaming discord_game_utils@1 to /home/miles/.config/discord/0.0.95/modules/pending/discord_game_utils-1.zip
5/24/2025, 9:51:49 AM GMT+3 [Modules] Installing discord_krisp@1 from /home/miles/.config/discord/0.0.95/modules/pending/discord_krisp-1.zip
5/24/2025, 9:51:49 AM GMT+3 [Modules] Streaming discord_game_utils@1 to /home/miles/.config/discord/0.0.95/modules/pending/discord_game_utils-1.zip: 1%
5/24/2025, 9:51:49 AM GMT+3 [Modules] Streaming discord_game_utils@1 to /home/miles/.config/discord/0.0.95/modules/pending/discord_game_utils-1.zip: 5%
5/24/2025, 9:51:49 AM GMT+3 [Modules] Streaming discord_game_utils@1 to /home/miles/.config/discord/0.0.95/modules/pending/discord_game_utils-1.zip: 7%
5/24/2025, 9:51:49 AM GMT+3 [Modules] Streaming discord_game_utils@1 to /home/miles/.config/discord/0.0.95/modules/pending/discord_game_utils-1.zip: 9%
5/24/2025, 9:51:49 AM GMT+3 [Modules] Streaming discord_game_utils@1 to /home/miles/.config/discord/0.0.95/modules/pending/discord_game_utils-1.zip: 13%
5/24/2025, 9:51:49 AM GMT+3 [Modules] Streaming discord_game_utils@1 to /home/miles/.config/discord/0.0.95/modules/pending/discord_game_utils-1.zip: 16%
5/24/2025, 9:51:49 AM GMT+3 [Modules] Streaming discord_game_utils@1 to /home/miles/.config/discord/0.0.95/modules/pending/discord_game_utils-1.zip: 18%
5/24/2025, 9:51:49 AM GMT+3 [Modules] Streaming discord_game_utils@1 to /home/miles/.config/discord/0.0.95/modules/pending/discord_game_utils-1.zip: 21%
5/24/2025, 9:51:49 AM GMT+3 [Modules] Streaming discord_game_utils@1 to /home/miles/.config/discord/0.0.95/modules/pending/discord_game_utils-1.zip: 23%
5/24/2025, 9:51:49 AM GMT+3 [Modules] Streaming discord_game_utils@1 to /home/miles/.config/discord/0.0.95/modules/pending/discord_game_utils-1.zip: 24%
5/24/2025, 9:51:49 AM GMT+3 [Modules] Streaming discord_game_utils@1 to /home/miles/.config/discord/0.0.95/modules/pending/discord_game_utils-1.zip: 27%
5/24/2025, 9:51:49 AM GMT+3 [Modules] Streaming discord_game_utils@1 to /home/miles/.config/discord/0.0.95/modules/pending/discord_game_utils-1.zip: 34%
5/24/2025, 9:51:49 AM GMT+3 [Modules] Streaming discord_game_utils@1 to /home/miles/.config/discord/0.0.95/modules/pending/discord_game_utils-1.zip: 39%
5/24/2025, 9:51:49 AM GMT+3 [Modules] Streaming discord_game_utils@1 to /home/miles/.config/discord/0.0.95/modules/pending/discord_game_utils-1.zip: 40%
5/24/2025, 9:51:49 AM GMT+3 [Modules] Starting to install discord_rpc...
5/24/2025, 9:51:50 AM GMT+3 [Modules] Streaming discord_game_utils@1 to /home/miles/.config/discord/0.0.95/modules/pending/discord_game_utils-1.zip: 42%
5/24/2025, 9:51:50 AM GMT+3 [Modules] Streaming discord_game_utils@1 to /home/miles/.config/discord/0.0.95/modules/pending/discord_game_utils-1.zip: 45%
5/24/2025, 9:51:50 AM GMT+3 [Modules] Streaming discord_game_utils@1 to /home/miles/.config/discord/0.0.95/modules/pending/discord_game_utils-1.zip: 49%
5/24/2025, 9:51:50 AM GMT+3 [Modules] Streaming discord_game_utils@1 to /home/miles/.config/discord/0.0.95/modules/pending/discord_game_utils-1.zip: 58%
5/24/2025, 9:51:50 AM GMT+3 [Modules] Streaming discord_game_utils@1 to /home/miles/.config/discord/0.0.95/modules/pending/discord_game_utils-1.zip: 63%
5/24/2025, 9:51:50 AM GMT+3 [Modules] Streaming discord_game_utils@1 to /home/miles/.config/discord/0.0.95/modules/pending/discord_game_utils-1.zip: 72%
5/24/2025, 9:51:50 AM GMT+3 [Modules] Streaming discord_game_utils@1 to /home/miles/.config/discord/0.0.95/modules/pending/discord_game_utils-1.zip: 73%
5/24/2025, 9:51:50 AM GMT+3 [Modules] Streaming discord_game_utils@1 to /home/miles/.config/discord/0.0.95/modules/pending/discord_game_utils-1.zip: 100%
5/24/2025, 9:51:50 AM GMT+3 [Modules] Fetching discord_rpc@1 from https://discord.com/api/modules/stable/discord_rpc/1
5/24/2025, 9:51:50 AM GMT+3 [Modules] Streaming discord_rpc@1 to /home/miles/.config/discord/0.0.95/modules/pending/discord_rpc-1.zip
5/24/2025, 9:51:50 AM GMT+3 [Modules] Streaming discord_rpc@1 to /home/miles/.config/discord/0.0.95/modules/pending/discord_rpc-1.zip: 61%
5/24/2025, 9:51:50 AM GMT+3 [Modules] Streaming discord_rpc@1 to /home/miles/.config/discord/0.0.95/modules/pending/discord_rpc-1.zip: 100%
5/24/2025, 9:51:50 AM GMT+3 [Modules] Finished module downloads. [success: 3] [failure: 0]
5/24/2025, 9:51:52 AM GMT+3 [Modules] Installing discord_game_utils@1 from /home/miles/.config/discord/0.0.95/modules/pending/discord_game_utils-1.zip
5/24/2025, 9:51:53 AM GMT+3 [Modules] Installing discord_rpc@1 from /home/miles/.config/discord/0.0.95/modules/pending/discord_rpc-1.zip
5/24/2025, 9:51:53 AM GMT+3 [Modules] Finished module installations. [success: 3] [failure: 0]
5/24/2025, 10:00:57 AM GMT+3 [Modules] Modules initializing
5/24/2025, 10:00:57 AM GMT+3 [Modules] Distribution: remote
5/24/2025, 10:00:57 AM GMT+3 [Modules] Host updates: enabled
5/24/2025, 10:00:57 AM GMT+3 [Modules] Module updates: enabled
5/24/2025, 10:00:57 AM GMT+3 [Modules] Module install path: /home/miles/.config/discord/0.0.95/modules
5/24/2025, 10:00:57 AM GMT+3 [Modules] Module installed file path: /home/miles/.config/discord/0.0.95/modules/installed.json
5/24/2025, 10:00:57 AM GMT+3 [Modules] Module download path: /home/miles/.config/discord/0.0.95/modules/pending
5/24/2025, 10:00:57 AM GMT+3 [Modules] No updates to install
5/24/2025, 10:00:57 AM GMT+3 [Modules] Checking for host updates.
5/24/2025, 10:00:58 AM GMT+3 [Modules] Host is up to date.
5/24/2025, 10:00:58 AM GMT+3 [Modules] Checking for module updates at https://discord.com/api/modules/stable/versions.json
5/24/2025, 10:00:58 AM GMT+3 [Modules] No module updates available.
5/24/2025, 10:12:12 AM GMT+3 [Modules] Modules initializing
5/24/2025, 10:12:12 AM GMT+3 [Modules] Distribution: remote
5/24/2025, 10:12:12 AM GMT+3 [Modules] Host updates: enabled
5/24/2025, 10:12:12 AM GMT+3 [Modules] Module updates: enabled
5/24/2025, 10:12:12 AM GMT+3 [Modules] Module install path: /home/miles/.config/discord/0.0.95/modules
5/24/2025, 10:12:12 AM GMT+3 [Modules] Module installed file path: /home/miles/.config/discord/0.0.95/modules/installed.json
5/24/2025, 10:12:12 AM GMT+3 [Modules] Module download path: /home/miles/.config/discord/0.0.95/modules/pending
5/24/2025, 10:12:13 AM GMT+3 [Modules] No updates to install
5/24/2025, 10:12:13 AM GMT+3 [Modules] Checking for host updates.
5/24/2025, 10:12:13 AM GMT+3 [Modules] Host is up to date.
5/24/2025, 10:12:13 AM GMT+3 [Modules] Checking for module updates at https://discord.com/api/modules/stable/versions.json
5/24/2025, 10:12:14 AM GMT+3 [Modules] No module updates available.
5/24/2025, 10:24:54 AM GMT+3 [Modules] Modules initializing
5/24/2025, 10:24:54 AM GMT+3 [Modules] Distribution: remote
5/24/2025, 10:24:54 AM GMT+3 [Modules] Host updates: enabled
5/24/2025, 10:24:54 AM GMT+3 [Modules] Module updates: enabled
5/24/2025, 10:24:54 AM GMT+3 [Modules] Module install path: /home/miles/.config/discord/0.0.95/modules
5/24/2025, 10:24:54 AM GMT+3 [Modules] Module installed file path: /home/miles/.config/discord/0.0.95/modules/installed.json
5/24/2025, 10:24:54 AM GMT+3 [Modules] Module download path: /home/miles/.config/discord/0.0.95/modules/pending
5/24/2025, 10:24:55 AM GMT+3 [Modules] No updates to install
5/24/2025, 10:24:55 AM GMT+3 [Modules] Checking for host updates.
5/24/2025, 10:24:55 AM GMT+3 [Modules] Host is up to date.
5/24/2025, 10:24:55 AM GMT+3 [Modules] Checking for module updates at https://discord.com/api/modules/stable/versions.json
5/24/2025, 10:24:55 AM GMT+3 [Modules] No module updates available.
5/24/2025, 10:27:21 AM GMT+3 [Modules] Modules initializing
5/24/2025, 10:27:21 AM GMT+3 [Modules] Distribution: remote
5/24/2025, 10:27:21 AM GMT+3 [Modules] Host updates: enabled
5/24/2025, 10:27:21 AM GMT+3 [Modules] Module updates: enabled
5/24/2025, 10:27:21 AM GMT+3 [Modules] Module install path: /home/miles/.config/discord/0.0.95/modules
5/24/2025, 10:27:21 AM GMT+3 [Modules] Module installed file path: /home/miles/.config/discord/0.0.95/modules/installed.json
5/24/2025, 10:27:21 AM GMT+3 [Modules] Module download path: /home/miles/.config/discord/0.0.95/modules/pending
5/24/2025, 10:27:24 AM GMT+3 [Modules] No updates to install
5/24/2025, 10:27:24 AM GMT+3 [Modules] Checking for host updates.
5/24/2025, 10:27:25 AM GMT+3 [Modules] Host is up to date.
5/24/2025, 10:27:25 AM GMT+3 [Modules] Checking for module updates at https://discord.com/api/modules/stable/versions.json
5/24/2025, 10:27:25 AM GMT+3 [Modules] No module updates available.
5/24/2025, 10:29:43 AM GMT+3 [Modules] Modules initializing
5/24/2025, 10:29:43 AM GMT+3 [Modules] Distribution: remote
5/24/2025, 10:29:43 AM GMT+3 [Modules] Host updates: enabled
5/24/2025, 10:29:43 AM GMT+3 [Modules] Module updates: enabled
5/24/2025, 10:29:43 AM GMT+3 [Modules] Module install path: /home/miles/.config/discord/0.0.95/modules
5/24/2025, 10:29:43 AM GMT+3 [Modules] Module installed file path: /home/miles/.config/discord/0.0.95/modules/installed.json
5/24/2025, 10:29:43 AM GMT+3 [Modules] Module download path: /home/miles/.config/discord/0.0.95/modules/pending
5/24/2025, 10:29:44 AM GMT+3 [Modules] No updates to install
5/24/2025, 10:29:44 AM GMT+3 [Modules] Checking for host updates.
5/24/2025, 10:29:45 AM GMT+3 [Modules] Host is up to date.
5/24/2025, 10:29:45 AM GMT+3 [Modules] Checking for module updates at https://discord.com/api/modules/stable/versions.json
5/24/2025, 10:29:45 AM GMT+3 [Modules] No module updates available.
