2025-04-26 23:19:15.336 [info] [main] Log level: Info
2025-04-26 23:19:15.336 [info] [main] Validating found git in: "git"
2025-04-26 23:19:15.336 [info] [main] Using git "2.49.0" from "git"
2025-04-26 23:19:15.336 [info] [Model][doInitialScan] Initial repository scan started
2025-04-26 23:19:15.336 [info] > git rev-parse --show-toplevel [12ms]
2025-04-26 23:19:15.336 [info] fatal: not a git repository (or any parent up to mount point /)
Stopping at filesystem boundary (GIT_DISCOVERY_ACROSS_FILESYSTEM not set).
2025-04-26 23:19:15.336 [info] > git rev-parse --show-toplevel [17ms]
2025-04-26 23:19:15.336 [info] fatal: not a git repository (or any parent up to mount point /)
Stopping at filesystem boundary (GIT_DISCOVERY_ACROSS_FILESYSTEM not set).
2025-04-26 23:19:15.452 [info] > git rev-parse --show-toplevel [23ms]
2025-04-26 23:19:15.452 [info] fatal: not a git repository (or any parent up to mount point /)
Stopping at filesystem boundary (GIT_DISCOVERY_ACROSS_FILESYSTEM not set).
2025-04-26 23:19:15.535 [info] > git rev-parse --show-toplevel [33ms]
2025-04-26 23:19:15.536 [info] fatal: not a git repository (or any parent up to mount point /)
Stopping at filesystem boundary (GIT_DISCOVERY_ACROSS_FILESYSTEM not set).
2025-04-26 23:19:15.583 [info] > git rev-parse --show-toplevel [8ms]
2025-04-26 23:19:15.584 [info] fatal: not a git repository (or any parent up to mount point /)
Stopping at filesystem boundary (GIT_DISCOVERY_ACROSS_FILESYSTEM not set).
2025-04-26 23:19:15.634 [info] > git rev-parse --show-toplevel [8ms]
2025-04-26 23:19:15.634 [info] fatal: not a git repository (or any parent up to mount point /)
Stopping at filesystem boundary (GIT_DISCOVERY_ACROSS_FILESYSTEM not set).
2025-04-26 23:19:15.705 [info] > git rev-parse --show-toplevel [17ms]
2025-04-26 23:19:15.705 [info] fatal: not a git repository (or any parent up to mount point /)
Stopping at filesystem boundary (GIT_DISCOVERY_ACROSS_FILESYSTEM not set).
2025-04-26 23:19:15.821 [info] > git rev-parse --show-toplevel [26ms]
2025-04-26 23:19:15.825 [info] fatal: not a git repository (or any parent up to mount point /)
Stopping at filesystem boundary (GIT_DISCOVERY_ACROSS_FILESYSTEM not set).
2025-04-26 23:19:16.669 [info] > git rev-parse --show-toplevel [764ms]
2025-04-26 23:19:16.669 [info] fatal: not a git repository (or any parent up to mount point /)
Stopping at filesystem boundary (GIT_DISCOVERY_ACROSS_FILESYSTEM not set).
2025-04-26 23:19:16.767 [info] > git rev-parse --show-toplevel [9ms]
2025-04-26 23:19:16.767 [info] fatal: not a git repository (or any parent up to mount point /)
Stopping at filesystem boundary (GIT_DISCOVERY_ACROSS_FILESYSTEM not set).
2025-04-26 23:19:16.782 [info] > git rev-parse --show-toplevel [6ms]
2025-04-26 23:19:16.782 [info] fatal: not a git repository (or any parent up to mount point /)
Stopping at filesystem boundary (GIT_DISCOVERY_ACROSS_FILESYSTEM not set).
2025-04-26 23:19:16.811 [info] > git rev-parse --show-toplevel [8ms]
2025-04-26 23:19:16.812 [info] fatal: not a git repository (or any parent up to mount point /)
Stopping at filesystem boundary (GIT_DISCOVERY_ACROSS_FILESYSTEM not set).
2025-04-26 23:19:16.866 [info] > git rev-parse --show-toplevel [34ms]
2025-04-26 23:19:16.866 [info] fatal: not a git repository (or any parent up to mount point /)
Stopping at filesystem boundary (GIT_DISCOVERY_ACROSS_FILESYSTEM not set).
2025-04-26 23:19:16.895 [info] > git rev-parse --show-toplevel [7ms]
2025-04-26 23:19:16.895 [info] fatal: not a git repository (or any parent up to mount point /)
Stopping at filesystem boundary (GIT_DISCOVERY_ACROSS_FILESYSTEM not set).
2025-04-26 23:19:16.915 [info] > git rev-parse --show-toplevel [4ms]
2025-04-26 23:19:16.915 [info] fatal: not a git repository (or any parent up to mount point /)
Stopping at filesystem boundary (GIT_DISCOVERY_ACROSS_FILESYSTEM not set).
2025-04-26 23:19:16.926 [info] > git rev-parse --show-toplevel [1ms]
2025-04-26 23:19:16.926 [info] fatal: not a git repository (or any parent up to mount point /)
Stopping at filesystem boundary (GIT_DISCOVERY_ACROSS_FILESYSTEM not set).
2025-04-26 23:19:16.948 [info] > git rev-parse --show-toplevel [8ms]
2025-04-26 23:19:16.948 [info] fatal: not a git repository (or any parent up to mount point /)
Stopping at filesystem boundary (GIT_DISCOVERY_ACROSS_FILESYSTEM not set).
2025-04-26 23:19:16.964 [info] > git rev-parse --show-toplevel [0ms]
2025-04-26 23:19:16.964 [info] fatal: not a git repository (or any parent up to mount point /)
Stopping at filesystem boundary (GIT_DISCOVERY_ACROSS_FILESYSTEM not set).
2025-04-26 23:19:16.982 [info] > git rev-parse --show-toplevel [6ms]
2025-04-26 23:19:16.982 [info] fatal: not a git repository (or any parent up to mount point /)
Stopping at filesystem boundary (GIT_DISCOVERY_ACROSS_FILESYSTEM not set).
2025-04-26 23:19:17.044 [info] > git rev-parse --show-toplevel [23ms]
2025-04-26 23:19:17.044 [info] fatal: not a git repository (or any parent up to mount point /)
Stopping at filesystem boundary (GIT_DISCOVERY_ACROSS_FILESYSTEM not set).
2025-04-26 23:19:17.066 [info] > git rev-parse --show-toplevel [5ms]
2025-04-26 23:19:17.066 [info] fatal: not a git repository (or any parent up to mount point /)
Stopping at filesystem boundary (GIT_DISCOVERY_ACROSS_FILESYSTEM not set).
2025-04-26 23:19:17.103 [info] > git rev-parse --show-toplevel [12ms]
2025-04-26 23:19:17.103 [info] fatal: not a git repository (or any parent up to mount point /)
Stopping at filesystem boundary (GIT_DISCOVERY_ACROSS_FILESYSTEM not set).
2025-04-26 23:19:17.129 [info] > git rev-parse --show-toplevel [8ms]
2025-04-26 23:19:17.129 [info] fatal: not a git repository (or any parent up to mount point /)
Stopping at filesystem boundary (GIT_DISCOVERY_ACROSS_FILESYSTEM not set).
2025-04-26 23:19:17.151 [info] > git rev-parse --show-toplevel [8ms]
2025-04-26 23:19:17.151 [info] fatal: not a git repository (or any parent up to mount point /)
Stopping at filesystem boundary (GIT_DISCOVERY_ACROSS_FILESYSTEM not set).
2025-04-26 23:19:17.172 [info] > git rev-parse --show-toplevel [1ms]
2025-04-26 23:19:17.172 [info] fatal: not a git repository (or any parent up to mount point /)
Stopping at filesystem boundary (GIT_DISCOVERY_ACROSS_FILESYSTEM not set).
2025-04-26 23:19:17.183 [info] > git rev-parse --show-toplevel [3ms]
2025-04-26 23:19:17.183 [info] fatal: not a git repository (or any parent up to mount point /)
Stopping at filesystem boundary (GIT_DISCOVERY_ACROSS_FILESYSTEM not set).
2025-04-26 23:19:17.202 [info] > git rev-parse --show-toplevel [4ms]
2025-04-26 23:19:17.202 [info] fatal: not a git repository (or any parent up to mount point /)
Stopping at filesystem boundary (GIT_DISCOVERY_ACROSS_FILESYSTEM not set).
2025-04-26 23:19:17.230 [info] > git rev-parse --show-toplevel [6ms]
2025-04-26 23:19:17.230 [info] fatal: not a git repository (or any parent up to mount point /)
Stopping at filesystem boundary (GIT_DISCOVERY_ACROSS_FILESYSTEM not set).
2025-04-26 23:19:17.231 [info] [Model][doInitialScan] Initial repository scan completed - repositories (0), closed repositories (0), parent repositories (0), unsafe repositories (0)
2025-04-26 23:19:17.553 [info] > git rev-parse --show-toplevel [2ms]
2025-04-26 23:19:17.553 [info] fatal: not a git repository (or any parent up to mount point /)
Stopping at filesystem boundary (GIT_DISCOVERY_ACROSS_FILESYSTEM not set).
2025-04-26 23:19:18.365 [info] > git rev-parse --show-toplevel [3ms]
2025-04-26 23:19:18.365 [info] fatal: not a git repository (or any parent up to mount point /)
Stopping at filesystem boundary (GIT_DISCOVERY_ACROSS_FILESYSTEM not set).
2025-04-26 23:22:29.226 [info] > git rev-parse --show-toplevel [15ms]
2025-04-26 23:22:29.227 [info] fatal: not a git repository (or any parent up to mount point /)
Stopping at filesystem boundary (GIT_DISCOVERY_ACROSS_FILESYSTEM not set).
2025-04-26 23:24:41.590 [info] > git rev-parse --show-toplevel [9ms]
2025-04-26 23:24:41.590 [info] fatal: not a git repository (or any parent up to mount point /)
Stopping at filesystem boundary (GIT_DISCOVERY_ACROSS_FILESYSTEM not set).
2025-04-26 23:24:48.954 [info] > git rev-parse --show-toplevel [17ms]
2025-04-26 23:24:48.954 [info] fatal: not a git repository (or any parent up to mount point /)
Stopping at filesystem boundary (GIT_DISCOVERY_ACROSS_FILESYSTEM not set).
