2025-04-26 17:49:12.723 [info] Extension host with pid 1708 started
2025-04-26 17:49:12.723 [info] Skipping acquiring lock for /home/miles/.config/VSCodium/User/workspaceStorage/f86ec7f3998cd342ade45682e90f4fb9.
2025-04-26 17:49:15.551 [info] ExtensionService#_doActivateExtension vscode.emmet, startup: false, activationEvent: 'onLanguage'
2025-04-26 17:49:15.825 [info] ExtensionService#_doActivateExtension vscode.configuration-editing, startup: false, activationEvent: 'onLanguage:jsonc'
2025-04-26 17:49:15.971 [info] ExtensionService#_doActivateExtension vscode.json-language-features, startup: false, activationEvent: 'onLanguage:jsonc'
2025-04-26 17:49:16.733 [info] ExtensionService#_doActivateExtension vscode.typescript-language-features, startup: false, activationEvent: 'onLanguage:jsonc'
2025-04-26 17:49:17.829 [info] ExtensionService#_doActivateExtension vscode.git-base, startup: true, activationEvent: '*', root cause: vscode.git
2025-04-26 17:49:18.680 [info] ExtensionService#_doActivateExtension vscode.git, startup: true, activationEvent: '*'
2025-04-26 17:49:19.208 [info] ExtensionService#_doActivateExtension vscode.github, startup: true, activationEvent: '*'
2025-04-26 17:49:20.953 [info] Eager extensions activated
2025-04-26 17:49:21.394 [info] ExtensionService#_doActivateExtension vscode.debug-auto-launch, startup: false, activationEvent: 'onStartupFinished'
2025-04-26 17:49:21.420 [info] ExtensionService#_doActivateExtension vscode.merge-conflict, startup: false, activationEvent: 'onStartupFinished'
2025-04-26 17:49:21.573 [info] ExtensionService#_doActivateExtension Catppuccin.catppuccin-vsc, startup: false, activationEvent: 'onStartupFinished'
2025-04-26 17:49:21.617 [info] ExtensionService#_doActivateExtension Catppuccin.catppuccin-vsc-icons, startup: false, activationEvent: 'onStartupFinished'
2025-04-26 17:49:22.396 [info] ExtensionService#_doActivateExtension LeonardSSH.vscord, startup: false, activationEvent: 'onStartupFinished'
2025-04-26 21:49:57.740 [error] RPC_UNKNOWN_ERROR: Request has been terminated
Possible causes: the network is offline, Origin is not allowed by Access-Control-Allow-Origin, the page is being unloaded, etc.
    at Ss.setActivity (/home/miles/.vscode-oss/extensions/leonardssh.vscord-5.2.13-universal/node_modules/.pnpm/@xhayper+discord-rpc@1.1.2/node_modules/@xhayper/discord-rpc/dist/structures/ClientUser.js:223:35)
    at pn.sendActivity (/home/miles/.vscode-oss/extensions/leonardssh.vscord-5.2.13-universal/src/controller.ts:202:34)
    at Timeout._onTimeout (/home/miles/.vscode-oss/extensions/leonardssh.vscord-5.2.13-universal/src/controller.ts:172:25)
2025-04-26 21:55:06.160 [error] RPC_UNKNOWN_ERROR: Request has been terminated
Possible causes: the network is offline, Origin is not allowed by Access-Control-Allow-Origin, the page is being unloaded, etc.
    at Ss.setActivity (/home/miles/.vscode-oss/extensions/leonardssh.vscord-5.2.13-universal/node_modules/.pnpm/@xhayper+discord-rpc@1.1.2/node_modules/@xhayper/discord-rpc/dist/structures/ClientUser.js:223:35)
    at pn.sendActivity (/home/miles/.vscode-oss/extensions/leonardssh.vscord-5.2.13-universal/src/controller.ts:202:34)
2025-04-26 21:55:06.162 [error] RPC_UNKNOWN_ERROR: Request has been terminated
Possible causes: the network is offline, Origin is not allowed by Access-Control-Allow-Origin, the page is being unloaded, etc.
    at Ss.setActivity (/home/miles/.vscode-oss/extensions/leonardssh.vscord-5.2.13-universal/node_modules/.pnpm/@xhayper+discord-rpc@1.1.2/node_modules/@xhayper/discord-rpc/dist/structures/ClientUser.js:223:35)
    at pn.sendActivity (/home/miles/.vscode-oss/extensions/leonardssh.vscord-5.2.13-universal/src/controller.ts:202:34)
2025-04-26 21:57:16.594 [error] RPC_UNKNOWN_ERROR: Request has been terminated
Possible causes: the network is offline, Origin is not allowed by Access-Control-Allow-Origin, the page is being unloaded, etc.
    at Ss.setActivity (/home/miles/.vscode-oss/extensions/leonardssh.vscord-5.2.13-universal/node_modules/.pnpm/@xhayper+discord-rpc@1.1.2/node_modules/@xhayper/discord-rpc/dist/structures/ClientUser.js:223:35)
    at pn.sendActivity (/home/miles/.vscode-oss/extensions/leonardssh.vscord-5.2.13-universal/src/controller.ts:202:34)
2025-04-26 21:57:16.600 [error] RPC_UNKNOWN_ERROR: Request has been terminated
Possible causes: the network is offline, Origin is not allowed by Access-Control-Allow-Origin, the page is being unloaded, etc.
    at Ss.setActivity (/home/miles/.vscode-oss/extensions/leonardssh.vscord-5.2.13-universal/node_modules/.pnpm/@xhayper+discord-rpc@1.1.2/node_modules/@xhayper/discord-rpc/dist/structures/ClientUser.js:223:35)
    at pn.sendActivity (/home/miles/.vscode-oss/extensions/leonardssh.vscord-5.2.13-universal/src/controller.ts:202:34)
2025-04-26 21:57:16.602 [error] RPC_UNKNOWN_ERROR: Request has been terminated
Possible causes: the network is offline, Origin is not allowed by Access-Control-Allow-Origin, the page is being unloaded, etc.
    at Ss.setActivity (/home/miles/.vscode-oss/extensions/leonardssh.vscord-5.2.13-universal/node_modules/.pnpm/@xhayper+discord-rpc@1.1.2/node_modules/@xhayper/discord-rpc/dist/structures/ClientUser.js:223:35)
    at pn.sendActivity (/home/miles/.vscode-oss/extensions/leonardssh.vscord-5.2.13-universal/src/controller.ts:202:34)
2025-04-26 21:57:16.604 [error] RPC_UNKNOWN_ERROR: Request has been terminated
Possible causes: the network is offline, Origin is not allowed by Access-Control-Allow-Origin, the page is being unloaded, etc.
    at Ss.setActivity (/home/miles/.vscode-oss/extensions/leonardssh.vscord-5.2.13-universal/node_modules/.pnpm/@xhayper+discord-rpc@1.1.2/node_modules/@xhayper/discord-rpc/dist/structures/ClientUser.js:223:35)
    at pn.sendActivity (/home/miles/.vscode-oss/extensions/leonardssh.vscord-5.2.13-universal/src/controller.ts:202:34)
2025-04-26 21:57:16.607 [error] RPC_UNKNOWN_ERROR: Request has been terminated
Possible causes: the network is offline, Origin is not allowed by Access-Control-Allow-Origin, the page is being unloaded, etc.
    at Ss.setActivity (/home/miles/.vscode-oss/extensions/leonardssh.vscord-5.2.13-universal/node_modules/.pnpm/@xhayper+discord-rpc@1.1.2/node_modules/@xhayper/discord-rpc/dist/structures/ClientUser.js:223:35)
    at pn.sendActivity (/home/miles/.vscode-oss/extensions/leonardssh.vscord-5.2.13-universal/src/controller.ts:202:34)
2025-04-26 23:15:44.436 [info] Extension host terminating: renderer closed the MessagePort
2025-04-26 23:15:44.716 [error] Error: Channel has been closed
    at s (file:///usr/share/vscodium/resources/app/out/vs/workbench/api/node/extensionHostProcess.js:117:3260)
    at Object.appendLine (file:///usr/share/vscodium/resources/app/out/vs/workbench/api/node/extensionHostProcess.js:117:3399)
    at R.logOutputMessage (/usr/share/vscodium/resources/app/extensions/json-language-features/client/dist/node/jsonClientMain.js:2:290740)
    at R.info (/usr/share/vscodium/resources/app/extensions/json-language-features/client/dist/node/jsonClientMain.js:2:290473)
    at ChildProcess.<anonymous> (/usr/share/vscodium/resources/app/extensions/json-language-features/client/dist/node/jsonClientMain.js:2:514746)
    at ChildProcess.emit (node:events:518:28)
    at Process.ChildProcess._handle.onexit (node:internal/child_process:293:12)
2025-04-26 23:15:44.745 [info] Extension host with pid 1708 exiting with code 0
