2025-04-29 12:16:29.163 [info] [main] Log level: Info
2025-04-29 12:16:29.163 [info] [main] Validating found git in: "git"
2025-04-29 12:16:29.163 [info] [main] Using git "2.49.0" from "git"
2025-04-29 12:16:29.163 [info] [Model][doInitialScan] Initial repository scan started
2025-04-29 12:16:29.163 [info] > git rev-parse --show-toplevel [19ms]
2025-04-29 12:16:29.163 [info] > git rev-parse --git-dir --git-common-dir [23ms]
2025-04-29 12:16:29.163 [info] [Model][openRepository] Opened repository: /home/miles/.config
2025-04-29 12:16:29.182 [info] > git rev-parse --show-toplevel [151ms]
2025-04-29 12:16:29.184 [info] > git config --get commit.template [165ms]
2025-04-29 12:16:29.291 [info] [Git][getRemotes] No remotes found in the git config file
2025-04-29 12:16:29.299 [info] > git for-each-ref --format=%(refname)%00%(upstream:short)%00%(objectname)%00%(upstream:track)%00%(upstream:remotename)%00%(upstream:remoteref) refs/heads/main refs/remotes/main [13ms]
2025-04-29 12:16:29.362 [info] > git for-each-ref --sort -committerdate --format %(refname)%00%(objectname)%00%(*objectname) [15ms]
2025-04-29 12:16:29.434 [info] > git rev-parse --show-toplevel [12ms]
2025-04-29 12:16:29.483 [info] > git rev-parse --show-toplevel [12ms]
2025-04-29 12:16:29.520 [info] > git rev-parse --show-toplevel [6ms]
2025-04-29 12:16:29.536 [info] > git rev-parse --show-toplevel [1ms]
2025-04-29 12:16:29.580 [info] > git rev-parse --show-toplevel [6ms]
2025-04-29 12:16:29.599 [info] > git rev-parse --show-toplevel [9ms]
2025-04-29 12:16:29.640 [info] > git rev-parse --show-toplevel [8ms]
2025-04-29 12:16:29.712 [info] > git rev-parse --show-toplevel [40ms]
2025-04-29 12:16:29.745 [info] > git check-ignore -v -z --stdin [53ms]
2025-04-29 12:16:29.753 [info] > git rev-parse --show-toplevel [18ms]
2025-04-29 12:16:29.786 [info] > git rev-parse --show-toplevel [4ms]
2025-04-29 12:16:29.829 [info] > git rev-parse --show-toplevel [7ms]
2025-04-29 12:16:29.865 [info] > git rev-parse --show-toplevel [14ms]
2025-04-29 12:16:29.918 [info] > git rev-parse --show-toplevel [18ms]
2025-04-29 12:16:29.951 [info] > git rev-parse --show-toplevel [2ms]
2025-04-29 12:16:30.020 [info] > git rev-parse --show-toplevel [24ms]
2025-04-29 12:16:30.038 [info] > git rev-parse --show-toplevel [3ms]
2025-04-29 12:16:30.075 [info] > git rev-parse --show-toplevel [3ms]
2025-04-29 12:16:30.097 [info] > git rev-parse --show-toplevel [11ms]
2025-04-29 12:16:30.132 [info] > git rev-parse --show-toplevel [3ms]
2025-04-29 12:16:30.173 [info] > git rev-parse --show-toplevel [4ms]
2025-04-29 12:16:30.210 [info] > git status -z -uall [885ms]
2025-04-29 12:16:30.210 [info] > git rev-parse --show-toplevel [15ms]
2025-04-29 12:16:30.213 [info] [Model][doInitialScan] Initial repository scan completed - repositories (1), closed repositories (0), parent repositories (0), unsafe repositories (0)
2025-04-29 12:16:31.778 [info] > git show --textconv :hypr/configs/binds.conf [1548ms]
2025-04-29 12:16:31.778 [info] > git for-each-ref --format=%(refname)%00%(upstream:short)%00%(objectname)%00%(upstream:track)%00%(upstream:remotename)%00%(upstream:remoteref) refs/heads/main refs/remotes/main [1205ms]
2025-04-29 12:16:31.786 [info] > git ls-files --stage -- hypr/configs/binds.conf [1531ms]
2025-04-29 12:16:31.932 [info] > git hash-object -t tree /dev/null [97ms]
2025-04-29 12:16:31.933 [warning] [GitFileSystemProvider][readFile] File not found - git:/home/miles/.config/hypr/configs/binds.conf.git?%7B%22path%22%3A%22%2Fhome%2Fmiles%2F.config%2Fhypr%2Fconfigs%2Fbinds.conf%22%2C%22ref%22%3A%22%22%7D
2025-04-29 12:16:31.935 [info] > git hash-object -t tree /dev/null [122ms]
2025-04-29 12:16:31.935 [warning] [GitFileSystemProvider][stat] File not found - git:/home/miles/.config/hypr/configs/binds.conf.git?%7B%22path%22%3A%22%2Fhome%2Fmiles%2F.config%2Fhypr%2Fconfigs%2Fbinds.conf%22%2C%22ref%22%3A%22%22%7D
2025-04-29 12:16:31.936 [info] > git config --get --local branch.main.vscode-merge-base [149ms]
2025-04-29 12:16:31.936 [warning] [Git][config] git config failed: Failed to execute git
2025-04-29 12:16:31.954 [info] > git config --get commit.template [176ms]
2025-04-29 12:16:31.982 [info] [Git][getRemotes] No remotes found in the git config file
2025-04-29 12:16:31.985 [info] > git reflog main --grep-reflog=branch: Created from *. [32ms]
2025-04-29 12:16:31.993 [info] > git for-each-ref --format=%(refname)%00%(upstream:short)%00%(objectname)%00%(upstream:track)%00%(upstream:remotename)%00%(upstream:remoteref) refs/heads/main refs/remotes/main [12ms]
2025-04-29 12:16:32.037 [info] > git for-each-ref --sort -committerdate --format %(refname)%00%(objectname)%00%(*objectname) [5ms]
2025-04-29 12:16:32.083 [info] > git blame --root --incremental fa8ebc976c45a35de7621b3d4c43b7b49fb8199f -- hypr/configs/binds.conf [7ms]
2025-04-29 12:16:32.083 [info] fatal: no such path hypr/configs/binds.conf in fa8ebc976c45a35de7621b3d4c43b7b49fb8199f
2025-04-29 12:16:32.366 [info] > git status -z -uall [354ms]
2025-04-29 12:16:34.282 [info] [Git][getRemotes] No remotes found in the git config file
2025-04-29 12:16:34.283 [info] > git config --get commit.template [28ms]
2025-04-29 12:16:34.285 [info] > git for-each-ref --format=%(refname)%00%(upstream:short)%00%(objectname)%00%(upstream:track)%00%(upstream:remotename)%00%(upstream:remoteref) refs/heads/main refs/remotes/main [4ms]
2025-04-29 12:16:34.332 [info] > git for-each-ref --sort -committerdate --format %(refname)%00%(objectname)%00%(*objectname) [4ms]
2025-04-29 12:16:34.999 [info] > git status -z -uall [699ms]
2025-04-29 12:16:37.356 [info] > git check-ignore -v -z --stdin [5ms]
2025-04-29 12:16:40.150 [info] [Git][getRemotes] No remotes found in the git config file
2025-04-29 12:16:40.153 [info] > git config --get commit.template [19ms]
2025-04-29 12:16:40.154 [info] > git for-each-ref --format=%(refname)%00%(upstream:short)%00%(objectname)%00%(upstream:track)%00%(upstream:remotename)%00%(upstream:remoteref) refs/heads/main refs/remotes/main [6ms]
2025-04-29 12:16:40.206 [info] > git for-each-ref --sort -committerdate --format %(refname)%00%(objectname)%00%(*objectname) [2ms]
2025-04-29 12:16:40.564 [info] > git status -z -uall [391ms]
2025-04-29 12:16:41.290 [info] > git log --format=%H%n%aN%n%aE%n%at%n%ct%n%P%n%D%n%B -z --shortstat --diff-merges=first-parent -n50 --skip=0 --topo-order --decorate=full --stdin [7366ms]
2025-04-29 12:16:45.655 [info] [Git][getRemotes] No remotes found in the git config file
2025-04-29 12:16:45.656 [info] > git config --get commit.template [17ms]
2025-04-29 12:16:45.656 [info] > git for-each-ref --format=%(refname)%00%(upstream:short)%00%(objectname)%00%(upstream:track)%00%(upstream:remotename)%00%(upstream:remoteref) refs/heads/main refs/remotes/main [2ms]
2025-04-29 12:16:45.705 [info] > git for-each-ref --sort -committerdate --format %(refname)%00%(objectname)%00%(*objectname) [9ms]
2025-04-29 12:16:46.110 [info] > git status -z -uall [439ms]
2025-04-29 12:16:47.914 [info] > git log --format=%H%n%aN%n%aE%n%at%n%ct%n%P%n%D%n%B -z --shortstat --diff-merges=first-parent -n50 --skip=0 --topo-order --decorate=full --stdin [6410ms]
2025-04-29 12:17:00.475 [info] > git check-ignore -v -z --stdin [14ms]
2025-04-29 12:17:02.186 [info] > git check-ignore -v -z --stdin [19ms]
2025-04-29 12:17:03.425 [info] > git add -A -- . [6916ms]
2025-04-29 12:17:03.529 [info] > git -c user.useConfigOnly=true commit --quiet [93ms]
2025-04-29 12:17:03.529 [info] Author identity unknown

*** Please tell me who you are.

Run

  git config --global user.email "you@example.com"
  git config --global user.name "Your Name"

to set your account's default identity.
Omit --global to set the identity only in this repository.

fatal: no email was given and auto-detection is disabled
2025-04-29 12:17:03.544 [info] > git config --get-all user.name [7ms]
2025-04-29 12:17:03.583 [info] [Git][getRemotes] No remotes found in the git config file
2025-04-29 12:17:03.584 [info] > git config --get commit.template [15ms]
2025-04-29 12:17:03.585 [info] > git for-each-ref --format=%(refname)%00%(upstream:short)%00%(objectname)%00%(upstream:track)%00%(upstream:remotename)%00%(upstream:remoteref) refs/heads/main refs/remotes/main [2ms]
2025-04-29 12:17:03.635 [info] > git for-each-ref --sort -committerdate --format %(refname)%00%(objectname)%00%(*objectname) [3ms]
2025-04-29 12:17:03.666 [info] > git status -z -uall [66ms]
2025-04-29 12:17:04.843 [info] > git config --get commit.template [1059ms]
2025-04-29 12:17:04.861 [info] [Git][getRemotes] No remotes found in the git config file
2025-04-29 12:17:04.864 [info] > git for-each-ref --format=%(refname)%00%(upstream:short)%00%(objectname)%00%(upstream:track)%00%(upstream:remotename)%00%(upstream:remoteref) refs/heads/main refs/remotes/main [3ms]
2025-04-29 12:17:04.905 [info] > git for-each-ref --sort -committerdate --format %(refname)%00%(objectname)%00%(*objectname) [5ms]
2025-04-29 12:17:04.947 [info] > git status -z -uall [68ms]
2025-04-29 12:17:05.955 [info] > git check-ignore -v -z --stdin [39ms]
2025-04-29 12:17:06.214 [info] > git show --textconv :hypr/configs/binds.conf [45ms]
2025-04-29 12:17:06.214 [info] > git show --textconv HEAD:hypr/configs/binds.conf [31ms]
2025-04-29 12:17:06.214 [info] > git ls-files --stage -- hypr/configs/binds.conf [16ms]
2025-04-29 12:17:06.223 [warning] [GitFileSystemProvider][readFile] File not found - git:/home/miles/.config/hypr/configs/binds.conf.git?%7B%22path%22%3A%22%2Fhome%2Fmiles%2F.config%2Fhypr%2Fconfigs%2Fbinds.conf%22%2C%22ref%22%3A%22HEAD%22%7D
2025-04-29 12:17:06.231 [info] > git cat-file -s 471a04d8ed60a159eca6801ffae4a38f4f8264b0 [11ms]
2025-04-29 12:17:06.232 [info] > git ls-tree -l HEAD -- hypr/configs/binds.conf [21ms]
2025-04-29 12:17:06.233 [warning] [GitFileSystemProvider][stat] File not found - git:/home/miles/.config/hypr/configs/binds.conf.git?%7B%22path%22%3A%22%2Fhome%2Fmiles%2F.config%2Fhypr%2Fconfigs%2Fbinds.conf%22%2C%22ref%22%3A%22HEAD%22%7D
2025-04-29 12:17:06.265 [info] > git ls-files --stage -- hypr/configs/binds.conf [6ms]
2025-04-29 12:17:06.285 [info] > git cat-file -s 471a04d8ed60a159eca6801ffae4a38f4f8264b0 [5ms]
2025-04-29 12:17:18.610 [info] [Git][getRemotes] No remotes found in the git config file
2025-04-29 12:17:18.627 [info] > git config --get commit.template [63ms]
2025-04-29 12:17:18.640 [info] > git for-each-ref --format=%(refname)%00%(upstream:short)%00%(objectname)%00%(upstream:track)%00%(upstream:remotename)%00%(upstream:remoteref) refs/heads/main refs/remotes/main [33ms]
2025-04-29 12:17:18.708 [info] > git for-each-ref --sort -committerdate --format %(refname)%00%(objectname)%00%(*objectname) [3ms]
2025-04-29 12:17:18.766 [info] > git status -z -uall [93ms]
2025-04-29 12:17:23.908 [info] [Git][getRemotes] No remotes found in the git config file
2025-04-29 12:17:23.912 [info] > git config --get commit.template [21ms]
2025-04-29 12:17:23.915 [info] > git for-each-ref --format=%(refname)%00%(upstream:short)%00%(objectname)%00%(upstream:track)%00%(upstream:remotename)%00%(upstream:remoteref) refs/heads/main refs/remotes/main [7ms]
2025-04-29 12:17:23.963 [info] > git for-each-ref --sort -committerdate --format %(refname)%00%(objectname)%00%(*objectname) [9ms]
2025-04-29 12:17:24.030 [info] > git status -z -uall [98ms]
2025-04-29 12:17:29.120 [info] [Git][getRemotes] No remotes found in the git config file
2025-04-29 12:17:29.121 [info] > git config --get commit.template [13ms]
2025-04-29 12:17:29.122 [info] > git for-each-ref --format=%(refname)%00%(upstream:short)%00%(objectname)%00%(upstream:track)%00%(upstream:remotename)%00%(upstream:remoteref) refs/heads/main refs/remotes/main [2ms]
2025-04-29 12:17:29.175 [info] > git for-each-ref --sort -committerdate --format %(refname)%00%(objectname)%00%(*objectname) [12ms]
2025-04-29 12:17:29.205 [info] > git status -z -uall [75ms]
2025-04-29 12:17:30.524 [info] > git -c user.useConfigOnly=true commit --quiet [34ms]
2025-04-29 12:17:30.525 [info] Author identity unknown

*** Please tell me who you are.

Run

  git config --global user.email "you@example.com"
  git config --global user.name "Your Name"

to set your account's default identity.
Omit --global to set the identity only in this repository.

fatal: no email was given and auto-detection is disabled
2025-04-29 12:17:30.546 [info] > git config --get-all user.name [3ms]
2025-04-29 12:17:30.578 [info] [Git][getRemotes] No remotes found in the git config file
2025-04-29 12:17:30.579 [info] > git config --get commit.template [14ms]
2025-04-29 12:17:30.580 [info] > git for-each-ref --format=%(refname)%00%(upstream:short)%00%(objectname)%00%(upstream:track)%00%(upstream:remotename)%00%(upstream:remoteref) refs/heads/main refs/remotes/main [3ms]
2025-04-29 12:17:30.644 [info] > git for-each-ref --sort -committerdate --format %(refname)%00%(objectname)%00%(*objectname) [7ms]
2025-04-29 12:17:30.677 [info] > git status -z -uall [71ms]
2025-04-29 12:18:17.065 [info] [Git][getRemotes] No remotes found in the git config file
2025-04-29 12:18:17.071 [info] > git config --get commit.template [27ms]
2025-04-29 12:18:17.077 [info] > git for-each-ref --format=%(refname)%00%(upstream:short)%00%(objectname)%00%(upstream:track)%00%(upstream:remotename)%00%(upstream:remoteref) refs/heads/main refs/remotes/main [11ms]
2025-04-29 12:18:17.153 [info] > git for-each-ref --sort -committerdate --format %(refname)%00%(objectname)%00%(*objectname) [8ms]
2025-04-29 12:18:17.238 [info] > git status -z -uall [139ms]
2025-04-29 12:18:19.018 [info] > git -c user.useConfigOnly=true commit --quiet [37ms]
2025-04-29 12:18:19.019 [info] Author identity unknown

*** Please tell me who you are.

Run

  git config --global user.email "you@example.com"
  git config --global user.name "Your Name"

to set your account's default identity.
Omit --global to set the identity only in this repository.

fatal: no email was given and auto-detection is disabled
2025-04-29 12:18:19.045 [info] > git config --get-all user.name [4ms]
2025-04-29 12:18:19.070 [info] > git config --get commit.template [11ms]
2025-04-29 12:18:19.099 [info] [Git][getRemotes] No remotes found in the git config file
2025-04-29 12:18:19.101 [info] > git for-each-ref --format=%(refname)%00%(upstream:short)%00%(objectname)%00%(upstream:track)%00%(upstream:remotename)%00%(upstream:remoteref) refs/heads/main refs/remotes/main [2ms]
2025-04-29 12:18:19.155 [info] > git for-each-ref --sort -committerdate --format %(refname)%00%(objectname)%00%(*objectname) [2ms]
2025-04-29 12:18:19.202 [info] > git status -z -uall [80ms]
2025-04-29 12:19:50.111 [info] [Git][getRemotes] No remotes found in the git config file
2025-04-29 12:19:50.124 [info] > git config --get commit.template [43ms]
2025-04-29 12:19:50.136 [info] > git for-each-ref --format=%(refname)%00%(upstream:short)%00%(objectname)%00%(upstream:track)%00%(upstream:remotename)%00%(upstream:remoteref) refs/heads/main refs/remotes/main [26ms]
2025-04-29 12:19:50.254 [info] > git for-each-ref --sort -committerdate --format %(refname)%00%(objectname)%00%(*objectname) [42ms]
2025-04-29 12:19:50.310 [info] > git status -z -uall [133ms]
2025-04-29 12:19:53.602 [info] > git show --textconv :.git/COMMIT_EDITMSG [40ms]
2025-04-29 12:19:53.615 [warning] [GitFileSystemProvider][readFile] File not found - git:/home/miles/.config/.git/COMMIT_EDITMSG.git?%7B%22path%22%3A%22%2Fhome%2Fmiles%2F.config%2F.git%2FCOMMIT_EDITMSG%22%2C%22ref%22%3A%22%22%7D
2025-04-29 12:19:53.637 [info] > git ls-files --stage -- .git/COMMIT_EDITMSG [39ms]
2025-04-29 12:19:53.645 [warning] [GitFileSystemProvider][stat] File not found - git:/home/miles/.config/.git/COMMIT_EDITMSG.git?%7B%22path%22%3A%22%2Fhome%2Fmiles%2F.config%2F.git%2FCOMMIT_EDITMSG%22%2C%22ref%22%3A%22%22%7D
2025-04-29 12:19:53.868 [info] > git check-ignore -v -z --stdin [36ms]
2025-04-29 12:19:57.142 [info] > git -c user.useConfigOnly=true commit --quiet [4776ms]
2025-04-29 12:19:57.144 [info] Aborting commit due to empty commit message.
2025-04-29 12:19:57.191 [info] [Git][getRemotes] No remotes found in the git config file
2025-04-29 12:19:57.197 [info] > git config --get commit.template [36ms]
2025-04-29 12:19:57.198 [info] > git for-each-ref --format=%(refname)%00%(upstream:short)%00%(objectname)%00%(upstream:track)%00%(upstream:remotename)%00%(upstream:remoteref) refs/heads/main refs/remotes/main [9ms]
2025-04-29 12:19:57.251 [info] > git for-each-ref --sort -committerdate --format %(refname)%00%(objectname)%00%(*objectname) [9ms]
2025-04-29 12:19:57.321 [info] > git status -z -uall [106ms]
2025-04-29 12:19:57.448 [info] [Git][getRemotes] No remotes found in the git config file
2025-04-29 12:19:58.601 [info] > git for-each-ref --format=%(refname)%00%(upstream:short)%00%(objectname)%00%(upstream:track)%00%(upstream:remotename)%00%(upstream:remoteref) refs/heads/main refs/remotes/main [1153ms]
2025-04-29 12:19:58.602 [info] > git config --get commit.template [1175ms]
2025-04-29 12:19:58.700 [info] > git for-each-ref --sort -committerdate --format %(refname)%00%(objectname)%00%(*objectname) [48ms]
2025-04-29 12:19:58.723 [info] > git status -z -uall [93ms]
2025-04-29 12:19:59.757 [info] > git show --textconv :hypr/configs/binds.conf [84ms]
2025-04-29 12:19:59.759 [info] > git show --textconv HEAD:hypr/configs/binds.conf [66ms]
2025-04-29 12:19:59.760 [info] > git ls-tree -l HEAD -- hypr/configs/binds.conf [15ms]
2025-04-29 12:19:59.764 [warning] [GitFileSystemProvider][stat] File not found - git:/home/miles/.config/hypr/configs/binds.conf.git?%7B%22path%22%3A%22%2Fhome%2Fmiles%2F.config%2Fhypr%2Fconfigs%2Fbinds.conf%22%2C%22ref%22%3A%22HEAD%22%7D
2025-04-29 12:19:59.766 [info] > git ls-files --stage -- hypr/configs/binds.conf [61ms]
2025-04-29 12:19:59.789 [warning] [GitFileSystemProvider][readFile] File not found - git:/home/miles/.config/hypr/configs/binds.conf.git?%7B%22path%22%3A%22%2Fhome%2Fmiles%2F.config%2Fhypr%2Fconfigs%2Fbinds.conf%22%2C%22ref%22%3A%22HEAD%22%7D
2025-04-29 12:19:59.798 [info] > git cat-file -s 471a04d8ed60a159eca6801ffae4a38f4f8264b0 [11ms]
2025-04-29 12:20:03.868 [info] > git config --get commit.template [7ms]
2025-04-29 12:20:03.893 [info] [Git][getRemotes] No remotes found in the git config file
2025-04-29 12:20:03.901 [info] > git for-each-ref --format=%(refname)%00%(upstream:short)%00%(objectname)%00%(upstream:track)%00%(upstream:remotename)%00%(upstream:remoteref) refs/heads/main refs/remotes/main [9ms]
2025-04-29 12:20:03.956 [info] > git for-each-ref --sort -committerdate --format %(refname)%00%(objectname)%00%(*objectname) [4ms]
2025-04-29 12:20:04.026 [info] > git status -z -uall [109ms]
2025-04-29 12:20:09.153 [info] [Git][getRemotes] No remotes found in the git config file
2025-04-29 12:20:09.154 [info] > git config --get commit.template [32ms]
2025-04-29 12:20:09.155 [info] > git for-each-ref --format=%(refname)%00%(upstream:short)%00%(objectname)%00%(upstream:track)%00%(upstream:remotename)%00%(upstream:remoteref) refs/heads/main refs/remotes/main [2ms]
2025-04-29 12:20:09.223 [info] > git for-each-ref --sort -committerdate --format %(refname)%00%(objectname)%00%(*objectname) [14ms]
2025-04-29 12:20:09.261 [info] > git status -z -uall [89ms]
2025-04-29 12:20:14.380 [info] [Git][getRemotes] No remotes found in the git config file
2025-04-29 12:20:14.386 [info] > git config --get commit.template [25ms]
2025-04-29 12:20:14.391 [info] > git for-each-ref --format=%(refname)%00%(upstream:short)%00%(objectname)%00%(upstream:track)%00%(upstream:remotename)%00%(upstream:remoteref) refs/heads/main refs/remotes/main [11ms]
2025-04-29 12:20:14.456 [info] > git for-each-ref --sort -committerdate --format %(refname)%00%(objectname)%00%(*objectname) [21ms]
2025-04-29 12:20:14.499 [info] > git status -z -uall [91ms]
2025-04-29 12:20:19.603 [info] > git config --get commit.template [6ms]
2025-04-29 12:20:19.624 [info] [Git][getRemotes] No remotes found in the git config file
2025-04-29 12:20:19.637 [info] > git for-each-ref --format=%(refname)%00%(upstream:short)%00%(objectname)%00%(upstream:track)%00%(upstream:remotename)%00%(upstream:remoteref) refs/heads/main refs/remotes/main [14ms]
2025-04-29 12:20:19.710 [info] > git for-each-ref --sort -committerdate --format %(refname)%00%(objectname)%00%(*objectname) [10ms]
2025-04-29 12:20:19.760 [info] > git status -z -uall [100ms]
2025-04-29 12:20:24.911 [info] > git config --get commit.template [7ms]
2025-04-29 12:20:24.935 [info] [Git][getRemotes] No remotes found in the git config file
2025-04-29 12:20:24.946 [info] > git for-each-ref --format=%(refname)%00%(upstream:short)%00%(objectname)%00%(upstream:track)%00%(upstream:remotename)%00%(upstream:remoteref) refs/heads/main refs/remotes/main [12ms]
2025-04-29 12:20:25.007 [info] > git for-each-ref --sort -committerdate --format %(refname)%00%(objectname)%00%(*objectname) [14ms]
2025-04-29 12:20:25.062 [info] > git status -z -uall [99ms]
2025-04-29 12:20:30.174 [info] [Git][getRemotes] No remotes found in the git config file
2025-04-29 12:20:30.182 [info] > git for-each-ref --format=%(refname)%00%(upstream:short)%00%(objectname)%00%(upstream:track)%00%(upstream:remotename)%00%(upstream:remoteref) refs/heads/main refs/remotes/main [9ms]
2025-04-29 12:20:30.183 [info] > git config --get commit.template [20ms]
2025-04-29 12:20:30.258 [info] > git for-each-ref --sort -committerdate --format %(refname)%00%(objectname)%00%(*objectname) [12ms]
2025-04-29 12:20:30.315 [info] > git status -z -uall [109ms]
2025-04-29 12:20:35.421 [info] [Git][getRemotes] No remotes found in the git config file
2025-04-29 12:20:35.421 [info] > git config --get commit.template [19ms]
2025-04-29 12:20:35.423 [info] > git for-each-ref --format=%(refname)%00%(upstream:short)%00%(objectname)%00%(upstream:track)%00%(upstream:remotename)%00%(upstream:remoteref) refs/heads/main refs/remotes/main [3ms]
2025-04-29 12:20:35.487 [info] > git for-each-ref --sort -committerdate --format %(refname)%00%(objectname)%00%(*objectname) [16ms]
2025-04-29 12:20:35.553 [info] > git status -z -uall [109ms]
2025-04-29 12:20:40.656 [info] > git config --get commit.template [12ms]
2025-04-29 12:20:40.678 [info] [Git][getRemotes] No remotes found in the git config file
2025-04-29 12:20:40.686 [info] > git for-each-ref --format=%(refname)%00%(upstream:short)%00%(objectname)%00%(upstream:track)%00%(upstream:remotename)%00%(upstream:remoteref) refs/heads/main refs/remotes/main [8ms]
2025-04-29 12:20:40.739 [info] > git for-each-ref --sort -committerdate --format %(refname)%00%(objectname)%00%(*objectname) [13ms]
2025-04-29 12:20:40.775 [info] > git status -z -uall [69ms]
2025-04-29 12:20:45.876 [info] [Git][getRemotes] No remotes found in the git config file
2025-04-29 12:20:45.878 [info] > git config --get commit.template [15ms]
2025-04-29 12:20:45.881 [info] > git for-each-ref --format=%(refname)%00%(upstream:short)%00%(objectname)%00%(upstream:track)%00%(upstream:remotename)%00%(upstream:remoteref) refs/heads/main refs/remotes/main [4ms]
2025-04-29 12:20:45.951 [info] > git for-each-ref --sort -committerdate --format %(refname)%00%(objectname)%00%(*objectname) [18ms]
2025-04-29 12:20:45.999 [info] > git status -z -uall [95ms]
2025-04-29 12:20:51.106 [info] > git config --get commit.template [7ms]
2025-04-29 12:20:51.143 [info] [Git][getRemotes] No remotes found in the git config file
2025-04-29 12:20:51.145 [info] > git for-each-ref --format=%(refname)%00%(upstream:short)%00%(objectname)%00%(upstream:track)%00%(upstream:remotename)%00%(upstream:remoteref) refs/heads/main refs/remotes/main [13ms]
2025-04-29 12:20:51.205 [info] > git for-each-ref --sort -committerdate --format %(refname)%00%(objectname)%00%(*objectname) [6ms]
2025-04-29 12:20:51.244 [info] > git status -z -uall [77ms]
2025-04-29 12:20:56.376 [info] [Git][getRemotes] No remotes found in the git config file
2025-04-29 12:20:56.377 [info] > git config --get commit.template [31ms]
2025-04-29 12:20:56.379 [info] > git for-each-ref --format=%(refname)%00%(upstream:short)%00%(objectname)%00%(upstream:track)%00%(upstream:remotename)%00%(upstream:remoteref) refs/heads/main refs/remotes/main [3ms]
2025-04-29 12:20:56.429 [info] > git for-each-ref --sort -committerdate --format %(refname)%00%(objectname)%00%(*objectname) [2ms]
2025-04-29 12:20:56.478 [info] > git status -z -uall [82ms]
2025-04-29 12:21:01.581 [info] [Git][getRemotes] No remotes found in the git config file
2025-04-29 12:21:01.583 [info] > git config --get commit.template [20ms]
2025-04-29 12:21:01.592 [info] > git for-each-ref --format=%(refname)%00%(upstream:short)%00%(objectname)%00%(upstream:track)%00%(upstream:remotename)%00%(upstream:remoteref) refs/heads/main refs/remotes/main [11ms]
2025-04-29 12:21:01.664 [info] > git for-each-ref --sort -committerdate --format %(refname)%00%(objectname)%00%(*objectname) [12ms]
2025-04-29 12:21:01.710 [info] > git status -z -uall [96ms]
2025-04-29 12:21:06.814 [info] > git config --get commit.template [8ms]
2025-04-29 12:21:06.834 [info] [Git][getRemotes] No remotes found in the git config file
2025-04-29 12:21:06.843 [info] > git for-each-ref --format=%(refname)%00%(upstream:short)%00%(objectname)%00%(upstream:track)%00%(upstream:remotename)%00%(upstream:remoteref) refs/heads/main refs/remotes/main [8ms]
2025-04-29 12:21:06.905 [info] > git for-each-ref --sort -committerdate --format %(refname)%00%(objectname)%00%(*objectname) [9ms]
2025-04-29 12:21:06.949 [info] > git status -z -uall [84ms]
2025-04-29 12:21:12.059 [info] [Git][getRemotes] No remotes found in the git config file
2025-04-29 12:21:12.068 [info] > git for-each-ref --format=%(refname)%00%(upstream:short)%00%(objectname)%00%(upstream:track)%00%(upstream:remotename)%00%(upstream:remoteref) refs/heads/main refs/remotes/main [10ms]
2025-04-29 12:21:12.069 [info] > git config --get commit.template [25ms]
2025-04-29 12:21:12.129 [info] > git for-each-ref --sort -committerdate --format %(refname)%00%(objectname)%00%(*objectname) [18ms]
2025-04-29 12:21:12.192 [info] > git status -z -uall [98ms]
2025-04-29 12:21:17.302 [info] [Git][getRemotes] No remotes found in the git config file
2025-04-29 12:21:17.304 [info] > git config --get commit.template [31ms]
2025-04-29 12:21:17.305 [info] > git for-each-ref --format=%(refname)%00%(upstream:short)%00%(objectname)%00%(upstream:track)%00%(upstream:remotename)%00%(upstream:remoteref) refs/heads/main refs/remotes/main [3ms]
2025-04-29 12:21:17.362 [info] > git for-each-ref --sort -committerdate --format %(refname)%00%(objectname)%00%(*objectname) [5ms]
2025-04-29 12:21:17.453 [info] > git status -z -uall [120ms]
2025-04-29 12:21:19.904 [info] > git show --textconv :.git/COMMIT_EDITMSG [17ms]
2025-04-29 12:21:19.908 [warning] [GitFileSystemProvider][readFile] File not found - git:/home/miles/.config/.git/COMMIT_EDITMSG.git?%7B%22path%22%3A%22%2Fhome%2Fmiles%2F.config%2F.git%2FCOMMIT_EDITMSG%22%2C%22ref%22%3A%22%22%7D
2025-04-29 12:21:19.918 [info] > git ls-files --stage -- .git/COMMIT_EDITMSG [19ms]
2025-04-29 12:21:19.922 [warning] [GitFileSystemProvider][stat] File not found - git:/home/miles/.config/.git/COMMIT_EDITMSG.git?%7B%22path%22%3A%22%2Fhome%2Fmiles%2F.config%2F.git%2FCOMMIT_EDITMSG%22%2C%22ref%22%3A%22%22%7D
2025-04-29 12:21:25.991 [info] > git check-ignore -v -z --stdin [12ms]
2025-04-29 12:21:29.833 [info] > git -c user.useConfigOnly=true commit --quiet [11505ms]
2025-04-29 12:21:29.834 [info] Aborting commit due to empty commit message.
2025-04-29 12:21:29.860 [info] [Git][getRemotes] No remotes found in the git config file
2025-04-29 12:21:29.892 [info] > git config --get commit.template [42ms]
2025-04-29 12:21:29.893 [info] > git for-each-ref --format=%(refname)%00%(upstream:short)%00%(objectname)%00%(upstream:track)%00%(upstream:remotename)%00%(upstream:remoteref) refs/heads/main refs/remotes/main [4ms]
2025-04-29 12:21:29.949 [info] > git for-each-ref --sort -committerdate --format %(refname)%00%(objectname)%00%(*objectname) [5ms]
2025-04-29 12:21:30.031 [info] > git status -z -uall [126ms]
2025-04-29 12:21:30.131 [info] > git config --get commit.template [11ms]
2025-04-29 12:21:31.195 [info] [Git][getRemotes] No remotes found in the git config file
2025-04-29 12:21:31.198 [info] > git for-each-ref --format=%(refname)%00%(upstream:short)%00%(objectname)%00%(upstream:track)%00%(upstream:remotename)%00%(upstream:remoteref) refs/heads/main refs/remotes/main [1050ms]
2025-04-29 12:21:31.365 [info] > git status -z -uall [132ms]
2025-04-29 12:21:31.368 [info] > git for-each-ref --sort -committerdate --format %(refname)%00%(objectname)%00%(*objectname) [81ms]
2025-04-29 12:21:32.614 [info] > git check-ignore -v -z --stdin [226ms]
2025-04-29 12:21:32.621 [info] > git show --textconv :hypr/configs/binds.conf [206ms]
2025-04-29 12:21:32.624 [info] > git show --textconv HEAD:hypr/configs/binds.conf [179ms]
2025-04-29 12:21:32.626 [info] > git ls-tree -l HEAD -- hypr/configs/binds.conf [85ms]
2025-04-29 12:21:32.630 [warning] [GitFileSystemProvider][stat] File not found - git:/home/miles/.config/hypr/configs/binds.conf.git?%7B%22path%22%3A%22%2Fhome%2Fmiles%2F.config%2Fhypr%2Fconfigs%2Fbinds.conf%22%2C%22ref%22%3A%22HEAD%22%7D
2025-04-29 12:21:32.632 [info] > git ls-files --stage -- hypr/configs/binds.conf [155ms]
2025-04-29 12:21:32.649 [warning] [GitFileSystemProvider][readFile] File not found - git:/home/miles/.config/hypr/configs/binds.conf.git?%7B%22path%22%3A%22%2Fhome%2Fmiles%2F.config%2Fhypr%2Fconfigs%2Fbinds.conf%22%2C%22ref%22%3A%22HEAD%22%7D
2025-04-29 12:21:32.660 [info] > git cat-file -s 471a04d8ed60a159eca6801ffae4a38f4f8264b0 [12ms]
2025-04-29 12:21:34.805 [info] > git check-ignore -v -z --stdin [58ms]
2025-04-29 12:21:36.501 [info] > git config --get commit.template [2ms]
2025-04-29 12:21:36.518 [info] [Git][getRemotes] No remotes found in the git config file
2025-04-29 12:21:36.531 [info] > git for-each-ref --format=%(refname)%00%(upstream:short)%00%(objectname)%00%(upstream:track)%00%(upstream:remotename)%00%(upstream:remoteref) refs/heads/main refs/remotes/main [12ms]
2025-04-29 12:21:36.670 [info] > git for-each-ref --sort -committerdate --format %(refname)%00%(objectname)%00%(*objectname) [35ms]
2025-04-29 12:21:36.736 [info] > git status -z -uall [184ms]
2025-04-29 12:21:37.815 [info] > git check-ignore -v -z --stdin [69ms]
2025-04-29 12:21:40.981 [info] > git check-ignore -v -z --stdin [79ms]
2025-04-29 12:21:41.851 [info] [Git][getRemotes] No remotes found in the git config file
2025-04-29 12:21:41.853 [info] > git config --get commit.template [17ms]
2025-04-29 12:21:41.857 [info] > git for-each-ref --format=%(refname)%00%(upstream:short)%00%(objectname)%00%(upstream:track)%00%(upstream:remotename)%00%(upstream:remoteref) refs/heads/main refs/remotes/main [7ms]
2025-04-29 12:21:41.919 [info] > git for-each-ref --sort -committerdate --format %(refname)%00%(objectname)%00%(*objectname) [17ms]
2025-04-29 12:21:41.963 [info] > git status -z -uall [87ms]
2025-04-29 12:21:42.739 [info] > git check-ignore -v -z --stdin [7ms]
2025-04-29 12:21:47.074 [info] [Git][getRemotes] No remotes found in the git config file
2025-04-29 12:21:47.075 [info] > git config --get commit.template [13ms]
2025-04-29 12:21:47.076 [info] > git for-each-ref --format=%(refname)%00%(upstream:short)%00%(objectname)%00%(upstream:track)%00%(upstream:remotename)%00%(upstream:remoteref) refs/heads/main refs/remotes/main [3ms]
2025-04-29 12:21:47.153 [info] > git for-each-ref --sort -committerdate --format %(refname)%00%(objectname)%00%(*objectname) [18ms]
2025-04-29 12:21:47.178 [info] > git status -z -uall [72ms]
2025-04-29 12:21:49.844 [info] > git -c user.useConfigOnly=true commit --quiet --allow-empty-message --file - [55ms]
2025-04-29 12:21:49.867 [info] > git config --get commit.template [2ms]
2025-04-29 12:21:49.899 [info] [Git][getRemotes] No remotes found in the git config file
2025-04-29 12:21:49.902 [info] > git config --get commit.template [26ms]
2025-04-29 12:21:49.907 [info] > git for-each-ref --format=%(refname)%00%(upstream:short)%00%(objectname)%00%(upstream:track)%00%(upstream:remotename)%00%(upstream:remoteref) refs/heads/main refs/remotes/main [8ms]
2025-04-29 12:21:49.954 [info] > git for-each-ref --sort -committerdate --format %(refname)%00%(objectname)%00%(*objectname) [8ms]
2025-04-29 12:21:49.979 [info] > git status -z -uall [60ms]
2025-04-29 12:21:50.040 [info] > git blame --root --incremental e40d68237667a15e9f1cd758e83d1e2179ec1691 -- hypr/configs/binds.conf [19ms]
2025-04-29 12:21:50.355 [info] > git config --get commit.template [29ms]
2025-04-29 12:21:50.374 [info] [Git][getRemotes] No remotes found in the git config file
2025-04-29 12:21:50.376 [info] > git for-each-ref --format=%(refname)%00%(upstream:short)%00%(objectname)%00%(upstream:track)%00%(upstream:remotename)%00%(upstream:remoteref) refs/heads/main refs/remotes/main [2ms]
2025-04-29 12:21:50.429 [info] > git for-each-ref --sort -committerdate --format %(refname)%00%(objectname)%00%(*objectname) [5ms]
2025-04-29 12:21:50.509 [info] > git status -z -uall [112ms]
2025-04-29 12:21:50.873 [info] > git check-ignore -v -z --stdin [12ms]
2025-04-29 12:21:51.601 [info] > git ls-files --stage -- hypr/configs/binds.conf [12ms]
2025-04-29 12:21:51.625 [info] > git cat-file -s 471a04d8ed60a159eca6801ffae4a38f4f8264b0 [2ms]
2025-04-29 12:21:51.678 [info] > git show --textconv :hypr/configs/binds.conf [8ms]
2025-04-29 12:21:52.258 [info] > git config --get commit.template [10ms]
2025-04-29 12:21:52.282 [info] [Git][getRemotes] No remotes found in the git config file
2025-04-29 12:21:52.293 [info] > git for-each-ref --format=%(refname)%00%(upstream:short)%00%(objectname)%00%(upstream:track)%00%(upstream:remotename)%00%(upstream:remoteref) refs/heads/main refs/remotes/main [12ms]
2025-04-29 12:21:52.376 [info] > git for-each-ref --sort -committerdate --format %(refname)%00%(objectname)%00%(*objectname) [26ms]
2025-04-29 12:21:52.464 [info] > git status -z -uall [140ms]
2025-04-29 12:21:58.913 [info] [Git][getRemotes] No remotes found in the git config file
2025-04-29 12:21:58.917 [info] > git config --get commit.template [22ms]
2025-04-29 12:21:58.923 [info] > git for-each-ref --format=%(refname)%00%(upstream:short)%00%(objectname)%00%(upstream:track)%00%(upstream:remotename)%00%(upstream:remoteref) refs/heads/main refs/remotes/main [10ms]
2025-04-29 12:21:58.997 [info] > git for-each-ref --sort -committerdate --format %(refname)%00%(objectname)%00%(*objectname) [10ms]
2025-04-29 12:21:59.032 [info] > git status -z -uall [88ms]
2025-04-29 12:22:00.343 [info] > git log --format=%H%n%aN%n%aE%n%at%n%ct%n%P%n%D%n%B -z --shortstat --diff-merges=first-parent -n50 --skip=0 --topo-order --decorate=full --stdin [10139ms]
2025-04-29 12:22:22.595 [info] > git config --get commit.template [6ms]
2025-04-29 12:22:22.599 [info] [Git][getRemotes] No remotes found in the git config file
2025-04-29 12:22:22.626 [info] > git for-each-ref --format=%(refname)%00%(upstream:short)%00%(objectname)%00%(upstream:track)%00%(upstream:remotename)%00%(upstream:remoteref) refs/heads/main refs/remotes/main [5ms]
2025-04-29 12:22:22.686 [info] > git for-each-ref --sort -committerdate --format %(refname)%00%(objectname)%00%(*objectname) [10ms]
2025-04-29 12:22:22.721 [info] > git status -z -uall [74ms]
